#
# There is insufficient memory for the Java Runtime Environment to continue.
# Native memory allocation (malloc) failed to allocate 1387600 bytes. Error detail: Chunk::new
# Possible reasons:
#   The system is out of physical RAM or swap space
#   This process is running with CompressedOops enabled, and the Java Heap may be blocking the growth of the native heap
# Possible solutions:
#   Reduce memory load on the system
#   Increase physical memory or swap space
#   Check if swap backing store is full
#   Decrease Java heap size (-Xmx/-Xms)
#   Decrease number of Java threads
#   Decrease Java thread stack sizes (-Xss)
#   Set larger code cache with -XX:ReservedCodeCacheSize=
#   JVM is running with Unscaled Compressed Oops mode in which the Java heap is
#     placed in the first 4GB address space. The Java Heap base address is the
#     maximum limit for the native heap growth. Please use -XX:HeapBaseMinAddress
#     to set the Java Heap base and to place the Java Heap above 4GB virtual address.
# This output file may be truncated or incomplete.
#
#  Out of Memory Error (arena.cpp:191), pid=9084, tid=4784
#
# JRE version: OpenJDK Runtime Environment Temurin-17.0.12+7 (17.0.12+7) (build 17.0.12+7)
# Java VM: OpenJDK 64-Bit Server VM Temurin-17.0.12+7 (17.0.12+7, mixed mode, tiered, compressed oops, compressed class ptrs, parallel gc, windows-amd64)
# No core dump will be written. Minidumps are not enabled by default on client versions of Windows
#

---------------  S U M M A R Y ------------

Command Line: --add-modules=ALL-SYSTEM --add-opens=java.base/java.util=ALL-UNNAMED --add-opens=java.base/java.lang=ALL-UNNAMED --add-opens=java.base/sun.nio.fs=ALL-UNNAMED -Declipse.application=org.eclipse.jdt.ls.core.id1 -Dosgi.bundles.defaultStartLevel=4 -Declipse.product=org.eclipse.jdt.ls.core.product -Djava.import.generatesMetadataFilesAtProjectRoot=false -DDetectVMInstallationsJob.disabled=true -Dfile.encoding=utf8 -XX:+UseParallelGC -XX:GCTimeRatio=4 -XX:AdaptiveSizePolicyWeight=90 -Dsun.zip.disableMemoryMapping=true -Xmx1G -Xms100m -Xlog:disable -javaagent:c:\Users\Admin\.vscode\extensions\redhat.java-1.35.1-win32-x64\lombok\lombok-1.18.33.jar -XX:+HeapDumpOnOutOfMemoryError -XX:HeapDumpPath=c:\Users\Admin\AppData\Roaming\Code\User\workspaceStorage\374db62d7145672f06f6dc5f6e6bb613\redhat.java -Daether.dependencyCollector.impl=bf c:\Users\Admin\.vscode\extensions\redhat.java-1.35.1-win32-x64\server\plugins\org.eclipse.equinox.launcher_1.6.900.v20240613-2009.jar -configuration c:\Users\Admin\AppData\Roaming\Code\User\globalStorage\redhat.java\1.35.1\config_win -data c:\Users\Admin\AppData\Roaming\Code\User\workspaceStorage\374db62d7145672f06f6dc5f6e6bb613\redhat.java\jdt_ws --pipe=\\.\pipe\lsp-73c2c2dd75b2424f3bb0d68ae94e5925-sock

Host: 11th Gen Intel(R) Core(TM) i7-1165G7 @ 2.80GHz, 8 cores, 15G,  Windows 10 , 64 bit Build 19041 (10.0.19041.4842)
Time: Wed Oct 16 16:10:26 2024 Malay Peninsula Standard Time elapsed time: 8.237408 seconds (0d 0h 0m 8s)

---------------  T H R E A D  ---------------

Current thread (0x0000022cc8d8e990):  JavaThread "C2 CompilerThread1" daemon [_thread_in_native, id=4784, stack(0x000000c0c1f00000,0x000000c0c2000000)]


Current CompileTask:
C2:   8237 5704   !   4       java.nio.file.FileTreeWalker::visit (204 bytes)

Stack: [0x000000c0c1f00000,0x000000c0c2000000]
Native frames: (J=compiled Java code, j=interpreted, Vv=VM code, C=native code)
V  [jvm.dll+0x67f929]
V  [jvm.dll+0x8371ba]
V  [jvm.dll+0x838c7e]
V  [jvm.dll+0x8392e3]
V  [jvm.dll+0x24834f]
V  [jvm.dll+0xac9d4]
V  [jvm.dll+0xad01c]
V  [jvm.dll+0x3674a7]
V  [jvm.dll+0x1bd376]
V  [jvm.dll+0x21aa09]
V  [jvm.dll+0x219cf1]
V  [jvm.dll+0x1a58bd]
V  [jvm.dll+0x229a2d]
V  [jvm.dll+0x227bdc]
V  [jvm.dll+0x7ec1f7]
V  [jvm.dll+0x7e65dc]
V  [jvm.dll+0x67e7f7]
C  [ucrtbase.dll+0x21bb2]
C  [KERNEL32.DLL+0x17374]
C  [ntdll.dll+0x4cc91]


---------------  P R O C E S S  ---------------

Threads class SMR info:
_java_thread_list=0x0000022cc9b0c240, length=39, elements={
0x0000022cab08fe70, 0x0000022cab145160, 0x0000022cab1479d0, 0x0000022cc4269280,
0x0000022cc4269e40, 0x0000022cc426aa00, 0x0000022cc426b5c0, 0x0000022cc426e4c0,
0x0000022cc42cff10, 0x0000022cbef2dff0, 0x0000022cc4395170, 0x0000022cc4563b60,
0x0000022cc548aa20, 0x0000022cc5d306f0, 0x0000022cc561a010, 0x0000022cc5bc75c0,
0x0000022cc5c7d740, 0x0000022cc5e16750, 0x0000022cc6031a50, 0x0000022cc6032470,
0x0000022cc6031f60, 0x0000022cc6030610, 0x0000022cc6030b20, 0x0000022cc6031540,
0x0000022cc6032e90, 0x0000022cc602fbf0, 0x0000022cc6032980, 0x0000022cc6031030,
0x0000022cc60333a0, 0x0000022cc7bac350, 0x0000022cc7baaa00, 0x0000022cc7badca0,
0x0000022cc7bac860, 0x0000022cc7baaf10, 0x0000022cc7bb0520, 0x0000022cc7bb0a30,
0x0000022cc7bb0f40, 0x0000022cc8d8e990, 0x0000022cc8d8f430
}

Java Threads: ( => current thread )
  0x0000022cab08fe70 JavaThread "main" [_thread_blocked, id=688, stack(0x000000c0bff00000,0x000000c0c0000000)]
  0x0000022cab145160 JavaThread "Reference Handler" daemon [_thread_blocked, id=8480, stack(0x000000c0c0200000,0x000000c0c0300000)]
  0x0000022cab1479d0 JavaThread "Finalizer" daemon [_thread_blocked, id=15684, stack(0x000000c0c0300000,0x000000c0c0400000)]
  0x0000022cc4269280 JavaThread "Signal Dispatcher" daemon [_thread_blocked, id=10324, stack(0x000000c0c0400000,0x000000c0c0500000)]
  0x0000022cc4269e40 JavaThread "Attach Listener" daemon [_thread_blocked, id=16160, stack(0x000000c0c0500000,0x000000c0c0600000)]
  0x0000022cc426aa00 JavaThread "Service Thread" daemon [_thread_blocked, id=9720, stack(0x000000c0c0600000,0x000000c0c0700000)]
  0x0000022cc426b5c0 JavaThread "Monitor Deflation Thread" daemon [_thread_blocked, id=3264, stack(0x000000c0c0700000,0x000000c0c0800000)]
  0x0000022cc426e4c0 JavaThread "C2 CompilerThread0" daemon [_thread_blocked, id=9888, stack(0x000000c0c0800000,0x000000c0c0900000)]
  0x0000022cc42cff10 JavaThread "C1 CompilerThread0" daemon [_thread_blocked, id=8992, stack(0x000000c0c0900000,0x000000c0c0a00000)]
  0x0000022cbef2dff0 JavaThread "Sweeper thread" daemon [_thread_blocked, id=2012, stack(0x000000c0c0a00000,0x000000c0c0b00000)]
  0x0000022cc4395170 JavaThread "Common-Cleaner" daemon [_thread_blocked, id=1680, stack(0x000000c0c0b00000,0x000000c0c0c00000)]
  0x0000022cc4563b60 JavaThread "Notification Thread" daemon [_thread_blocked, id=11740, stack(0x000000c0c0d00000,0x000000c0c0e00000)]
  0x0000022cc548aa20 JavaThread "Active Thread: Equinox Container: 9446882a-3bc0-4551-920a-8813eea4d188" [_thread_blocked, id=4684, stack(0x000000c0c1600000,0x000000c0c1700000)]
  0x0000022cc5d306f0 JavaThread "Framework Event Dispatcher: Equinox Container: 9446882a-3bc0-4551-920a-8813eea4d188" daemon [_thread_blocked, id=9836, stack(0x000000c0c1700000,0x000000c0c1800000)]
  0x0000022cc561a010 JavaThread "Start Level: Equinox Container: 9446882a-3bc0-4551-920a-8813eea4d188" daemon [_thread_blocked, id=14824, stack(0x000000c0c1800000,0x000000c0c1900000)]
  0x0000022cc5bc75c0 JavaThread "Bundle File Closer" daemon [_thread_blocked, id=6016, stack(0x000000c0c1a00000,0x000000c0c1b00000)]
  0x0000022cc5c7d740 JavaThread "SCR Component Actor" daemon [_thread_blocked, id=9748, stack(0x000000c0c1b00000,0x000000c0c1c00000)]
  0x0000022cc5e16750 JavaThread "SCR Component Registry" daemon [_thread_blocked, id=15284, stack(0x000000c0c0c00000,0x000000c0c0d00000)]
  0x0000022cc6031a50 JavaThread "Worker-JM" [_thread_blocked, id=7268, stack(0x000000c0c0f00000,0x000000c0c1000000)]
  0x0000022cc6032470 JavaThread "JNA Cleaner" daemon [_thread_blocked, id=1048, stack(0x000000c0c1c00000,0x000000c0c1d00000)]
  0x0000022cc6031f60 JavaThread "Worker-0" [_thread_blocked, id=16120, stack(0x000000c0c1d00000,0x000000c0c1e00000)]
  0x0000022cc6030610 JavaThread "Worker-1" [_thread_blocked, id=8984, stack(0x000000c0c1e00000,0x000000c0c1f00000)]
  0x0000022cc6030b20 JavaThread "Java indexing" daemon [_thread_blocked, id=12636, stack(0x000000c0c2000000,0x000000c0c2100000)]
  0x0000022cc6031540 JavaThread "Worker-2" [_thread_blocked, id=11600, stack(0x000000c0c2400000,0x000000c0c2500000)]
  0x0000022cc6032e90 JavaThread "Thread-2" daemon [_thread_in_native, id=8696, stack(0x000000c0c2100000,0x000000c0c2200000)]
  0x0000022cc602fbf0 JavaThread "Thread-3" daemon [_thread_in_native, id=13432, stack(0x000000c0c2500000,0x000000c0c2600000)]
  0x0000022cc6032980 JavaThread "Thread-4" daemon [_thread_in_native, id=10664, stack(0x000000c0c2600000,0x000000c0c2700000)]
  0x0000022cc6031030 JavaThread "Thread-5" daemon [_thread_in_native, id=13992, stack(0x000000c0c2700000,0x000000c0c2800000)]
  0x0000022cc60333a0 JavaThread "Thread-6" daemon [_thread_in_native, id=9924, stack(0x000000c0c2800000,0x000000c0c2900000)]
  0x0000022cc7bac350 JavaThread "Thread-7" daemon [_thread_in_native, id=3580, stack(0x000000c0c2900000,0x000000c0c2a00000)]
  0x0000022cc7baaa00 JavaThread "Thread-8" daemon [_thread_in_native, id=11760, stack(0x000000c0c2a00000,0x000000c0c2b00000)]
  0x0000022cc7badca0 JavaThread "Thread-9" daemon [_thread_in_native, id=12260, stack(0x000000c0c2b00000,0x000000c0c2c00000)]
  0x0000022cc7bac860 JavaThread "Thread-10" daemon [_thread_in_native, id=16092, stack(0x000000c0c2c00000,0x000000c0c2d00000)]
  0x0000022cc7baaf10 JavaThread "Worker-3: Initialize Workspace" [_thread_in_native, id=12480, stack(0x000000c0c2d00000,0x000000c0c2e00000)]
  0x0000022cc7bb0520 JavaThread "pool-2-thread-1" [_thread_blocked, id=10948, stack(0x000000c0c2e00000,0x000000c0c2f00000)]
  0x0000022cc7bb0a30 JavaThread "WorkspaceEventsHandler" [_thread_blocked, id=1556, stack(0x000000c0c3000000,0x000000c0c3100000)]
  0x0000022cc7bb0f40 JavaThread "pool-1-thread-1" [_thread_blocked, id=13364, stack(0x000000c0c3100000,0x000000c0c3200000)]
=>0x0000022cc8d8e990 JavaThread "C2 CompilerThread1" daemon [_thread_in_native, id=4784, stack(0x000000c0c1f00000,0x000000c0c2000000)]
  0x0000022cc8d8f430 JavaThread "C2 CompilerThread2" daemon [_thread_in_native, id=3388, stack(0x000000c0c2f00000,0x000000c0c3000000)]

Other Threads:
  0x0000022cbef297f0 VMThread "VM Thread" [stack: 0x000000c0c0100000,0x000000c0c0200000] [id=9876]
  0x0000022cc4564040 WatcherThread [stack: 0x000000c0c0e00000,0x000000c0c0f00000] [id=12048]
  0x0000022cab0a45a0 GCTaskThread "GC Thread#0" [stack: 0x000000c0c0000000,0x000000c0c0100000] [id=1580]
  0x0000022cc52d6870 GCTaskThread "GC Thread#1" [stack: 0x000000c0c1000000,0x000000c0c1100000] [id=9076]
  0x0000022cc5516f00 GCTaskThread "GC Thread#2" [stack: 0x000000c0c1100000,0x000000c0c1200000] [id=13160]
  0x0000022cc55171c0 GCTaskThread "GC Thread#3" [stack: 0x000000c0c1200000,0x000000c0c1300000] [id=10632]
  0x0000022cc5517480 GCTaskThread "GC Thread#4" [stack: 0x000000c0c1300000,0x000000c0c1400000] [id=6420]
  0x0000022cc581d020 GCTaskThread "GC Thread#5" [stack: 0x000000c0c1400000,0x000000c0c1500000] [id=15436]
  0x0000022cc581d2e0 GCTaskThread "GC Thread#6" [stack: 0x000000c0c1500000,0x000000c0c1600000] [id=10376]
  0x0000022cc58261b0 GCTaskThread "GC Thread#7" [stack: 0x000000c0c1900000,0x000000c0c1a00000] [id=12160]

Threads with active compile tasks:
C2 CompilerThread1     8254 5704   !   4       java.nio.file.FileTreeWalker::visit (204 bytes)
C2 CompilerThread2     8254 5702   !   4       java.nio.file.FileTreeWalker::next (144 bytes)

VM state: not at safepoint (normal execution)

VM Mutex/Monitor currently owned by a thread: None

Heap address: 0x00000000c0000000, size: 1024 MB, Compressed Oops mode: 32-bit

CDS archive(s) not mapped
Compressed class space mapped at: 0x0000000100000000-0x0000000140000000, reserved size: 1073741824
Narrow klass base: 0x0000000000000000, Narrow klass shift: 3, Narrow klass range: 0x140000000

GC Precious Log:
 CPUs: 8 total, 8 available
 Memory: 16082M
 Large Page Support: Disabled
 NUMA Support: Disabled
 Compressed Oops: Enabled (32-bit)
 Alignments: Space 512K, Generation 512K, Heap 2M
 Heap Min Capacity: 100M
 Heap Initial Capacity: 100M
 Heap Max Capacity: 1G
 Pre-touch: Disabled
 Parallel Workers: 8

Heap:
 PSYoungGen      total 25088K, used 21809K [0x00000000eab00000, 0x00000000ec580000, 0x0000000100000000)
  eden space 22016K, 92% used [0x00000000eab00000,0x00000000ebee06c0,0x00000000ec080000)
  from space 3072K, 47% used [0x00000000ec080000,0x00000000ec1ec010,0x00000000ec380000)
  to   space 2048K, 0% used [0x00000000ec380000,0x00000000ec380000,0x00000000ec580000)
 ParOldGen       total 68608K, used 20254K [0x00000000c0000000, 0x00000000c4300000, 0x00000000eab00000)
  object space 68608K, 29% used [0x00000000c0000000,0x00000000c13c7b48,0x00000000c4300000)
 Metaspace       used 51504K, committed 52416K, reserved 1114112K
  class space    used 5564K, committed 5952K, reserved 1048576K

Card table byte_map: [0x0000022caaa30000,0x0000022caac40000] _byte_map_base: 0x0000022caa430000

Marking Bits: (ParMarkBitMap*) 0x00007ffdf5ce58b0
 Begin Bits: [0x0000022cbcd30000, 0x0000022cbdd30000)
 End Bits:   [0x0000022cbdd30000, 0x0000022cbed30000)

Polling page: 0x0000022ca9050000

Metaspace:

Usage:
  Non-class:     44.86 MB used.
      Class:      5.43 MB used.
       Both:     50.30 MB used.

Virtual space:
  Non-class space:       64.00 MB reserved,      45.38 MB ( 71%) committed,  1 nodes.
      Class space:        1.00 GB reserved,       5.81 MB ( <1%) committed,  1 nodes.
             Both:        1.06 GB reserved,      51.19 MB (  5%) committed. 

Chunk freelists:
   Non-Class:  1.64 MB
       Class:  10.17 MB
        Both:  11.81 MB

MaxMetaspaceSize: unlimited
CompressedClassSpaceSize: 1.00 GB
Initial GC threshold: 21.00 MB
Current GC threshold: 58.38 MB
CDS: off
MetaspaceReclaimPolicy: balanced
 - commit_granule_bytes: 65536.
 - commit_granule_words: 8192.
 - virtual_space_node_default_size: 8388608.
 - enlarge_chunks_in_place: 1.
 - new_chunks_are_fully_committed: 0.
 - uncommit_free_chunks: 1.
 - use_allocation_guard: 0.
 - handle_deallocations: 1.


Internal statistics:

num_allocs_failed_limit: 6.
num_arena_births: 540.
num_arena_deaths: 14.
num_vsnodes_births: 2.
num_vsnodes_deaths: 0.
num_space_committed: 819.
num_space_uncommitted: 0.
num_chunks_returned_to_freelist: 20.
num_chunks_taken_from_freelist: 2436.
num_chunk_merges: 11.
num_chunk_splits: 1548.
num_chunks_enlarged: 962.
num_inconsistent_stats: 0.

CodeHeap 'non-profiled nmethods': size=120000Kb used=2517Kb max_used=2654Kb free=117482Kb
 bounds [0x0000022cb5800000, 0x0000022cb5ab0000, 0x0000022cbcd30000]
CodeHeap 'profiled nmethods': size=120000Kb used=9624Kb max_used=11323Kb free=110375Kb
 bounds [0x0000022cadd30000, 0x0000022cae840000, 0x0000022cb5260000]
CodeHeap 'non-nmethods': size=5760Kb used=1311Kb max_used=1374Kb free=4448Kb
 bounds [0x0000022cb5260000, 0x0000022cb54d0000, 0x0000022cb5800000]
 total_blobs=5525 nmethods=4890 adapters=548
 compilation: enabled
              stopped_count=0, restarted_count=0
 full_count=0

Compilation events (20 events):
Event: 8.136 Thread 0x0000022cc426e4c0 5709   !   4       sun.nio.fs.WindowsFileAttributes::readAttributes (117 bytes)
Event: 8.161 Thread 0x0000022cc426e4c0 nmethod 5709 0x0000022cb58c6a10 code [0x0000022cb58c6ca0, 0x0000022cb58c7a80]
Event: 8.161 Thread 0x0000022cc426e4c0 5710       4       sun.nio.fs.WindowsPath$WindowsPathWithAttributes::getFileSystem (5 bytes)
Event: 8.162 Thread 0x0000022cc426e4c0 nmethod 5710 0x0000022cb59c5810 code [0x0000022cb59c5980, 0x0000022cb59c59f8]
Event: 8.171 Thread 0x0000022cc42cff10 5711   !   3       java.nio.file.FileTreeWalker::pop (35 bytes)
Event: 8.171 Thread 0x0000022cc42cff10 nmethod 5711 0x0000022cade4c290 code [0x0000022cade4c4a0, 0x0000022cade4caa8]
Event: 8.188 Thread 0x0000022cc42cff10 5712       3       jdk.internal.org.objectweb.asm.MethodVisitor::visitCode (15 bytes)
Event: 8.188 Thread 0x0000022cc42cff10 nmethod 5712 0x0000022cae1fc890 code [0x0000022cae1fca40, 0x0000022cae1fcc48]
Event: 8.188 Thread 0x0000022cc42cff10 5713       3       jdk.internal.org.objectweb.asm.MethodVisitor::visitMethodInsn (80 bytes)
Event: 8.188 Thread 0x0000022cc42cff10 nmethod 5713 0x0000022cadf43290 code [0x0000022cadf43460, 0x0000022cadf43908]
Event: 8.188 Thread 0x0000022cc42cff10 5714       3       jdk.internal.org.objectweb.asm.MethodVisitor::visitEnd (15 bytes)
Event: 8.189 Thread 0x0000022cc42cff10 nmethod 5714 0x0000022cae525910 code [0x0000022cae525ac0, 0x0000022cae525cc8]
Event: 8.211 Thread 0x0000022cc42cff10 5715       1       org.eclipse.core.internal.registry.ExtensionRegistry::getObjectManager (5 bytes)
Event: 8.211 Thread 0x0000022cc42cff10 nmethod 5715 0x0000022cb5842490 code [0x0000022cb5842620, 0x0000022cb58426f8]
Event: 8.212 Thread 0x0000022cc42cff10 5716   !   3       org.eclipse.core.internal.watson.ElementTree::includes (48 bytes)
Event: 8.212 Thread 0x0000022cc42cff10 nmethod 5716 0x0000022cae10eb90 code [0x0000022cae10ed40, 0x0000022cae10f028]
Event: 8.212 Thread 0x0000022cc42cff10 5717   !   3       org.eclipse.core.internal.watson.ElementTree::getElementData (74 bytes)
Event: 8.213 Thread 0x0000022cc42cff10 nmethod 5717 0x0000022cae1cea90 code [0x0000022cae1cecc0, 0x0000022cae1cf5b8]
Event: 8.215 Thread 0x0000022cc42cff10 5718       3       sun.nio.fs.WindowsPathParser::normalize (233 bytes)
Event: 8.217 Thread 0x0000022cc42cff10 nmethod 5718 0x0000022cadedea10 code [0x0000022cadedefe0, 0x0000022cadee1c48]

GC Heap History (20 events):
Event: 5.024 GC heap before
{Heap before GC invocations=10 (full 1):
 PSYoungGen      total 26624K, used 26614K [0x00000000eab00000, 0x00000000eca00000, 0x0000000100000000)
  eden space 24064K, 100% used [0x00000000eab00000,0x00000000ec280000,0x00000000ec280000)
  from space 2560K, 99% used [0x00000000ec780000,0x00000000ec9fd8a0,0x00000000eca00000)
  to   space 3072K, 0% used [0x00000000ec400000,0x00000000ec400000,0x00000000ec700000)
 ParOldGen       total 68608K, used 11420K [0x00000000c0000000, 0x00000000c4300000, 0x00000000eab00000)
  object space 68608K, 16% used [0x00000000c0000000,0x00000000c0b27288,0x00000000c4300000)
 Metaspace       used 32918K, committed 33600K, reserved 1114112K
  class space    used 3225K, committed 3520K, reserved 1048576K
}
Event: 5.029 GC heap after
{Heap after GC invocations=10 (full 1):
 PSYoungGen      total 26624K, used 3064K [0x00000000eab00000, 0x00000000ecc00000, 0x0000000100000000)
  eden space 23552K, 0% used [0x00000000eab00000,0x00000000eab00000,0x00000000ec200000)
  from space 3072K, 99% used [0x00000000ec400000,0x00000000ec6fe158,0x00000000ec700000)
  to   space 5120K, 0% used [0x00000000ec700000,0x00000000ec700000,0x00000000ecc00000)
 ParOldGen       total 68608K, used 12916K [0x00000000c0000000, 0x00000000c4300000, 0x00000000eab00000)
  object space 68608K, 18% used [0x00000000c0000000,0x00000000c0c9d128,0x00000000c4300000)
 Metaspace       used 32918K, committed 33600K, reserved 1114112K
  class space    used 3225K, committed 3520K, reserved 1048576K
}
Event: 5.275 GC heap before
{Heap before GC invocations=11 (full 1):
 PSYoungGen      total 26624K, used 25780K [0x00000000eab00000, 0x00000000ecc00000, 0x0000000100000000)
  eden space 23552K, 96% used [0x00000000eab00000,0x00000000ec12f200,0x00000000ec200000)
  from space 3072K, 99% used [0x00000000ec400000,0x00000000ec6fe158,0x00000000ec700000)
  to   space 5120K, 0% used [0x00000000ec700000,0x00000000ec700000,0x00000000ecc00000)
 ParOldGen       total 68608K, used 12916K [0x00000000c0000000, 0x00000000c4300000, 0x00000000eab00000)
  object space 68608K, 18% used [0x00000000c0000000,0x00000000c0c9d128,0x00000000c4300000)
 Metaspace       used 35201K, committed 35840K, reserved 1114112K
  class space    used 3446K, committed 3712K, reserved 1048576K
}
Event: 5.277 GC heap after
{Heap after GC invocations=11 (full 1):
 PSYoungGen      total 26112K, used 2159K [0x00000000eab00000, 0x00000000ec980000, 0x0000000100000000)
  eden space 23552K, 0% used [0x00000000eab00000,0x00000000eab00000,0x00000000ec200000)
  from space 2560K, 84% used [0x00000000ec700000,0x00000000ec91be90,0x00000000ec980000)
  to   space 3072K, 0% used [0x00000000ec380000,0x00000000ec380000,0x00000000ec680000)
 ParOldGen       total 68608K, used 14799K [0x00000000c0000000, 0x00000000c4300000, 0x00000000eab00000)
  object space 68608K, 21% used [0x00000000c0000000,0x00000000c0e73c58,0x00000000c4300000)
 Metaspace       used 35201K, committed 35840K, reserved 1114112K
  class space    used 3446K, committed 3712K, reserved 1048576K
}
Event: 5.277 GC heap before
{Heap before GC invocations=12 (full 2):
 PSYoungGen      total 26112K, used 2159K [0x00000000eab00000, 0x00000000ec980000, 0x0000000100000000)
  eden space 23552K, 0% used [0x00000000eab00000,0x00000000eab00000,0x00000000ec200000)
  from space 2560K, 84% used [0x00000000ec700000,0x00000000ec91be90,0x00000000ec980000)
  to   space 3072K, 0% used [0x00000000ec380000,0x00000000ec380000,0x00000000ec680000)
 ParOldGen       total 68608K, used 14799K [0x00000000c0000000, 0x00000000c4300000, 0x00000000eab00000)
  object space 68608K, 21% used [0x00000000c0000000,0x00000000c0e73c58,0x00000000c4300000)
 Metaspace       used 35201K, committed 35840K, reserved 1114112K
  class space    used 3446K, committed 3712K, reserved 1048576K
}
Event: 5.301 GC heap after
{Heap after GC invocations=12 (full 2):
 PSYoungGen      total 26112K, used 0K [0x00000000eab00000, 0x00000000ec980000, 0x0000000100000000)
  eden space 23552K, 0% used [0x00000000eab00000,0x00000000eab00000,0x00000000ec200000)
  from space 2560K, 0% used [0x00000000ec700000,0x00000000ec700000,0x00000000ec980000)
  to   space 3072K, 0% used [0x00000000ec380000,0x00000000ec380000,0x00000000ec680000)
 ParOldGen       total 68608K, used 15136K [0x00000000c0000000, 0x00000000c4300000, 0x00000000eab00000)
  object space 68608K, 22% used [0x00000000c0000000,0x00000000c0ec8358,0x00000000c4300000)
 Metaspace       used 35201K, committed 35840K, reserved 1114112K
  class space    used 3446K, committed 3712K, reserved 1048576K
}
Event: 5.687 GC heap before
{Heap before GC invocations=13 (full 2):
 PSYoungGen      total 26112K, used 23513K [0x00000000eab00000, 0x00000000ec980000, 0x0000000100000000)
  eden space 23552K, 99% used [0x00000000eab00000,0x00000000ec1f6730,0x00000000ec200000)
  from space 2560K, 0% used [0x00000000ec700000,0x00000000ec700000,0x00000000ec980000)
  to   space 3072K, 0% used [0x00000000ec380000,0x00000000ec380000,0x00000000ec680000)
 ParOldGen       total 68608K, used 15136K [0x00000000c0000000, 0x00000000c4300000, 0x00000000eab00000)
  object space 68608K, 22% used [0x00000000c0000000,0x00000000c0ec8358,0x00000000c4300000)
 Metaspace       used 38222K, committed 39104K, reserved 1114112K
  class space    used 3835K, committed 4224K, reserved 1048576K
}
Event: 5.688 GC heap after
{Heap after GC invocations=13 (full 2):
 PSYoungGen      total 24064K, used 906K [0x00000000eab00000, 0x00000000ec780000, 0x0000000100000000)
  eden space 23040K, 0% used [0x00000000eab00000,0x00000000eab00000,0x00000000ec180000)
  from space 1024K, 88% used [0x00000000ec380000,0x00000000ec462978,0x00000000ec480000)
  to   space 1536K, 0% used [0x00000000ec600000,0x00000000ec600000,0x00000000ec780000)
 ParOldGen       total 68608K, used 15144K [0x00000000c0000000, 0x00000000c4300000, 0x00000000eab00000)
  object space 68608K, 22% used [0x00000000c0000000,0x00000000c0eca358,0x00000000c4300000)
 Metaspace       used 38222K, committed 39104K, reserved 1114112K
  class space    used 3835K, committed 4224K, reserved 1048576K
}
Event: 5.825 GC heap before
{Heap before GC invocations=14 (full 2):
 PSYoungGen      total 24064K, used 23946K [0x00000000eab00000, 0x00000000ec780000, 0x0000000100000000)
  eden space 23040K, 100% used [0x00000000eab00000,0x00000000ec180000,0x00000000ec180000)
  from space 1024K, 88% used [0x00000000ec380000,0x00000000ec462978,0x00000000ec480000)
  to   space 1536K, 0% used [0x00000000ec600000,0x00000000ec600000,0x00000000ec780000)
 ParOldGen       total 68608K, used 15144K [0x00000000c0000000, 0x00000000c4300000, 0x00000000eab00000)
  object space 68608K, 22% used [0x00000000c0000000,0x00000000c0eca358,0x00000000c4300000)
 Metaspace       used 41010K, committed 41920K, reserved 1114112K
  class space    used 4237K, committed 4608K, reserved 1048576K
}
Event: 5.828 GC heap after
{Heap after GC invocations=14 (full 2):
 PSYoungGen      total 23552K, used 784K [0x00000000eab00000, 0x00000000ec700000, 0x0000000100000000)
  eden space 22528K, 0% used [0x00000000eab00000,0x00000000eab00000,0x00000000ec100000)
  from space 1024K, 76% used [0x00000000ec600000,0x00000000ec6c4010,0x00000000ec700000)
  to   space 1024K, 0% used [0x00000000ec500000,0x00000000ec500000,0x00000000ec600000)
 ParOldGen       total 68608K, used 15919K [0x00000000c0000000, 0x00000000c4300000, 0x00000000eab00000)
  object space 68608K, 23% used [0x00000000c0000000,0x00000000c0f8bd48,0x00000000c4300000)
 Metaspace       used 41010K, committed 41920K, reserved 1114112K
  class space    used 4237K, committed 4608K, reserved 1048576K
}
Event: 6.066 GC heap before
{Heap before GC invocations=15 (full 2):
 PSYoungGen      total 23552K, used 23312K [0x00000000eab00000, 0x00000000ec700000, 0x0000000100000000)
  eden space 22528K, 100% used [0x00000000eab00000,0x00000000ec100000,0x00000000ec100000)
  from space 1024K, 76% used [0x00000000ec600000,0x00000000ec6c4010,0x00000000ec700000)
  to   space 1024K, 0% used [0x00000000ec500000,0x00000000ec500000,0x00000000ec600000)
 ParOldGen       total 68608K, used 15919K [0x00000000c0000000, 0x00000000c4300000, 0x00000000eab00000)
  object space 68608K, 23% used [0x00000000c0000000,0x00000000c0f8bd48,0x00000000c4300000)
 Metaspace       used 42410K, committed 43328K, reserved 1114112K
  class space    used 4405K, committed 4800K, reserved 1048576K
}
Event: 6.067 GC heap after
{Heap after GC invocations=15 (full 2):
 PSYoungGen      total 23040K, used 704K [0x00000000eab00000, 0x00000000ec680000, 0x0000000100000000)
  eden space 22016K, 0% used [0x00000000eab00000,0x00000000eab00000,0x00000000ec080000)
  from space 1024K, 68% used [0x00000000ec500000,0x00000000ec5b0000,0x00000000ec600000)
  to   space 512K, 0% used [0x00000000ec600000,0x00000000ec600000,0x00000000ec680000)
 ParOldGen       total 68608K, used 16487K [0x00000000c0000000, 0x00000000c4300000, 0x00000000eab00000)
  object space 68608K, 24% used [0x00000000c0000000,0x00000000c1019d48,0x00000000c4300000)
 Metaspace       used 42410K, committed 43328K, reserved 1114112K
  class space    used 4405K, committed 4800K, reserved 1048576K
}
Event: 6.293 GC heap before
{Heap before GC invocations=16 (full 2):
 PSYoungGen      total 23040K, used 22720K [0x00000000eab00000, 0x00000000ec680000, 0x0000000100000000)
  eden space 22016K, 100% used [0x00000000eab00000,0x00000000ec080000,0x00000000ec080000)
  from space 1024K, 68% used [0x00000000ec500000,0x00000000ec5b0000,0x00000000ec600000)
  to   space 512K, 0% used [0x00000000ec600000,0x00000000ec600000,0x00000000ec680000)
 ParOldGen       total 68608K, used 16487K [0x00000000c0000000, 0x00000000c4300000, 0x00000000eab00000)
  object space 68608K, 24% used [0x00000000c0000000,0x00000000c1019d48,0x00000000c4300000)
 Metaspace       used 44674K, committed 45632K, reserved 1114112K
  class space    used 4691K, committed 5120K, reserved 1048576K
}
Event: 6.294 GC heap after
{Heap after GC invocations=16 (full 2):
 PSYoungGen      total 22528K, used 512K [0x00000000eab00000, 0x00000000ec680000, 0x0000000100000000)
  eden space 22016K, 0% used [0x00000000eab00000,0x00000000eab00000,0x00000000ec080000)
  from space 512K, 100% used [0x00000000ec600000,0x00000000ec680000,0x00000000ec680000)
  to   space 1536K, 0% used [0x00000000ec380000,0x00000000ec380000,0x00000000ec500000)
 ParOldGen       total 68608K, used 17223K [0x00000000c0000000, 0x00000000c4300000, 0x00000000eab00000)
  object space 68608K, 25% used [0x00000000c0000000,0x00000000c10d1d58,0x00000000c4300000)
 Metaspace       used 44674K, committed 45632K, reserved 1114112K
  class space    used 4691K, committed 5120K, reserved 1048576K
}
Event: 6.805 GC heap before
{Heap before GC invocations=17 (full 2):
 PSYoungGen      total 22528K, used 22528K [0x00000000eab00000, 0x00000000ec680000, 0x0000000100000000)
  eden space 22016K, 100% used [0x00000000eab00000,0x00000000ec080000,0x00000000ec080000)
  from space 512K, 100% used [0x00000000ec600000,0x00000000ec680000,0x00000000ec680000)
  to   space 1536K, 0% used [0x00000000ec380000,0x00000000ec380000,0x00000000ec500000)
 ParOldGen       total 68608K, used 17223K [0x00000000c0000000, 0x00000000c4300000, 0x00000000eab00000)
  object space 68608K, 25% used [0x00000000c0000000,0x00000000c10d1d58,0x00000000c4300000)
 Metaspace       used 47215K, committed 48192K, reserved 1114112K
  class space    used 5023K, committed 5440K, reserved 1048576K
}
Event: 6.806 GC heap after
{Heap after GC invocations=17 (full 2):
 PSYoungGen      total 23552K, used 1056K [0x00000000eab00000, 0x00000000ec680000, 0x0000000100000000)
  eden space 22016K, 0% used [0x00000000eab00000,0x00000000eab00000,0x00000000ec080000)
  from space 1536K, 68% used [0x00000000ec380000,0x00000000ec488000,0x00000000ec500000)
  to   space 1536K, 0% used [0x00000000ec500000,0x00000000ec500000,0x00000000ec680000)
 ParOldGen       total 68608K, used 17759K [0x00000000c0000000, 0x00000000c4300000, 0x00000000eab00000)
  object space 68608K, 25% used [0x00000000c0000000,0x00000000c1157d58,0x00000000c4300000)
 Metaspace       used 47215K, committed 48192K, reserved 1114112K
  class space    used 5023K, committed 5440K, reserved 1048576K
}
Event: 7.253 GC heap before
{Heap before GC invocations=18 (full 2):
 PSYoungGen      total 23552K, used 23072K [0x00000000eab00000, 0x00000000ec680000, 0x0000000100000000)
  eden space 22016K, 100% used [0x00000000eab00000,0x00000000ec080000,0x00000000ec080000)
  from space 1536K, 68% used [0x00000000ec380000,0x00000000ec488000,0x00000000ec500000)
  to   space 1536K, 0% used [0x00000000ec500000,0x00000000ec500000,0x00000000ec680000)
 ParOldGen       total 68608K, used 17759K [0x00000000c0000000, 0x00000000c4300000, 0x00000000eab00000)
  object space 68608K, 25% used [0x00000000c0000000,0x00000000c1157d58,0x00000000c4300000)
 Metaspace       used 49681K, committed 50624K, reserved 1114112K
  class space    used 5357K, committed 5760K, reserved 1048576K
}
Event: 7.255 GC heap after
{Heap after GC invocations=18 (full 2):
 PSYoungGen      total 23552K, used 1527K [0x00000000eab00000, 0x00000000ec680000, 0x0000000100000000)
  eden space 22016K, 0% used [0x00000000eab00000,0x00000000eab00000,0x00000000ec080000)
  from space 1536K, 99% used [0x00000000ec500000,0x00000000ec67dda0,0x00000000ec680000)
  to   space 3072K, 0% used [0x00000000ec080000,0x00000000ec080000,0x00000000ec380000)
 ParOldGen       total 68608K, used 18799K [0x00000000c0000000, 0x00000000c4300000, 0x00000000eab00000)
  object space 68608K, 27% used [0x00000000c0000000,0x00000000c125bd58,0x00000000c4300000)
 Metaspace       used 49681K, committed 50624K, reserved 1114112K
  class space    used 5357K, committed 5760K, reserved 1048576K
}
Event: 7.855 GC heap before
{Heap before GC invocations=19 (full 2):
 PSYoungGen      total 23552K, used 23543K [0x00000000eab00000, 0x00000000ec680000, 0x0000000100000000)
  eden space 22016K, 100% used [0x00000000eab00000,0x00000000ec080000,0x00000000ec080000)
  from space 1536K, 99% used [0x00000000ec500000,0x00000000ec67dda0,0x00000000ec680000)
  to   space 3072K, 0% used [0x00000000ec080000,0x00000000ec080000,0x00000000ec380000)
 ParOldGen       total 68608K, used 18799K [0x00000000c0000000, 0x00000000c4300000, 0x00000000eab00000)
  object space 68608K, 27% used [0x00000000c0000000,0x00000000c125bd58,0x00000000c4300000)
 Metaspace       used 51483K, committed 52416K, reserved 1114112K
  class space    used 5563K, committed 5952K, reserved 1048576K
}
Event: 7.857 GC heap after
{Heap after GC invocations=19 (full 2):
 PSYoungGen      total 25088K, used 1456K [0x00000000eab00000, 0x00000000ec580000, 0x0000000100000000)
  eden space 22016K, 0% used [0x00000000eab00000,0x00000000eab00000,0x00000000ec080000)
  from space 3072K, 47% used [0x00000000ec080000,0x00000000ec1ec010,0x00000000ec380000)
  to   space 2048K, 0% used [0x00000000ec380000,0x00000000ec380000,0x00000000ec580000)
 ParOldGen       total 68608K, used 20254K [0x00000000c0000000, 0x00000000c4300000, 0x00000000eab00000)
  object space 68608K, 29% used [0x00000000c0000000,0x00000000c13c7b48,0x00000000c4300000)
 Metaspace       used 51483K, committed 52416K, reserved 1114112K
  class space    used 5563K, committed 5952K, reserved 1048576K
}

Dll operation events (10 events):
Event: 0.009 Loaded shared library c:\Users\Admin\.vscode\extensions\redhat.java-1.35.1-win32-x64\jre\17.0.12-win32-x86_64\bin\java.dll
Event: 0.181 Loaded shared library c:\Users\Admin\.vscode\extensions\redhat.java-1.35.1-win32-x64\jre\17.0.12-win32-x86_64\bin\zip.dll
Event: 0.183 Loaded shared library C:\Users\Admin\.vscode\extensions\redhat.java-1.35.1-win32-x64\jre\17.0.12-win32-x86_64\bin\instrument.dll
Event: 0.194 Loaded shared library C:\Users\Admin\.vscode\extensions\redhat.java-1.35.1-win32-x64\jre\17.0.12-win32-x86_64\bin\net.dll
Event: 0.195 Loaded shared library C:\Users\Admin\.vscode\extensions\redhat.java-1.35.1-win32-x64\jre\17.0.12-win32-x86_64\bin\nio.dll
Event: 0.201 Loaded shared library C:\Users\Admin\.vscode\extensions\redhat.java-1.35.1-win32-x64\jre\17.0.12-win32-x86_64\bin\zip.dll
Event: 0.225 Loaded shared library C:\Users\Admin\.vscode\extensions\redhat.java-1.35.1-win32-x64\jre\17.0.12-win32-x86_64\bin\jimage.dll
Event: 0.267 Loaded shared library c:\Users\Admin\.vscode\extensions\redhat.java-1.35.1-win32-x64\jre\17.0.12-win32-x86_64\bin\verify.dll
Event: 1.515 Loaded shared library C:\Users\Admin\AppData\Roaming\Code\User\globalStorage\redhat.java\1.35.1\config_win\org.eclipse.equinox.launcher\org.eclipse.equinox.launcher.win32.win32.x86_64_1.2.1100.v20240722-2106\eclipse_11904.dll
Event: 3.414 Loaded shared library C:\Users\Admin\AppData\Local\Temp\jna-63116079\jna6692216100359505253.dll

Deoptimization events (20 events):
Event: 7.670 Thread 0x0000022cc7baaf10 DEOPT PACKING pc=0x0000022cae3feb75 sp=0x000000c0c2dfe970
Event: 7.670 Thread 0x0000022cc7baaf10 DEOPT UNPACKING pc=0x0000022cb52ba9e3 sp=0x000000c0c2dfde20 mode 0
Event: 7.690 Thread 0x0000022cc7baaf10 DEOPT PACKING pc=0x0000022cae3feb0d sp=0x000000c0c2dfe970
Event: 7.690 Thread 0x0000022cc7baaf10 DEOPT UNPACKING pc=0x0000022cb52ba9e3 sp=0x000000c0c2dfde20 mode 0
Event: 7.704 Thread 0x0000022cc7baaf10 DEOPT PACKING pc=0x0000022cae3feb75 sp=0x000000c0c2dfe970
Event: 7.704 Thread 0x0000022cc7baaf10 DEOPT UNPACKING pc=0x0000022cb52ba9e3 sp=0x000000c0c2dfde20 mode 0
Event: 7.808 Thread 0x0000022cc7baaf10 DEOPT PACKING pc=0x0000022cadfce744 sp=0x000000c0c2dfe690
Event: 7.808 Thread 0x0000022cc7baaf10 DEOPT UNPACKING pc=0x0000022cb52ba9e3 sp=0x000000c0c2dfdc10 mode 0
Event: 7.871 Thread 0x0000022cc7baaf10 Uncommon trap: trap_request=0xffffff45 fr.pc=0x0000022cb582a2d0 relative=0x0000000000000210
Event: 7.871 Thread 0x0000022cc7baaf10 Uncommon trap: reason=unstable_if action=reinterpret pc=0x0000022cb582a2d0 method=java.util.regex.Pattern$SliceU.match(Ljava/util/regex/Matcher;ILjava/lang/CharSequence;)Z @ 18 c2
Event: 7.871 Thread 0x0000022cc7baaf10 DEOPT PACKING pc=0x0000022cb582a2d0 sp=0x000000c0c2dfe930
Event: 7.871 Thread 0x0000022cc7baaf10 DEOPT UNPACKING pc=0x0000022cb52b9ea3 sp=0x000000c0c2dfe8b8 mode 2
Event: 8.038 Thread 0x0000022cc7baaf10 Uncommon trap: trap_request=0xffffff3d fr.pc=0x0000022cb59c3348 relative=0x0000000000001268
Event: 8.038 Thread 0x0000022cc7baaf10 Uncommon trap: reason=unstable_fused_if action=reinterpret pc=0x0000022cb59c3348 method=sun.nio.fs.WindowsPathParser.isLetter(C)Z @ 15 c2
Event: 8.038 Thread 0x0000022cc7baaf10 DEOPT PACKING pc=0x0000022cb59c3348 sp=0x000000c0c2dfe960
Event: 8.038 Thread 0x0000022cc7baaf10 DEOPT UNPACKING pc=0x0000022cb52b9ea3 sp=0x000000c0c2dfe8d0 mode 2
Event: 8.209 Thread 0x0000022cc7baaf10 Uncommon trap: trap_request=0xffffff45 fr.pc=0x0000022cb5838e78 relative=0x0000000000000118
Event: 8.209 Thread 0x0000022cc7baaf10 Uncommon trap: reason=unstable_if action=reinterpret pc=0x0000022cb5838e78 method=sun.nio.fs.WindowsPathParser.nextNonSlash(Ljava/lang/String;II)I @ 2 c2
Event: 8.209 Thread 0x0000022cc7baaf10 DEOPT PACKING pc=0x0000022cb5838e78 sp=0x000000c0c2dfe8f0
Event: 8.209 Thread 0x0000022cc7baaf10 DEOPT UNPACKING pc=0x0000022cb52b9ea3 sp=0x000000c0c2dfe870 mode 2

Classes loaded (20 events):
Event: 7.602 Loading class java/nio/file/FileTreeWalker$DirectoryNode
Event: 7.602 Loading class java/nio/file/FileTreeWalker$DirectoryNode done
Event: 7.602 Loading class java/nio/file/FileTreeWalker$Event
Event: 7.602 Loading class java/nio/file/FileTreeWalker$Event done
Event: 7.602 Loading class java/nio/file/FileTreeWalker$EventType
Event: 7.602 Loading class java/nio/file/FileTreeWalker$EventType done
Event: 7.602 Loading class java/nio/file/Files$3
Event: 7.602 Loading class java/nio/file/Files$3 done
Event: 7.603 Loading class sun/nio/fs/Globs
Event: 7.603 Loading class sun/nio/fs/Globs done
Event: 7.603 Loading class java/util/regex/Pattern$SliceU
Event: 7.603 Loading class java/util/regex/Pattern$SliceU done
Event: 7.603 Loading class sun/nio/fs/WindowsFileSystem$2
Event: 7.603 Loading class java/nio/file/PathMatcher
Event: 7.603 Loading class java/nio/file/PathMatcher done
Event: 7.603 Loading class sun/nio/fs/WindowsFileSystem$2 done
Event: 7.604 Loading class sun/nio/fs/WindowsException
Event: 7.604 Loading class sun/nio/fs/WindowsException done
Event: 7.604 Loading class java/nio/file/FileVisitResult
Event: 7.604 Loading class java/nio/file/FileVisitResult done

Classes unloaded (7 events):
Event: 3.060 Thread 0x0000022cbef297f0 Unloading class 0x000000010024e400 'java/lang/invoke/LambdaForm$MH+0x000000010024e400'
Event: 3.060 Thread 0x0000022cbef297f0 Unloading class 0x000000010024e000 'java/lang/invoke/LambdaForm$MH+0x000000010024e000'
Event: 3.060 Thread 0x0000022cbef297f0 Unloading class 0x000000010024dc00 'java/lang/invoke/LambdaForm$MH+0x000000010024dc00'
Event: 3.060 Thread 0x0000022cbef297f0 Unloading class 0x000000010024d800 'java/lang/invoke/LambdaForm$MH+0x000000010024d800'
Event: 3.060 Thread 0x0000022cbef297f0 Unloading class 0x000000010024d400 'java/lang/invoke/LambdaForm$BMH+0x000000010024d400'
Event: 3.060 Thread 0x0000022cbef297f0 Unloading class 0x000000010024d000 'java/lang/invoke/LambdaForm$DMH+0x000000010024d000'
Event: 3.060 Thread 0x0000022cbef297f0 Unloading class 0x0000000100248400 'java/lang/invoke/LambdaForm$DMH+0x0000000100248400'

Classes redefined (0 events):
No events

Internal exceptions (20 events):
Event: 8.234 Thread 0x0000022cc7baaf10 Exception <a 'sun/nio/fs/WindowsException'{0x00000000ebe12e68}> (0x00000000ebe12e68) 
thrown [s\src\hotspot\share\prims\jni.cpp, line 516]
Event: 8.234 Thread 0x0000022cc7baaf10 Exception <a 'sun/nio/fs/WindowsException'{0x00000000ebe13490}> (0x00000000ebe13490) 
thrown [s\src\hotspot\share\prims\jni.cpp, line 516]
Event: 8.234 Thread 0x0000022cc7baaf10 Exception <a 'sun/nio/fs/WindowsException'{0x00000000ebe13ab8}> (0x00000000ebe13ab8) 
thrown [s\src\hotspot\share\prims\jni.cpp, line 516]
Event: 8.235 Thread 0x0000022cc7baaf10 Exception <a 'sun/nio/fs/WindowsException'{0x00000000ebe140f8}> (0x00000000ebe140f8) 
thrown [s\src\hotspot\share\prims\jni.cpp, line 516]
Event: 8.235 Thread 0x0000022cc7baaf10 Exception <a 'sun/nio/fs/WindowsException'{0x00000000ebe19300}> (0x00000000ebe19300) 
thrown [s\src\hotspot\share\prims\jni.cpp, line 516]
Event: 8.235 Thread 0x0000022cc7baaf10 Exception <a 'sun/nio/fs/WindowsException'{0x00000000ebe19b80}> (0x00000000ebe19b80) 
thrown [s\src\hotspot\share\prims\jni.cpp, line 516]
Event: 8.235 Thread 0x0000022cc7baaf10 Exception <a 'sun/nio/fs/WindowsException'{0x00000000ebe1a1a8}> (0x00000000ebe1a1a8) 
thrown [s\src\hotspot\share\prims\jni.cpp, line 516]
Event: 8.235 Thread 0x0000022cc7baaf10 Exception <a 'sun/nio/fs/WindowsException'{0x00000000ebe1a7e8}> (0x00000000ebe1a7e8) 
thrown [s\src\hotspot\share\prims\jni.cpp, line 516]
Event: 8.235 Thread 0x0000022cc7baaf10 Exception <a 'sun/nio/fs/WindowsException'{0x00000000ebe1f820}> (0x00000000ebe1f820) 
thrown [s\src\hotspot\share\prims\jni.cpp, line 516]
Event: 8.235 Thread 0x0000022cc7baaf10 Exception <a 'sun/nio/fs/WindowsException'{0x00000000ebe1fe48}> (0x00000000ebe1fe48) 
thrown [s\src\hotspot\share\prims\jni.cpp, line 516]
Event: 8.235 Thread 0x0000022cc7baaf10 Exception <a 'sun/nio/fs/WindowsException'{0x00000000ebe20470}> (0x00000000ebe20470) 
thrown [s\src\hotspot\share\prims\jni.cpp, line 516]
Event: 8.235 Thread 0x0000022cc7baaf10 Exception <a 'sun/nio/fs/WindowsException'{0x00000000ebe20ab0}> (0x00000000ebe20ab0) 
thrown [s\src\hotspot\share\prims\jni.cpp, line 516]
Event: 8.236 Thread 0x0000022cc7baaf10 Exception <a 'sun/nio/fs/WindowsException'{0x00000000ebe251d8}> (0x00000000ebe251d8) 
thrown [s\src\hotspot\share\prims\jni.cpp, line 516]
Event: 8.236 Thread 0x0000022cc7baaf10 Exception <a 'sun/nio/fs/WindowsException'{0x00000000ebe25800}> (0x00000000ebe25800) 
thrown [s\src\hotspot\share\prims\jni.cpp, line 516]
Event: 8.236 Thread 0x0000022cc7baaf10 Exception <a 'sun/nio/fs/WindowsException'{0x00000000ebe25e28}> (0x00000000ebe25e28) 
thrown [s\src\hotspot\share\prims\jni.cpp, line 516]
Event: 8.236 Thread 0x0000022cc7baaf10 Exception <a 'sun/nio/fs/WindowsException'{0x00000000ebe26468}> (0x00000000ebe26468) 
thrown [s\src\hotspot\share\prims\jni.cpp, line 516]
Event: 8.236 Thread 0x0000022cc7baaf10 Exception <a 'sun/nio/fs/WindowsException'{0x00000000ebe2b100}> (0x00000000ebe2b100) 
thrown [s\src\hotspot\share\prims\jni.cpp, line 516]
Event: 8.236 Thread 0x0000022cc7baaf10 Exception <a 'sun/nio/fs/WindowsException'{0x00000000ebe2b728}> (0x00000000ebe2b728) 
thrown [s\src\hotspot\share\prims\jni.cpp, line 516]
Event: 8.236 Thread 0x0000022cc7baaf10 Exception <a 'sun/nio/fs/WindowsException'{0x00000000ebe2bd50}> (0x00000000ebe2bd50) 
thrown [s\src\hotspot\share\prims\jni.cpp, line 516]
Event: 8.236 Thread 0x0000022cc7baaf10 Exception <a 'sun/nio/fs/WindowsException'{0x00000000ebe2c390}> (0x00000000ebe2c390) 
thrown [s\src\hotspot\share\prims\jni.cpp, line 516]

VM Operations (20 events):
Event: 7.113 Executing VM operation: HandshakeAllThreads
Event: 7.113 Executing VM operation: HandshakeAllThreads done
Event: 7.200 Executing VM operation: ICBufferFull
Event: 7.200 Executing VM operation: ICBufferFull done
Event: 7.200 Executing VM operation: ICBufferFull
Event: 7.200 Executing VM operation: ICBufferFull done
Event: 7.251 Executing VM operation: ParallelGCFailedAllocation
Event: 7.255 Executing VM operation: ParallelGCFailedAllocation done
Event: 7.303 Executing VM operation: HandshakeAllThreads
Event: 7.303 Executing VM operation: HandshakeAllThreads done
Event: 7.303 Executing VM operation: HandshakeAllThreads
Event: 7.303 Executing VM operation: HandshakeAllThreads done
Event: 7.328 Executing VM operation: HandshakeAllThreads
Event: 7.328 Executing VM operation: HandshakeAllThreads done
Event: 7.373 Executing VM operation: HandshakeAllThreads
Event: 7.373 Executing VM operation: HandshakeAllThreads done
Event: 7.373 Executing VM operation: HandshakeAllThreads
Event: 7.373 Executing VM operation: HandshakeAllThreads done
Event: 7.855 Executing VM operation: ParallelGCFailedAllocation
Event: 7.857 Executing VM operation: ParallelGCFailedAllocation done

Events (20 events):
Event: 7.380 Thread 0x0000022cbef2dff0 flushing nmethod 0x0000022cae684b90
Event: 7.380 Thread 0x0000022cbef2dff0 flushing nmethod 0x0000022cae6cb310
Event: 7.380 Thread 0x0000022cbef2dff0 flushing nmethod 0x0000022cae6d2b90
Event: 7.380 Thread 0x0000022cbef2dff0 flushing nmethod 0x0000022cae6d7210
Event: 7.380 Thread 0x0000022cbef2dff0 flushing nmethod 0x0000022cae716b10
Event: 7.380 Thread 0x0000022cbef2dff0 flushing nmethod 0x0000022cae71a090
Event: 7.380 Thread 0x0000022cbef2dff0 flushing nmethod 0x0000022cae71c290
Event: 7.380 Thread 0x0000022cbef2dff0 flushing nmethod 0x0000022cae71c710
Event: 7.380 Thread 0x0000022cbef2dff0 flushing nmethod 0x0000022cae71d310
Event: 7.380 Thread 0x0000022cbef2dff0 flushing nmethod 0x0000022cae71de90
Event: 7.380 Thread 0x0000022cbef2dff0 flushing nmethod 0x0000022cae72d190
Event: 7.380 Thread 0x0000022cbef2dff0 flushing nmethod 0x0000022cae72d590
Event: 7.380 Thread 0x0000022cbef2dff0 flushing nmethod 0x0000022cae730310
Event: 7.380 Thread 0x0000022cbef2dff0 flushing nmethod 0x0000022cae78fb90
Event: 7.380 Thread 0x0000022cbef2dff0 flushing nmethod 0x0000022cae79a290
Event: 7.380 Thread 0x0000022cbef2dff0 flushing nmethod 0x0000022cae79a710
Event: 7.380 Thread 0x0000022cbef2dff0 flushing nmethod 0x0000022cae79b190
Event: 7.381 Thread 0x0000022cbef2dff0 flushing nmethod 0x0000022cae79ba10
Event: 7.381 Thread 0x0000022cbef2dff0 flushing nmethod 0x0000022cae81b090
Event: 7.381 Thread 0x0000022cbef2dff0 flushing nmethod 0x0000022cae81d210


Dynamic libraries:
0x00007ff7a7ab0000 - 0x00007ff7a7abe000 	c:\Users\Admin\.vscode\extensions\redhat.java-1.35.1-win32-x64\jre\17.0.12-win32-x86_64\bin\java.exe
0x00007ffe21370000 - 0x00007ffe21568000 	C:\Windows\SYSTEM32\ntdll.dll
0x00007ffe20380000 - 0x00007ffe20441000 	C:\Windows\System32\KERNEL32.DLL
0x00007ffe1ea20000 - 0x00007ffe1ed1d000 	C:\Windows\System32\KERNELBASE.dll
0x00007ffe1ee40000 - 0x00007ffe1ef40000 	C:\Windows\System32\ucrtbase.dll
0x00007ffe0c8b0000 - 0x00007ffe0c8c7000 	c:\Users\Admin\.vscode\extensions\redhat.java-1.35.1-win32-x64\jre\17.0.12-win32-x86_64\bin\jli.dll
0x00007ffe1f580000 - 0x00007ffe1f71d000 	C:\Windows\System32\USER32.dll
0x00007ffe1f340000 - 0x00007ffe1f362000 	C:\Windows\System32\win32u.dll
0x00007ffe1f720000 - 0x00007ffe1f74b000 	C:\Windows\System32\GDI32.dll
0x00007ffe1ef40000 - 0x00007ffe1f057000 	C:\Windows\System32\gdi32full.dll
0x00007ffe1f1c0000 - 0x00007ffe1f25d000 	C:\Windows\System32\msvcp_win.dll
0x00007ffe0c780000 - 0x00007ffe0c79b000 	c:\Users\Admin\.vscode\extensions\redhat.java-1.35.1-win32-x64\jre\17.0.12-win32-x86_64\bin\VCRUNTIME140.dll
0x00007ffe06250000 - 0x00007ffe064ea000 	C:\Windows\WinSxS\amd64_microsoft.windows.common-controls_6595b64144ccf1df_6.0.19041.4355_none_60b8b9eb71f62e16\COMCTL32.dll
0x00007ffe1fab0000 - 0x00007ffe1fb4e000 	C:\Windows\System32\msvcrt.dll
0x00007ffe1f550000 - 0x00007ffe1f57f000 	C:\Windows\System32\IMM32.DLL
0x00007ffe130c0000 - 0x00007ffe130cc000 	c:\Users\Admin\.vscode\extensions\redhat.java-1.35.1-win32-x64\jre\17.0.12-win32-x86_64\bin\vcruntime140_1.dll
0x00007ffdf5db0000 - 0x00007ffdf5e3d000 	c:\Users\Admin\.vscode\extensions\redhat.java-1.35.1-win32-x64\jre\17.0.12-win32-x86_64\bin\msvcp140.dll
0x00007ffdf5140000 - 0x00007ffdf5daa000 	c:\Users\Admin\.vscode\extensions\redhat.java-1.35.1-win32-x64\jre\17.0.12-win32-x86_64\bin\server\jvm.dll
0x00007ffe21220000 - 0x00007ffe212d0000 	C:\Windows\System32\ADVAPI32.dll
0x00007ffe205f0000 - 0x00007ffe20690000 	C:\Windows\System32\sechost.dll
0x00007ffe20910000 - 0x00007ffe20a33000 	C:\Windows\System32\RPCRT4.dll
0x00007ffe1f370000 - 0x00007ffe1f397000 	C:\Windows\System32\bcrypt.dll
0x00007ffe20580000 - 0x00007ffe205eb000 	C:\Windows\System32\WS2_32.dll
0x00007ffe1df20000 - 0x00007ffe1df6b000 	C:\Windows\SYSTEM32\POWRPROF.dll
0x00007ffe10230000 - 0x00007ffe10257000 	C:\Windows\SYSTEM32\WINMM.dll
0x00007ffe14f90000 - 0x00007ffe14f9a000 	C:\Windows\SYSTEM32\VERSION.dll
0x00007ffe1dde0000 - 0x00007ffe1ddf2000 	C:\Windows\SYSTEM32\UMPDC.dll
0x00007ffe1d250000 - 0x00007ffe1d262000 	C:\Windows\SYSTEM32\kernel.appcore.dll
0x00007ffe101f0000 - 0x00007ffe101fa000 	c:\Users\Admin\.vscode\extensions\redhat.java-1.35.1-win32-x64\jre\17.0.12-win32-x86_64\bin\jimage.dll
0x00007ffe1c750000 - 0x00007ffe1c934000 	C:\Windows\SYSTEM32\DBGHELP.DLL
0x00007ffe0d320000 - 0x00007ffe0d354000 	C:\Windows\SYSTEM32\dbgcore.DLL
0x00007ffe1f260000 - 0x00007ffe1f2e2000 	C:\Windows\System32\bcryptPrimitives.dll
0x00007ffe0e390000 - 0x00007ffe0e39e000 	c:\Users\Admin\.vscode\extensions\redhat.java-1.35.1-win32-x64\jre\17.0.12-win32-x86_64\bin\instrument.dll
0x00007ffe0c9a0000 - 0x00007ffe0c9c5000 	c:\Users\Admin\.vscode\extensions\redhat.java-1.35.1-win32-x64\jre\17.0.12-win32-x86_64\bin\java.dll
0x00007ffe0c940000 - 0x00007ffe0c958000 	c:\Users\Admin\.vscode\extensions\redhat.java-1.35.1-win32-x64\jre\17.0.12-win32-x86_64\bin\zip.dll
0x00007ffe1fb50000 - 0x00007ffe202bf000 	C:\Windows\System32\SHELL32.dll
0x00007ffe1ca40000 - 0x00007ffe1d1e3000 	C:\Windows\SYSTEM32\windows.storage.dll
0x00007ffe1f750000 - 0x00007ffe1faa3000 	C:\Windows\System32\combase.dll
0x00007ffe1e370000 - 0x00007ffe1e39e000 	C:\Windows\SYSTEM32\Wldp.dll
0x00007ffe20840000 - 0x00007ffe2090d000 	C:\Windows\System32\OLEAUT32.dll
0x00007ffe202c0000 - 0x00007ffe2036d000 	C:\Windows\System32\SHCORE.dll
0x00007ffe212d0000 - 0x00007ffe21325000 	C:\Windows\System32\shlwapi.dll
0x00007ffe1e950000 - 0x00007ffe1e974000 	C:\Windows\SYSTEM32\profapi.dll
0x00007ffe0c170000 - 0x00007ffe0c189000 	C:\Users\Admin\.vscode\extensions\redhat.java-1.35.1-win32-x64\jre\17.0.12-win32-x86_64\bin\net.dll
0x00007ffe183f0000 - 0x00007ffe184fd000 	C:\Windows\SYSTEM32\WINHTTP.dll
0x00007ffe1e150000 - 0x00007ffe1e1ba000 	C:\Windows\system32\mswsock.dll
0x00007ffe0c150000 - 0x00007ffe0c166000 	C:\Users\Admin\.vscode\extensions\redhat.java-1.35.1-win32-x64\jre\17.0.12-win32-x86_64\bin\nio.dll
0x00007ffe0dbb0000 - 0x00007ffe0dbc0000 	c:\Users\Admin\.vscode\extensions\redhat.java-1.35.1-win32-x64\jre\17.0.12-win32-x86_64\bin\verify.dll
0x00007ffe06650000 - 0x00007ffe06695000 	C:\Users\Admin\AppData\Roaming\Code\User\globalStorage\redhat.java\1.35.1\config_win\org.eclipse.equinox.launcher\org.eclipse.equinox.launcher.win32.win32.x86_64_1.2.1100.v20240722-2106\eclipse_11904.dll
0x00007ffe20710000 - 0x00007ffe2083b000 	C:\Windows\System32\ole32.dll
0x00007ffe1e3b0000 - 0x00007ffe1e3c8000 	C:\Windows\SYSTEM32\CRYPTSP.dll
0x00007ffe1da20000 - 0x00007ffe1da54000 	C:\Windows\system32\rsaenh.dll
0x00007ffe1e910000 - 0x00007ffe1e93e000 	C:\Windows\SYSTEM32\USERENV.dll
0x00007ffe1e2e0000 - 0x00007ffe1e2ec000 	C:\Windows\SYSTEM32\CRYPTBASE.dll
0x00007ffe1de00000 - 0x00007ffe1de3b000 	C:\Windows\SYSTEM32\IPHLPAPI.DLL
0x00007ffe20450000 - 0x00007ffe20458000 	C:\Windows\System32\NSI.dll
0x00007ffe17c50000 - 0x00007ffe17c67000 	C:\Windows\SYSTEM32\dhcpcsvc6.DLL
0x00007ffe17aa0000 - 0x00007ffe17abd000 	C:\Windows\SYSTEM32\dhcpcsvc.DLL
0x00007ffe1de40000 - 0x00007ffe1df0a000 	C:\Windows\SYSTEM32\DNSAPI.dll
0x00007ffe06570000 - 0x00007ffe065b9000 	C:\Users\Admin\AppData\Local\Temp\jna-63116079\jna6692216100359505253.dll
0x00007ffe20cc0000 - 0x00007ffe20cc8000 	C:\Windows\System32\PSAPI.DLL

dbghelp: loaded successfully - version: 4.0.5 - missing functions: none
symbol engine: initialized successfully - sym options: 0x614 - pdb path: .;c:\Users\Admin\.vscode\extensions\redhat.java-1.35.1-win32-x64\jre\17.0.12-win32-x86_64\bin;C:\Windows\SYSTEM32;C:\Windows\WinSxS\amd64_microsoft.windows.common-controls_6595b64144ccf1df_6.0.19041.4355_none_60b8b9eb71f62e16;c:\Users\Admin\.vscode\extensions\redhat.java-1.35.1-win32-x64\jre\17.0.12-win32-x86_64\bin\server;C:\Users\Admin\AppData\Roaming\Code\User\globalStorage\redhat.java\1.35.1\config_win\org.eclipse.equinox.launcher\org.eclipse.equinox.launcher.win32.win32.x86_64_1.2.1100.v20240722-2106;C:\Users\Admin\AppData\Local\Temp\jna-63116079

VM Arguments:
jvm_args: --add-modules=ALL-SYSTEM --add-opens=java.base/java.util=ALL-UNNAMED --add-opens=java.base/java.lang=ALL-UNNAMED --add-opens=java.base/sun.nio.fs=ALL-UNNAMED -Declipse.application=org.eclipse.jdt.ls.core.id1 -Dosgi.bundles.defaultStartLevel=4 -Declipse.product=org.eclipse.jdt.ls.core.product -Djava.import.generatesMetadataFilesAtProjectRoot=false -DDetectVMInstallationsJob.disabled=true -Dfile.encoding=utf8 -XX:+UseParallelGC -XX:GCTimeRatio=4 -XX:AdaptiveSizePolicyWeight=90 -Dsun.zip.disableMemoryMapping=true -Xmx1G -Xms100m -Xlog:disable -javaagent:c:\Users\Admin\.vscode\extensions\redhat.java-1.35.1-win32-x64\lombok\lombok-1.18.33.jar -XX:+HeapDumpOnOutOfMemoryError -XX:HeapDumpPath=c:\Users\Admin\AppData\Roaming\Code\User\workspaceStorage\374db62d7145672f06f6dc5f6e6bb613\redhat.java -Daether.dependencyCollector.impl=bf 
java_command: c:\Users\Admin\.vscode\extensions\redhat.java-1.35.1-win32-x64\server\plugins\org.eclipse.equinox.launcher_1.6.900.v20240613-2009.jar -configuration c:\Users\Admin\AppData\Roaming\Code\User\globalStorage\redhat.java\1.35.1\config_win -data c:\Users\Admin\AppData\Roaming\Code\User\workspaceStorage\374db62d7145672f06f6dc5f6e6bb613\redhat.java\jdt_ws --pipe=\\.\pipe\lsp-73c2c2dd75b2424f3bb0d68ae94e5925-sock
java_class_path (initial): c:\Users\Admin\.vscode\extensions\redhat.java-1.35.1-win32-x64\server\plugins\org.eclipse.equinox.launcher_1.6.900.v20240613-2009.jar
Launcher Type: SUN_STANDARD

[Global flags]
    uintx AdaptiveSizePolicyWeight                 = 90                                        {product} {command line}
     intx CICompilerCount                          = 4                                         {product} {ergonomic}
    uintx GCTimeRatio                              = 4                                         {product} {command line}
     bool HeapDumpOnOutOfMemoryError               = true                                   {manageable} {command line}
    ccstr HeapDumpPath                             = c:\Users\Admin\AppData\Roaming\Code\User\workspaceStorage\374db62d7145672f06f6dc5f6e6bb613\redhat.java         {manageable} {command line}
   size_t InitialHeapSize                          = 104857600                                 {product} {command line}
   size_t MaxHeapSize                              = 1073741824                                {product} {command line}
   size_t MaxNewSize                               = 357564416                                 {product} {ergonomic}
   size_t MinHeapDeltaBytes                        = 524288                                    {product} {ergonomic}
   size_t MinHeapSize                              = 104857600                                 {product} {command line}
   size_t NewSize                                  = 34603008                                  {product} {ergonomic}
    uintx NonNMethodCodeHeapSize                   = 5839372                                {pd product} {ergonomic}
    uintx NonProfiledCodeHeapSize                  = 122909434                              {pd product} {ergonomic}
   size_t OldSize                                  = 70254592                                  {product} {ergonomic}
    uintx ProfiledCodeHeapSize                     = 122909434                              {pd product} {ergonomic}
    uintx ReservedCodeCacheSize                    = 251658240                              {pd product} {ergonomic}
     bool SegmentedCodeCache                       = true                                      {product} {ergonomic}
   size_t SoftMaxHeapSize                          = 1073741824                             {manageable} {ergonomic}
     bool UseCompressedClassPointers               = true                           {product lp64_product} {ergonomic}
     bool UseCompressedOops                        = true                           {product lp64_product} {ergonomic}
     bool UseLargePagesIndividualAllocation        = false                                  {pd product} {ergonomic}
     bool UseParallelGC                            = true                                      {product} {command line}

Logging:
Log output configuration:
 #0: stdout all=off uptime,level,tags
 #1: stderr all=off uptime,level,tags

Environment Variables:
JAVA_HOME=C:\Program Files\Microsoft\jdk-17.0.10.7-hotspot\
PATH=C:\Program Files\Microsoft\jdk-17.0.10.7-hotspot\bin;C:\Windows\system32;C:\Windows;C:\Windows\System32\Wbem;C:\Windows\System32\WindowsPowerShell\v1.0\;C:\Windows\System32\OpenSSH\;C:\Program Files\OpenVPN\bin;C:\Program Files\nodejs\;C:\ProgramData\chocolatey\bin;C:\Program Files\Git\cmd;C:\php-8.3.7;C:\xampp\php;;C:\Program Files\Docker\Docker\resources\bin;C:\Users\Admin\Flutter\bin;C:\Users\Admin\AppData\Local\Programs\Python\Python310\Scripts\;C:\Users\Admin\AppData\Local\Programs\Python\Python310\;C:\Users\Admin\AppData\Local\Programs\Python\Python312\Scripts\;C:\Users\Admin\AppData\Local\Programs\Python\Python312\;C:\Users\Admin\AppData\Local\Programs\Python\Launcher\;C:\Users\Admin\AppData\Local\flutter\bin;C:\Users\Admin\AppData\Local\Microsoft\WindowsApps;C:\Users\Admin\AppData\Local\Programs\Microsoft VS Code\bin;C:\Users\Admin\AppData\Roaming\npm;C:\Users\Admin\AppData\Local\Android\Sdk\platform-tools;C:\msys64\ucrt64\bin;C:\php-8.3.7;C:\xampp\php;
USERNAME=Admin
OS=Windows_NT
PROCESSOR_IDENTIFIER=Intel64 Family 6 Model 140 Stepping 1, GenuineIntel
TMP=C:\Users\Admin\AppData\Local\Temp
TEMP=C:\Users\Admin\AppData\Local\Temp



Periodic native trim disabled


---------------  S Y S T E M  ---------------

OS:
 Windows 10 , 64 bit Build 19041 (10.0.19041.4842)
OS uptime: 0 days 0:36 hours
Hyper-V role detected

CPU: total 8 (initial active 8) (4 cores per cpu, 2 threads per core) family 6 model 140 stepping 1 microcode 0x86, cx8, cmov, fxsr, ht, mmx, 3dnowpref, sse, sse2, sse3, ssse3, sse4.1, sse4.2, popcnt, lzcnt, tsc, tscinvbit, avx, avx2, aes, erms, clmul, bmi1, bmi2, adx, avx512f, avx512dq, avx512cd, avx512bw, avx512vl, sha, fma, vzeroupper, avx512_vpopcntdq, avx512_vpclmulqdq, avx512_vaes, avx512_vnni, clflush, clflushopt, clwb, avx512_vbmi2, avx512_vbmi, hv
Processor Information for all 8 processors :
  Max Mhz: 2803, Current Mhz: 2803, Mhz Limit: 2803

Memory: 4k page, system-wide physical 16082M (3802M free)
TotalPageFile size 16082M (AvailPageFile size 9M)
current process WorkingSet (physical memory assigned to process): 218M, peak: 223M
current process commit charge ("private bytes"): 312M, peak: 317M

vm_info: OpenJDK 64-Bit Server VM (17.0.12+7) for windows-amd64 JRE (17.0.12+7), built on Jul 16 2024 22:08:24 by "admin" with MS VC++ 16.10 / 16.11 (VS2019)

END.
