#
# There is insufficient memory for the Java Runtime Environment to continue.
# Native memory allocation (malloc) failed to allocate 1377040 bytes. Error detail: Chunk::new
# Possible reasons:
#   The system is out of physical RAM or swap space
#   This process is running with CompressedOops enabled, and the Java Heap may be blocking the growth of the native heap
# Possible solutions:
#   Reduce memory load on the system
#   Increase physical memory or swap space
#   Check if swap backing store is full
#   Decrease Java heap size (-Xmx/-Xms)
#   Decrease number of Java threads
#   Decrease Java thread stack sizes (-Xss)
#   Set larger code cache with -XX:ReservedCodeCacheSize=
#   JVM is running with Unscaled Compressed Oops mode in which the Java heap is
#     placed in the first 4GB address space. The Java Heap base address is the
#     maximum limit for the native heap growth. Please use -XX:HeapBaseMinAddress
#     to set the Java Heap base and to place the Java Heap above 4GB virtual address.
# This output file may be truncated or incomplete.
#
#  Out of Memory Error (arena.cpp:191), pid=3452, tid=3544
#
# JRE version: OpenJDK Runtime Environment Temurin-17.0.12+7 (17.0.12+7) (build 17.0.12+7)
# Java VM: OpenJDK 64-Bit Server VM Temurin-17.0.12+7 (17.0.12+7, mixed mode, tiered, compressed oops, compressed class ptrs, parallel gc, windows-amd64)
# No core dump will be written. Minidumps are not enabled by default on client versions of Windows
#

---------------  S U M M A R Y ------------

Command Line: --add-modules=ALL-SYSTEM --add-opens=java.base/java.util=ALL-UNNAMED --add-opens=java.base/java.lang=ALL-UNNAMED --add-opens=java.base/sun.nio.fs=ALL-UNNAMED -Declipse.application=org.eclipse.jdt.ls.core.id1 -Dosgi.bundles.defaultStartLevel=4 -Declipse.product=org.eclipse.jdt.ls.core.product -Djava.import.generatesMetadataFilesAtProjectRoot=false -DDetectVMInstallationsJob.disabled=true -Dfile.encoding=utf8 -XX:+UseParallelGC -XX:GCTimeRatio=4 -XX:AdaptiveSizePolicyWeight=90 -Dsun.zip.disableMemoryMapping=true -Xmx1G -Xms100m -Xlog:disable -javaagent:c:\Users\Admin\.vscode\extensions\redhat.java-1.35.1-win32-x64\lombok\lombok-1.18.33.jar -XX:+HeapDumpOnOutOfMemoryError -XX:HeapDumpPath=c:\Users\Admin\AppData\Roaming\Code\User\workspaceStorage\374db62d7145672f06f6dc5f6e6bb613\redhat.java -Daether.dependencyCollector.impl=bf c:\Users\Admin\.vscode\extensions\redhat.java-1.35.1-win32-x64\server\plugins\org.eclipse.equinox.launcher_1.6.900.v20240613-2009.jar -configuration c:\Users\Admin\AppData\Roaming\Code\User\globalStorage\redhat.java\1.35.1\config_win -data c:\Users\Admin\AppData\Roaming\Code\User\workspaceStorage\374db62d7145672f06f6dc5f6e6bb613\redhat.java\jdt_ws --pipe=\\.\pipe\lsp-8f5cdbdbbfb1b29653f9d7cd2aa9f340-sock

Host: 11th Gen Intel(R) Core(TM) i7-1165G7 @ 2.80GHz, 8 cores, 15G,  Windows 10 , 64 bit Build 19041 (10.0.19041.4842)
Time: Wed Oct 16 16:15:29 2024 Malay Peninsula Standard Time elapsed time: 7.658208 seconds (0d 0h 0m 7s)

---------------  T H R E A D  ---------------

Current thread (0x0000017c1c5175f0):  JavaThread "C2 CompilerThread2" daemon [_thread_in_native, id=3544, stack(0x0000003670500000,0x0000003670600000)]


Current CompileTask:
C2:   7658 4777   !   4       org.eclipse.osgi.internal.loader.BundleLoader::findClass0 (470 bytes)

Stack: [0x0000003670500000,0x0000003670600000]
Native frames: (J=compiled Java code, j=interpreted, Vv=VM code, C=native code)
V  [jvm.dll+0x67f929]
V  [jvm.dll+0x8371ba]
V  [jvm.dll+0x838c7e]
V  [jvm.dll+0x8392e3]
V  [jvm.dll+0x24834f]
V  [jvm.dll+0xac9d4]
V  [jvm.dll+0xad01c]
V  [jvm.dll+0x3674a7]
V  [jvm.dll+0x1bd376]
V  [jvm.dll+0x21aa09]
V  [jvm.dll+0x219cf1]
V  [jvm.dll+0x1a58bd]
V  [jvm.dll+0x229a2d]
V  [jvm.dll+0x227bdc]
V  [jvm.dll+0x7ec1f7]
V  [jvm.dll+0x7e65dc]
V  [jvm.dll+0x67e7f7]
C  [ucrtbase.dll+0x21bb2]
C  [KERNEL32.DLL+0x17374]
C  [ntdll.dll+0x4cc91]


---------------  P R O C E S S  ---------------

Threads class SMR info:
_java_thread_list=0x0000017c1c305710, length=39, elements={
0x0000017c7d9ed6e0, 0x0000017c7daae5a0, 0x0000017c18f34c20, 0x0000017c18f50280,
0x0000017c7fbfa660, 0x0000017c7fbfb220, 0x0000017c7fbfbde0, 0x0000017c18f52fe0,
0x0000017c18fb6a20, 0x0000017c18fbb7f0, 0x0000017c7da50130, 0x0000017c192b3a80,
0x0000017c1a850730, 0x0000017c1a864260, 0x0000017c1a864a10, 0x0000017c1aca1640,
0x0000017c1ae02f80, 0x0000017c1b137e50, 0x0000017c1ade0940, 0x0000017c1ade1360,
0x0000017c1ade1d80, 0x0000017c1ade27a0, 0x0000017c1a687f00, 0x0000017c1c5175f0,
0x0000017c1addff20, 0x0000017c1addf500, 0x0000017c1ade0e50, 0x0000017c1ade1870,
0x0000017c1addeff0, 0x0000017c1addfa10, 0x0000017c1ade0430, 0x0000017c1dab7da0,
0x0000017c1dab0930, 0x0000017c1dab5f40, 0x0000017c1dab1350, 0x0000017c1dab1860,
0x0000017c1dab1d70, 0x0000017c1dab6e70, 0x0000017c1dab7890
}
_to_delete_list=0x0000017c1c0738d0, length=38, elements={
0x0000017c7d9ed6e0, 0x0000017c7daae5a0, 0x0000017c18f34c20, 0x0000017c18f50280,
0x0000017c7fbfa660, 0x0000017c7fbfb220, 0x0000017c7fbfbde0, 0x0000017c18f52fe0,
0x0000017c18fb6a20, 0x0000017c18fbb7f0, 0x0000017c7da50130, 0x0000017c192b3a80,
0x0000017c1a850730, 0x0000017c1a864260, 0x0000017c1a864a10, 0x0000017c1aca1640,
0x0000017c1ae02f80, 0x0000017c1b137e50, 0x0000017c1ade0940, 0x0000017c1ade1360,
0x0000017c1ade1d80, 0x0000017c1ade27a0, 0x0000017c1a687f00, 0x0000017c1c5175f0,
0x0000017c1addff20, 0x0000017c1addf500, 0x0000017c1ade0e50, 0x0000017c1ade1870,
0x0000017c1addeff0, 0x0000017c1addfa10, 0x0000017c1ade0430, 0x0000017c1dab7da0,
0x0000017c1dab0930, 0x0000017c1dab5f40, 0x0000017c1dab1350, 0x0000017c1dab1860,
0x0000017c1dab1d70, 0x0000017c1dab6e70
}

Java Threads: ( => current thread )
  0x0000017c7d9ed6e0 JavaThread "main" [_thread_blocked, id=796, stack(0x000000366e400000,0x000000366e500000)]
  0x0000017c7daae5a0 JavaThread "Reference Handler" daemon [_thread_blocked, id=10616, stack(0x000000366e700000,0x000000366e800000)]
  0x0000017c18f34c20 JavaThread "Finalizer" daemon [_thread_blocked, id=7944, stack(0x000000366e800000,0x000000366e900000)]
  0x0000017c18f50280 JavaThread "Signal Dispatcher" daemon [_thread_blocked, id=4028, stack(0x000000366e900000,0x000000366ea00000)]
  0x0000017c7fbfa660 JavaThread "Attach Listener" daemon [_thread_blocked, id=2456, stack(0x000000366ea00000,0x000000366eb00000)]
  0x0000017c7fbfb220 JavaThread "Service Thread" daemon [_thread_blocked, id=1940, stack(0x000000366eb00000,0x000000366ec00000)]
  0x0000017c7fbfbde0 JavaThread "Monitor Deflation Thread" daemon [_thread_blocked, id=16104, stack(0x000000366ec00000,0x000000366ed00000)]
  0x0000017c18f52fe0 JavaThread "C2 CompilerThread0" daemon [_thread_in_native, id=13676, stack(0x000000366ed00000,0x000000366ee00000)]
  0x0000017c18fb6a20 JavaThread "C1 CompilerThread0" daemon [_thread_in_native, id=5888, stack(0x000000366ee00000,0x000000366ef00000)]
  0x0000017c18fbb7f0 JavaThread "Sweeper thread" daemon [_thread_blocked, id=5692, stack(0x000000366ef00000,0x000000366f000000)]
  0x0000017c7da50130 JavaThread "Common-Cleaner" daemon [_thread_blocked, id=16200, stack(0x000000366f000000,0x000000366f100000)]
  0x0000017c192b3a80 JavaThread "Notification Thread" daemon [_thread_blocked, id=5424, stack(0x000000366f200000,0x000000366f300000)]
  0x0000017c1a850730 JavaThread "Active Thread: Equinox Container: 20f770ff-fb52-4da7-923f-36f0276fa2cf" [_thread_blocked, id=4212, stack(0x000000366fa00000,0x000000366fb00000)]
  0x0000017c1a864260 JavaThread "Framework Event Dispatcher: Equinox Container: 20f770ff-fb52-4da7-923f-36f0276fa2cf" daemon [_thread_blocked, id=15540, stack(0x000000366fb00000,0x000000366fc00000)]
  0x0000017c1a864a10 JavaThread "Start Level: Equinox Container: 20f770ff-fb52-4da7-923f-36f0276fa2cf" daemon [_thread_blocked, id=832, stack(0x000000366fc00000,0x000000366fd00000)]
  0x0000017c1aca1640 JavaThread "Bundle File Closer" daemon [_thread_blocked, id=2848, stack(0x000000366ff00000,0x0000003670000000)]
  0x0000017c1ae02f80 JavaThread "SCR Component Actor" daemon [_thread_blocked, id=5628, stack(0x0000003670000000,0x0000003670100000)]
  0x0000017c1b137e50 JavaThread "SCR Component Registry" daemon [_thread_blocked, id=1004, stack(0x0000003670100000,0x0000003670200000)]
  0x0000017c1ade0940 JavaThread "Worker-JM" [_thread_blocked, id=3196, stack(0x000000366f100000,0x000000366f200000)]
  0x0000017c1ade1360 JavaThread "JNA Cleaner" daemon [_thread_blocked, id=7780, stack(0x000000366fe00000,0x000000366ff00000)]
  0x0000017c1ade1d80 JavaThread "Worker-0: Repository registry initialization" [_thread_in_vm, id=3948, stack(0x0000003670200000,0x0000003670300000)]
  0x0000017c1ade27a0 JavaThread "Worker-1: Updating Maven Dependencies" [_thread_blocked, id=12016, stack(0x0000003670300000,0x0000003670400000)]
  0x0000017c1a687f00 JavaThread "C2 CompilerThread1" daemon [_thread_in_native, id=2648, stack(0x0000003670400000,0x0000003670500000)]
=>0x0000017c1c5175f0 JavaThread "C2 CompilerThread2" daemon [_thread_in_native, id=3544, stack(0x0000003670500000,0x0000003670600000)]
  0x0000017c1addff20 JavaThread "Java indexing" daemon [_thread_blocked, id=10904, stack(0x0000003670600000,0x0000003670700000)]
  0x0000017c1addf500 JavaThread "Thread-2" daemon [_thread_in_native, id=7956, stack(0x0000003670900000,0x0000003670a00000)]
  0x0000017c1ade0e50 JavaThread "Thread-3" daemon [_thread_in_native, id=11044, stack(0x0000003670a00000,0x0000003670b00000)]
  0x0000017c1ade1870 JavaThread "Thread-4" daemon [_thread_in_native, id=11132, stack(0x0000003670b00000,0x0000003670c00000)]
  0x0000017c1addeff0 JavaThread "Thread-5" daemon [_thread_in_native, id=10800, stack(0x0000003670c00000,0x0000003670d00000)]
  0x0000017c1addfa10 JavaThread "Thread-6" daemon [_thread_in_native, id=11520, stack(0x0000003670d00000,0x0000003670e00000)]
  0x0000017c1ade0430 JavaThread "Thread-7" daemon [_thread_in_native, id=10548, stack(0x0000003670e00000,0x0000003670f00000)]
  0x0000017c1dab7da0 JavaThread "Thread-8" daemon [_thread_in_native, id=8780, stack(0x0000003670f00000,0x0000003671000000)]
  0x0000017c1dab0930 JavaThread "Thread-9" daemon [_thread_in_native, id=4508, stack(0x0000003671000000,0x0000003671100000)]
  0x0000017c1dab5f40 JavaThread "Thread-10" daemon [_thread_in_native, id=5792, stack(0x0000003671100000,0x0000003671200000)]
  0x0000017c1dab1350 JavaThread "pool-2-thread-1" [_thread_blocked, id=13568, stack(0x0000003671200000,0x0000003671300000)]
  0x0000017c1dab1860 JavaThread "Worker-2" [_thread_blocked, id=2492, stack(0x0000003671300000,0x0000003671400000)]
  0x0000017c1dab1d70 JavaThread "WorkspaceEventsHandler" [_thread_blocked, id=7884, stack(0x0000003671400000,0x0000003671500000)]
  0x0000017c1dab6e70 JavaThread "pool-1-thread-1" [_thread_blocked, id=14824, stack(0x0000003671500000,0x0000003671600000)]
  0x0000017c1dab7890 JavaThread "Worker-3" [_thread_blocked, id=3128, stack(0x0000003671600000,0x0000003671700000)]

Other Threads:
  0x0000017c7fbefcd0 VMThread "VM Thread" [stack: 0x000000366e600000,0x000000366e700000] [id=13960]
  0x0000017c191b3c90 WatcherThread [stack: 0x000000366f300000,0x000000366f400000] [id=5288]
  0x0000017c7da03010 GCTaskThread "GC Thread#0" [stack: 0x000000366e500000,0x000000366e600000] [id=1460]
  0x0000017c1a264350 GCTaskThread "GC Thread#1" [stack: 0x000000366f400000,0x000000366f500000] [id=8764]
  0x0000017c1a264a20 GCTaskThread "GC Thread#2" [stack: 0x000000366f500000,0x000000366f600000] [id=8260]
  0x0000017c1a264ce0 GCTaskThread "GC Thread#3" [stack: 0x000000366f600000,0x000000366f700000] [id=13272]
  0x0000017c1a264fa0 GCTaskThread "GC Thread#4" [stack: 0x000000366f700000,0x000000366f800000] [id=4460]
  0x0000017c1a265a70 GCTaskThread "GC Thread#5" [stack: 0x000000366f800000,0x000000366f900000] [id=13948]
  0x0000017c1a265d30 GCTaskThread "GC Thread#6" [stack: 0x000000366f900000,0x000000366fa00000] [id=14332]
  0x0000017c7d88d170 GCTaskThread "GC Thread#7" [stack: 0x000000366fd00000,0x000000366fe00000] [id=1560]

Threads with active compile tasks:
C2 CompilerThread0     7674 5140   !   4       org.eclipse.osgi.internal.loader.BundleLoader::findRequiredSource (283 bytes)
C1 CompilerThread0     7674 5221       3       com.google.inject.internal.asm.$AnnotationWriter::computeAnnotationsSize (66 bytes)
C2 CompilerThread1     7674 5167       4       java.util.TreeMap::put (221 bytes)
C2 CompilerThread2     7674 4777   !   4       org.eclipse.osgi.internal.loader.BundleLoader::findClass0 (470 bytes)

VM state: not at safepoint (normal execution)

VM Mutex/Monitor currently owned by a thread: None

Heap address: 0x00000000c0000000, size: 1024 MB, Compressed Oops mode: 32-bit

CDS archive(s) not mapped
Compressed class space mapped at: 0x0000000100000000-0x0000000140000000, reserved size: 1073741824
Narrow klass base: 0x0000000000000000, Narrow klass shift: 3, Narrow klass range: 0x140000000

GC Precious Log:
 CPUs: 8 total, 8 available
 Memory: 16082M
 Large Page Support: Disabled
 NUMA Support: Disabled
 Compressed Oops: Enabled (32-bit)
 Alignments: Space 512K, Generation 512K, Heap 2M
 Heap Min Capacity: 100M
 Heap Initial Capacity: 100M
 Heap Max Capacity: 1G
 Pre-touch: Disabled
 Parallel Workers: 8

Heap:
 PSYoungGen      total 23040K, used 7976K [0x00000000eab00000, 0x00000000ec580000, 0x0000000100000000)
  eden space 22016K, 31% used [0x00000000eab00000,0x00000000eb1ca058,0x00000000ec080000)
  from space 1024K, 100% used [0x00000000ec400000,0x00000000ec500000,0x00000000ec500000)
  to   space 512K, 0% used [0x00000000ec500000,0x00000000ec500000,0x00000000ec580000)
 ParOldGen       total 68608K, used 17590K [0x00000000c0000000, 0x00000000c4300000, 0x00000000eab00000)
  object space 68608K, 25% used [0x00000000c0000000,0x00000000c112db28,0x00000000c4300000)
 Metaspace       used 47932K, committed 48896K, reserved 1114112K
  class space    used 5096K, committed 5504K, reserved 1048576K

Card table byte_map: [0x0000017c7f490000,0x0000017c7f6a0000] _byte_map_base: 0x0000017c7ee90000

Marking Bits: (ParMarkBitMap*) 0x00007ffdf5fd58b0
 Begin Bits: [0x0000017c11be0000, 0x0000017c12be0000)
 End Bits:   [0x0000017c12be0000, 0x0000017c13be0000)

Polling page: 0x0000017c7dab0000

Metaspace:

Usage:
  Non-class:     41.83 MB used.
      Class:      4.98 MB used.
       Both:     46.81 MB used.

Virtual space:
  Non-class space:       64.00 MB reserved,      42.38 MB ( 66%) committed,  1 nodes.
      Class space:        1.00 GB reserved,       5.38 MB ( <1%) committed,  1 nodes.
             Both:        1.06 GB reserved,      47.75 MB (  4%) committed. 

Chunk freelists:
   Non-Class:  5.03 MB
       Class:  10.61 MB
        Both:  15.64 MB

MaxMetaspaceSize: unlimited
CompressedClassSpaceSize: 1.00 GB
Initial GC threshold: 21.00 MB
Current GC threshold: 58.38 MB
CDS: off
MetaspaceReclaimPolicy: balanced
 - commit_granule_bytes: 65536.
 - commit_granule_words: 8192.
 - virtual_space_node_default_size: 8388608.
 - enlarge_chunks_in_place: 1.
 - new_chunks_are_fully_committed: 0.
 - uncommit_free_chunks: 1.
 - use_allocation_guard: 0.
 - handle_deallocations: 1.


Internal statistics:

num_allocs_failed_limit: 6.
num_arena_births: 532.
num_arena_deaths: 14.
num_vsnodes_births: 2.
num_vsnodes_deaths: 0.
num_space_committed: 764.
num_space_uncommitted: 0.
num_chunks_returned_to_freelist: 20.
num_chunks_taken_from_freelist: 2250.
num_chunk_merges: 11.
num_chunk_splits: 1438.
num_chunks_enlarged: 902.
num_inconsistent_stats: 0.

CodeHeap 'non-profiled nmethods': size=120000Kb used=2272Kb max_used=2543Kb free=117727Kb
 bounds [0x0000017c0a6b0000, 0x0000017c0a940000, 0x0000017c11be0000]
CodeHeap 'profiled nmethods': size=120000Kb used=8504Kb max_used=10382Kb free=111495Kb
 bounds [0x0000017c02be0000, 0x0000017c03610000, 0x0000017c0a110000]
CodeHeap 'non-nmethods': size=5760Kb used=1303Kb max_used=1371Kb free=4456Kb
 bounds [0x0000017c0a110000, 0x0000017c0a380000, 0x0000017c0a6b0000]
 total_blobs=5050 nmethods=4426 adapters=537
 compilation: enabled
              stopped_count=0, restarted_count=0
 full_count=0

Compilation events (20 events):
Event: 7.639 Thread 0x0000017c18fb6a20 nmethod 5159 0x0000017c02d55a10 code [0x0000017c02d55c80, 0x0000017c02d56548]
Event: 7.639 Thread 0x0000017c18fb6a20 5161       3       com.google.inject.internal.asm.$Type::getArgumentsAndReturnSizes (140 bytes)
Event: 7.641 Thread 0x0000017c18fb6a20 nmethod 5161 0x0000017c033c5f10 code [0x0000017c033c6320, 0x0000017c033c82d8]
Event: 7.641 Thread 0x0000017c18fb6a20 5160       3       com.google.inject.internal.asm.$SymbolTable::hash (20 bytes)
Event: 7.642 Thread 0x0000017c18fb6a20 nmethod 5160 0x0000017c02f29490 code [0x0000017c02f29640, 0x0000017c02f29808]
Event: 7.642 Thread 0x0000017c18fb6a20 5163       3       com.google.inject.internal.asm.$MethodWriter::visitVarInsn (302 bytes)
Event: 7.643 Thread 0x0000017c18fb6a20 nmethod 5163 0x0000017c03001b10 code [0x0000017c03001d60, 0x0000017c03002768]
Event: 7.643 Thread 0x0000017c18fb6a20 5165       3       java.util.TreeMap::successor (66 bytes)
Event: 7.643 Thread 0x0000017c18fb6a20 nmethod 5165 0x0000017c0300a790 code [0x0000017c0300a960, 0x0000017c0300acd8]
Event: 7.643 Thread 0x0000017c18fb6a20 5164       3       com.google.inject.internal.InjectorBindingData::getExplicitBinding (48 bytes)
Event: 7.643 Thread 0x0000017c18fb6a20 nmethod 5164 0x0000017c02f18510 code [0x0000017c02f18720, 0x0000017c02f18ee8]
Event: 7.643 Thread 0x0000017c18fb6a20 5162       3       java.lang.reflect.Field::setAccessible (21 bytes)
Event: 7.644 Thread 0x0000017c18fb6a20 nmethod 5162 0x0000017c03177a10 code [0x0000017c03177c20, 0x0000017c03178248]
Event: 7.644 Thread 0x0000017c18fb6a20 5166       3       java.util.TreeMap$PrivateEntryIterator::nextEntry (54 bytes)
Event: 7.644 Thread 0x0000017c18fb6a20 nmethod 5166 0x0000017c03182a10 code [0x0000017c03182be0, 0x0000017c03182f88]
Event: 7.644 Thread 0x0000017c18fb6a20 5168       3       com.google.inject.internal.asm.$Label::resolve (219 bytes)
Event: 7.645 Thread 0x0000017c18fb6a20 nmethod 5168 0x0000017c03216810 code [0x0000017c032169e0, 0x0000017c03216f18]
Event: 7.645 Thread 0x0000017c18fb6a20 5169       3       com.google.inject.internal.aop.ClassBuilding::canAccess (27 bytes)
Event: 7.646 Thread 0x0000017c18fb6a20 nmethod 5169 0x0000017c03551e10 code [0x0000017c03551fc0, 0x0000017c03552248]
Event: 7.646 Thread 0x0000017c18fb6a20 5170       3       com.google.inject.internal.asm.$SymbolTable::addConstantMethodref (24 bytes)

GC Heap History (20 events):
Event: 5.469 GC heap before
{Heap before GC invocations=8 (full 1):
 PSYoungGen      total 26624K, used 26365K [0x00000000eab00000, 0x00000000eca80000, 0x0000000100000000)
  eden space 25088K, 100% used [0x00000000eab00000,0x00000000ec380000,0x00000000ec380000)
  from space 1536K, 83% used [0x00000000ec900000,0x00000000eca3f510,0x00000000eca80000)
  to   space 3072K, 0% used [0x00000000ec480000,0x00000000ec480000,0x00000000ec780000)
 ParOldGen       total 68608K, used 10707K [0x00000000c0000000, 0x00000000c4300000, 0x00000000eab00000)
  object space 68608K, 15% used [0x00000000c0000000,0x00000000c0a74c28,0x00000000c4300000)
 Metaspace       used 27387K, committed 28032K, reserved 1114112K
  class space    used 2820K, committed 3072K, reserved 1048576K
}
Event: 5.472 GC heap after
{Heap after GC invocations=8 (full 1):
 PSYoungGen      total 27648K, used 2806K [0x00000000eab00000, 0x00000000eca00000, 0x0000000100000000)
  eden space 24576K, 0% used [0x00000000eab00000,0x00000000eab00000,0x00000000ec300000)
  from space 3072K, 91% used [0x00000000ec480000,0x00000000ec73db40,0x00000000ec780000)
  to   space 2560K, 0% used [0x00000000ec780000,0x00000000ec780000,0x00000000eca00000)
 ParOldGen       total 68608K, used 10715K [0x00000000c0000000, 0x00000000c4300000, 0x00000000eab00000)
  object space 68608K, 15% used [0x00000000c0000000,0x00000000c0a76c28,0x00000000c4300000)
 Metaspace       used 27387K, committed 28032K, reserved 1114112K
  class space    used 2820K, committed 3072K, reserved 1048576K
}
Event: 5.697 GC heap before
{Heap before GC invocations=9 (full 1):
 PSYoungGen      total 27648K, used 27382K [0x00000000eab00000, 0x00000000eca00000, 0x0000000100000000)
  eden space 24576K, 100% used [0x00000000eab00000,0x00000000ec300000,0x00000000ec300000)
  from space 3072K, 91% used [0x00000000ec480000,0x00000000ec73db40,0x00000000ec780000)
  to   space 2560K, 0% used [0x00000000ec780000,0x00000000ec780000,0x00000000eca00000)
 ParOldGen       total 68608K, used 10715K [0x00000000c0000000, 0x00000000c4300000, 0x00000000eab00000)
  object space 68608K, 15% used [0x00000000c0000000,0x00000000c0a76c28,0x00000000c4300000)
 Metaspace       used 30027K, committed 30656K, reserved 1114112K
  class space    used 2993K, committed 3264K, reserved 1048576K
}
Event: 5.698 GC heap after
{Heap after GC invocations=9 (full 1):
 PSYoungGen      total 26624K, used 2558K [0x00000000eab00000, 0x00000000eca00000, 0x0000000100000000)
  eden space 24064K, 0% used [0x00000000eab00000,0x00000000eab00000,0x00000000ec280000)
  from space 2560K, 99% used [0x00000000ec780000,0x00000000ec9ff8b0,0x00000000eca00000)
  to   space 3072K, 0% used [0x00000000ec400000,0x00000000ec400000,0x00000000ec700000)
 ParOldGen       total 68608K, used 11091K [0x00000000c0000000, 0x00000000c4300000, 0x00000000eab00000)
  object space 68608K, 16% used [0x00000000c0000000,0x00000000c0ad4c28,0x00000000c4300000)
 Metaspace       used 30027K, committed 30656K, reserved 1114112K
  class space    used 2993K, committed 3264K, reserved 1048576K
}
Event: 5.875 GC heap before
{Heap before GC invocations=10 (full 1):
 PSYoungGen      total 26624K, used 26622K [0x00000000eab00000, 0x00000000eca00000, 0x0000000100000000)
  eden space 24064K, 100% used [0x00000000eab00000,0x00000000ec280000,0x00000000ec280000)
  from space 2560K, 99% used [0x00000000ec780000,0x00000000ec9ff8b0,0x00000000eca00000)
  to   space 3072K, 0% used [0x00000000ec400000,0x00000000ec400000,0x00000000ec700000)
 ParOldGen       total 68608K, used 11091K [0x00000000c0000000, 0x00000000c4300000, 0x00000000eab00000)
  object space 68608K, 16% used [0x00000000c0000000,0x00000000c0ad4c28,0x00000000c4300000)
 Metaspace       used 32917K, committed 33600K, reserved 1114112K
  class space    used 3219K, committed 3456K, reserved 1048576K
}
Event: 5.878 GC heap after
{Heap after GC invocations=10 (full 1):
 PSYoungGen      total 26624K, used 3058K [0x00000000eab00000, 0x00000000ecc00000, 0x0000000100000000)
  eden space 23552K, 0% used [0x00000000eab00000,0x00000000eab00000,0x00000000ec200000)
  from space 3072K, 99% used [0x00000000ec400000,0x00000000ec6fc930,0x00000000ec700000)
  to   space 5120K, 0% used [0x00000000ec700000,0x00000000ec700000,0x00000000ecc00000)
 ParOldGen       total 68608K, used 12609K [0x00000000c0000000, 0x00000000c4300000, 0x00000000eab00000)
  object space 68608K, 18% used [0x00000000c0000000,0x00000000c0c50518,0x00000000c4300000)
 Metaspace       used 32917K, committed 33600K, reserved 1114112K
  class space    used 3219K, committed 3456K, reserved 1048576K
}
Event: 6.101 GC heap before
{Heap before GC invocations=11 (full 1):
 PSYoungGen      total 26624K, used 26028K [0x00000000eab00000, 0x00000000ecc00000, 0x0000000100000000)
  eden space 23552K, 97% used [0x00000000eab00000,0x00000000ec16e888,0x00000000ec200000)
  from space 3072K, 99% used [0x00000000ec400000,0x00000000ec6fc930,0x00000000ec700000)
  to   space 5120K, 0% used [0x00000000ec700000,0x00000000ec700000,0x00000000ecc00000)
 ParOldGen       total 68608K, used 12609K [0x00000000c0000000, 0x00000000c4300000, 0x00000000eab00000)
  object space 68608K, 18% used [0x00000000c0000000,0x00000000c0c50518,0x00000000c4300000)
 Metaspace       used 35137K, committed 35840K, reserved 1114112K
  class space    used 3420K, committed 3712K, reserved 1048576K
}
Event: 6.104 GC heap after
{Heap after GC invocations=11 (full 1):
 PSYoungGen      total 26112K, used 2074K [0x00000000eab00000, 0x00000000ec980000, 0x0000000100000000)
  eden space 23552K, 0% used [0x00000000eab00000,0x00000000eab00000,0x00000000ec200000)
  from space 2560K, 81% used [0x00000000ec700000,0x00000000ec9068d0,0x00000000ec980000)
  to   space 3072K, 0% used [0x00000000ec380000,0x00000000ec380000,0x00000000ec680000)
 ParOldGen       total 68608K, used 14481K [0x00000000c0000000, 0x00000000c4300000, 0x00000000eab00000)
  object space 68608K, 21% used [0x00000000c0000000,0x00000000c0e247d8,0x00000000c4300000)
 Metaspace       used 35137K, committed 35840K, reserved 1114112K
  class space    used 3420K, committed 3712K, reserved 1048576K
}
Event: 6.104 GC heap before
{Heap before GC invocations=12 (full 2):
 PSYoungGen      total 26112K, used 2074K [0x00000000eab00000, 0x00000000ec980000, 0x0000000100000000)
  eden space 23552K, 0% used [0x00000000eab00000,0x00000000eab00000,0x00000000ec200000)
  from space 2560K, 81% used [0x00000000ec700000,0x00000000ec9068d0,0x00000000ec980000)
  to   space 3072K, 0% used [0x00000000ec380000,0x00000000ec380000,0x00000000ec680000)
 ParOldGen       total 68608K, used 14481K [0x00000000c0000000, 0x00000000c4300000, 0x00000000eab00000)
  object space 68608K, 21% used [0x00000000c0000000,0x00000000c0e247d8,0x00000000c4300000)
 Metaspace       used 35137K, committed 35840K, reserved 1114112K
  class space    used 3420K, committed 3712K, reserved 1048576K
}
Event: 6.130 GC heap after
{Heap after GC invocations=12 (full 2):
 PSYoungGen      total 26112K, used 0K [0x00000000eab00000, 0x00000000ec980000, 0x0000000100000000)
  eden space 23552K, 0% used [0x00000000eab00000,0x00000000eab00000,0x00000000ec200000)
  from space 2560K, 0% used [0x00000000ec700000,0x00000000ec700000,0x00000000ec980000)
  to   space 3072K, 0% used [0x00000000ec380000,0x00000000ec380000,0x00000000ec680000)
 ParOldGen       total 68608K, used 14917K [0x00000000c0000000, 0x00000000c4300000, 0x00000000eab00000)
  object space 68608K, 21% used [0x00000000c0000000,0x00000000c0e91588,0x00000000c4300000)
 Metaspace       used 35124K, committed 35840K, reserved 1114112K
  class space    used 3417K, committed 3712K, reserved 1048576K
}
Event: 6.536 GC heap before
{Heap before GC invocations=13 (full 2):
 PSYoungGen      total 26112K, used 23552K [0x00000000eab00000, 0x00000000ec980000, 0x0000000100000000)
  eden space 23552K, 100% used [0x00000000eab00000,0x00000000ec200000,0x00000000ec200000)
  from space 2560K, 0% used [0x00000000ec700000,0x00000000ec700000,0x00000000ec980000)
  to   space 3072K, 0% used [0x00000000ec380000,0x00000000ec380000,0x00000000ec680000)
 ParOldGen       total 68608K, used 14917K [0x00000000c0000000, 0x00000000c4300000, 0x00000000eab00000)
  object space 68608K, 21% used [0x00000000c0000000,0x00000000c0e91588,0x00000000c4300000)
 Metaspace       used 38204K, committed 39104K, reserved 1114112K
  class space    used 3824K, committed 4160K, reserved 1048576K
}
Event: 6.540 GC heap after
{Heap after GC invocations=13 (full 2):
 PSYoungGen      total 24576K, used 1142K [0x00000000eab00000, 0x00000000ec780000, 0x0000000100000000)
  eden space 23040K, 0% used [0x00000000eab00000,0x00000000eab00000,0x00000000ec180000)
  from space 1536K, 74% used [0x00000000ec380000,0x00000000ec49da40,0x00000000ec500000)
  to   space 2048K, 0% used [0x00000000ec580000,0x00000000ec580000,0x00000000ec780000)
 ParOldGen       total 68608K, used 14925K [0x00000000c0000000, 0x00000000c4300000, 0x00000000eab00000)
  object space 68608K, 21% used [0x00000000c0000000,0x00000000c0e93588,0x00000000c4300000)
 Metaspace       used 38204K, committed 39104K, reserved 1114112K
  class space    used 3824K, committed 4160K, reserved 1048576K
}
Event: 6.736 GC heap before
{Heap before GC invocations=14 (full 2):
 PSYoungGen      total 24576K, used 24182K [0x00000000eab00000, 0x00000000ec780000, 0x0000000100000000)
  eden space 23040K, 100% used [0x00000000eab00000,0x00000000ec180000,0x00000000ec180000)
  from space 1536K, 74% used [0x00000000ec380000,0x00000000ec49da40,0x00000000ec500000)
  to   space 2048K, 0% used [0x00000000ec580000,0x00000000ec580000,0x00000000ec780000)
 ParOldGen       total 68608K, used 14925K [0x00000000c0000000, 0x00000000c4300000, 0x00000000eab00000)
  object space 68608K, 21% used [0x00000000c0000000,0x00000000c0e93588,0x00000000c4300000)
 Metaspace       used 41192K, committed 42112K, reserved 1114112K
  class space    used 4209K, committed 4608K, reserved 1048576K
}
Event: 6.739 GC heap after
{Heap after GC invocations=14 (full 2):
 PSYoungGen      total 23552K, used 832K [0x00000000eab00000, 0x00000000ec680000, 0x0000000100000000)
  eden space 22528K, 0% used [0x00000000eab00000,0x00000000eab00000,0x00000000ec100000)
  from space 1024K, 81% used [0x00000000ec580000,0x00000000ec650000,0x00000000ec680000)
  to   space 1536K, 0% used [0x00000000ec380000,0x00000000ec380000,0x00000000ec500000)
 ParOldGen       total 68608K, used 15910K [0x00000000c0000000, 0x00000000c4300000, 0x00000000eab00000)
  object space 68608K, 23% used [0x00000000c0000000,0x00000000c0f89b18,0x00000000c4300000)
 Metaspace       used 41192K, committed 42112K, reserved 1114112K
  class space    used 4209K, committed 4608K, reserved 1048576K
}
Event: 6.969 GC heap before
{Heap before GC invocations=15 (full 2):
 PSYoungGen      total 23552K, used 23360K [0x00000000eab00000, 0x00000000ec680000, 0x0000000100000000)
  eden space 22528K, 100% used [0x00000000eab00000,0x00000000ec100000,0x00000000ec100000)
  from space 1024K, 81% used [0x00000000ec580000,0x00000000ec650000,0x00000000ec680000)
  to   space 1536K, 0% used [0x00000000ec380000,0x00000000ec380000,0x00000000ec500000)
 ParOldGen       total 68608K, used 15910K [0x00000000c0000000, 0x00000000c4300000, 0x00000000eab00000)
  object space 68608K, 23% used [0x00000000c0000000,0x00000000c0f89b18,0x00000000c4300000)
 Metaspace       used 42719K, committed 43648K, reserved 1114112K
  class space    used 4415K, committed 4800K, reserved 1048576K
}
Event: 6.971 GC heap after
{Heap after GC invocations=15 (full 2):
 PSYoungGen      total 23552K, used 800K [0x00000000eab00000, 0x00000000ec600000, 0x0000000100000000)
  eden space 22016K, 0% used [0x00000000eab00000,0x00000000eab00000,0x00000000ec080000)
  from space 1536K, 52% used [0x00000000ec380000,0x00000000ec448000,0x00000000ec500000)
  to   space 1024K, 0% used [0x00000000ec500000,0x00000000ec500000,0x00000000ec600000)
 ParOldGen       total 68608K, used 16478K [0x00000000c0000000, 0x00000000c4300000, 0x00000000eab00000)
  object space 68608K, 24% used [0x00000000c0000000,0x00000000c1017b28,0x00000000c4300000)
 Metaspace       used 42719K, committed 43648K, reserved 1114112K
  class space    used 4415K, committed 4800K, reserved 1048576K
}
Event: 7.221 GC heap before
{Heap before GC invocations=16 (full 2):
 PSYoungGen      total 23552K, used 22816K [0x00000000eab00000, 0x00000000ec600000, 0x0000000100000000)
  eden space 22016K, 100% used [0x00000000eab00000,0x00000000ec080000,0x00000000ec080000)
  from space 1536K, 52% used [0x00000000ec380000,0x00000000ec448000,0x00000000ec500000)
  to   space 1024K, 0% used [0x00000000ec500000,0x00000000ec500000,0x00000000ec600000)
 ParOldGen       total 68608K, used 16478K [0x00000000c0000000, 0x00000000c4300000, 0x00000000eab00000)
  object space 68608K, 24% used [0x00000000c0000000,0x00000000c1017b28,0x00000000c4300000)
 Metaspace       used 44681K, committed 45632K, reserved 1114112K
  class space    used 4657K, committed 5056K, reserved 1048576K
}
Event: 7.224 GC heap after
{Heap after GC invocations=16 (full 2):
 PSYoungGen      total 23040K, used 640K [0x00000000eab00000, 0x00000000ec600000, 0x0000000100000000)
  eden space 22016K, 0% used [0x00000000eab00000,0x00000000eab00000,0x00000000ec080000)
  from space 1024K, 62% used [0x00000000ec500000,0x00000000ec5a0000,0x00000000ec600000)
  to   space 1024K, 0% used [0x00000000ec400000,0x00000000ec400000,0x00000000ec500000)
 ParOldGen       total 68608K, used 17086K [0x00000000c0000000, 0x00000000c4300000, 0x00000000eab00000)
  object space 68608K, 24% used [0x00000000c0000000,0x00000000c10afb28,0x00000000c4300000)
 Metaspace       used 44681K, committed 45632K, reserved 1114112K
  class space    used 4657K, committed 5056K, reserved 1048576K
}
Event: 7.541 GC heap before
{Heap before GC invocations=17 (full 2):
 PSYoungGen      total 23040K, used 22656K [0x00000000eab00000, 0x00000000ec600000, 0x0000000100000000)
  eden space 22016K, 100% used [0x00000000eab00000,0x00000000ec080000,0x00000000ec080000)
  from space 1024K, 62% used [0x00000000ec500000,0x00000000ec5a0000,0x00000000ec600000)
  to   space 1024K, 0% used [0x00000000ec400000,0x00000000ec400000,0x00000000ec500000)
 ParOldGen       total 68608K, used 17086K [0x00000000c0000000, 0x00000000c4300000, 0x00000000eab00000)
  object space 68608K, 24% used [0x00000000c0000000,0x00000000c10afb28,0x00000000c4300000)
 Metaspace       used 47204K, committed 48192K, reserved 1114112K
  class space    used 4988K, committed 5376K, reserved 1048576K
}
Event: 7.543 GC heap after
{Heap after GC invocations=17 (full 2):
 PSYoungGen      total 23040K, used 1024K [0x00000000eab00000, 0x00000000ec580000, 0x0000000100000000)
  eden space 22016K, 0% used [0x00000000eab00000,0x00000000eab00000,0x00000000ec080000)
  from space 1024K, 100% used [0x00000000ec400000,0x00000000ec500000,0x00000000ec500000)
  to   space 512K, 0% used [0x00000000ec500000,0x00000000ec500000,0x00000000ec580000)
 ParOldGen       total 68608K, used 17590K [0x00000000c0000000, 0x00000000c4300000, 0x00000000eab00000)
  object space 68608K, 25% used [0x00000000c0000000,0x00000000c112db28,0x00000000c4300000)
 Metaspace       used 47204K, committed 48192K, reserved 1114112K
  class space    used 4988K, committed 5376K, reserved 1048576K
}

Dll operation events (10 events):
Event: 0.016 Loaded shared library c:\Users\Admin\.vscode\extensions\redhat.java-1.35.1-win32-x64\jre\17.0.12-win32-x86_64\bin\java.dll
Event: 0.423 Loaded shared library c:\Users\Admin\.vscode\extensions\redhat.java-1.35.1-win32-x64\jre\17.0.12-win32-x86_64\bin\zip.dll
Event: 0.428 Loaded shared library C:\Users\Admin\.vscode\extensions\redhat.java-1.35.1-win32-x64\jre\17.0.12-win32-x86_64\bin\instrument.dll
Event: 0.449 Loaded shared library C:\Users\Admin\.vscode\extensions\redhat.java-1.35.1-win32-x64\jre\17.0.12-win32-x86_64\bin\net.dll
Event: 0.450 Loaded shared library C:\Users\Admin\.vscode\extensions\redhat.java-1.35.1-win32-x64\jre\17.0.12-win32-x86_64\bin\nio.dll
Event: 0.459 Loaded shared library C:\Users\Admin\.vscode\extensions\redhat.java-1.35.1-win32-x64\jre\17.0.12-win32-x86_64\bin\zip.dll
Event: 0.489 Loaded shared library C:\Users\Admin\.vscode\extensions\redhat.java-1.35.1-win32-x64\jre\17.0.12-win32-x86_64\bin\jimage.dll
Event: 0.555 Loaded shared library c:\Users\Admin\.vscode\extensions\redhat.java-1.35.1-win32-x64\jre\17.0.12-win32-x86_64\bin\verify.dll
Event: 2.509 Loaded shared library C:\Users\Admin\AppData\Roaming\Code\User\globalStorage\redhat.java\1.35.1\config_win\org.eclipse.equinox.launcher\org.eclipse.equinox.launcher.win32.win32.x86_64_1.2.1100.v20240722-2106\eclipse_11904.dll
Event: 4.686 Loaded shared library C:\Users\Admin\AppData\Local\Temp\jna-63116079\jna8435596511391968892.dll

Deoptimization events (20 events):
Event: 7.503 Thread 0x0000017c1ade1d80 Uncommon trap: trap_request=0xffffffde fr.pc=0x0000017c0a863150 relative=0x0000000000000770
Event: 7.503 Thread 0x0000017c1ade1d80 Uncommon trap: reason=class_check action=maybe_recompile pc=0x0000017c0a863150 method=java.util.TreeMap.put(Ljava/lang/Object;Ljava/lang/Object;Z)Ljava/lang/Object; @ 118 c2
Event: 7.503 Thread 0x0000017c1ade1d80 DEOPT PACKING pc=0x0000017c0a863150 sp=0x00000036702fdb80
Event: 7.503 Thread 0x0000017c1ade1d80 DEOPT UNPACKING pc=0x0000017c0a169ea3 sp=0x00000036702fdaa8 mode 2
Event: 7.526 Thread 0x0000017c1ade1d80 Uncommon trap: trap_request=0xffffff45 fr.pc=0x0000017c0a7cf148 relative=0x00000000000001a8
Event: 7.526 Thread 0x0000017c1ade1d80 Uncommon trap: reason=unstable_if action=reinterpret pc=0x0000017c0a7cf148 method=java.lang.ClassLoader.checkName(Ljava/lang/String;)Z @ 1 c2
Event: 7.526 Thread 0x0000017c1ade1d80 DEOPT PACKING pc=0x0000017c0a7cf148 sp=0x00000036702fd920
Event: 7.526 Thread 0x0000017c1ade1d80 DEOPT UNPACKING pc=0x0000017c0a169ea3 sp=0x00000036702fd8b8 mode 2
Event: 7.526 Thread 0x0000017c1ade1d80 Uncommon trap: trap_request=0xffffff45 fr.pc=0x0000017c0a747828 relative=0x0000000000001468
Event: 7.526 Thread 0x0000017c1ade1d80 Uncommon trap: reason=unstable_if action=reinterpret pc=0x0000017c0a747828 method=lombok.patcher.ScriptManager$OurClassFileTransformer.transform(Ljava/lang/ClassLoader;Ljava/lang/String;Ljava/lang/Class;Ljava/security/ProtectionDomain;[B)[B @ 1 c2
Event: 7.526 Thread 0x0000017c1ade1d80 DEOPT PACKING pc=0x0000017c0a747828 sp=0x00000036702fc480
Event: 7.526 Thread 0x0000017c1ade1d80 DEOPT UNPACKING pc=0x0000017c0a169ea3 sp=0x00000036702fc408 mode 2
Event: 7.527 Thread 0x0000017c1ade1d80 Uncommon trap: trap_request=0xffffff45 fr.pc=0x0000017c0a6d2138 relative=0x0000000000000038
Event: 7.527 Thread 0x0000017c1ade1d80 Uncommon trap: reason=unstable_if action=reinterpret pc=0x0000017c0a6d2138 method=java.lang.StringLatin1.canEncode(I)Z @ 4 c2
Event: 7.527 Thread 0x0000017c1ade1d80 DEOPT PACKING pc=0x0000017c0a6d2138 sp=0x00000036702fda70
Event: 7.527 Thread 0x0000017c1ade1d80 DEOPT UNPACKING pc=0x0000017c0a169ea3 sp=0x00000036702fda00 mode 2
Event: 7.618 Thread 0x0000017c1ade1d80 Uncommon trap: trap_request=0xffffffde fr.pc=0x0000017c0a85d6d8 relative=0x0000000000000778
Event: 7.618 Thread 0x0000017c1ade1d80 Uncommon trap: reason=class_check action=maybe_recompile pc=0x0000017c0a85d6d8 method=java.util.TreeMap.put(Ljava/lang/Object;Ljava/lang/Object;Z)Ljava/lang/Object; @ 118 c2
Event: 7.618 Thread 0x0000017c1ade1d80 DEOPT PACKING pc=0x0000017c0a85d6d8 sp=0x00000036702fd580
Event: 7.618 Thread 0x0000017c1ade1d80 DEOPT UNPACKING pc=0x0000017c0a169ea3 sp=0x00000036702fd530 mode 2

Classes loaded (20 events):
Event: 7.258 Loading class java/util/concurrent/CompletionService
Event: 7.258 Loading class java/util/concurrent/CompletionService done
Event: 7.368 Loading class sun/reflect/generics/scope/ConstructorScope
Event: 7.368 Loading class sun/reflect/generics/scope/ConstructorScope done
Event: 7.368 Loading class sun/reflect/generics/tree/VoidDescriptor
Event: 7.368 Loading class sun/reflect/generics/tree/VoidDescriptor done
Event: 7.373 Loading class java/nio/channels/SocketChannel
Event: 7.373 Loading class java/nio/channels/NetworkChannel
Event: 7.373 Loading class java/nio/channels/NetworkChannel done
Event: 7.373 Loading class java/nio/channels/spi/AbstractSelectableChannel
Event: 7.373 Loading class java/nio/channels/spi/AbstractSelectableChannel done
Event: 7.373 Loading class java/nio/channels/SocketChannel done
Event: 7.375 Loading class java/nio/channels/ServerSocketChannel
Event: 7.375 Loading class java/nio/channels/ServerSocketChannel done
Event: 7.429 Loading class java/io/UncheckedIOException
Event: 7.429 Loading class java/io/UncheckedIOException done
Event: 7.498 Loading class java/lang/ExceptionInInitializerError
Event: 7.498 Loading class java/lang/ExceptionInInitializerError done
Event: 7.527 Loading class java/util/function/ToIntFunction
Event: 7.527 Loading class java/util/function/ToIntFunction done

Classes unloaded (7 events):
Event: 6.110 Thread 0x0000017c7fbefcd0 Unloading class 0x0000000100250400 'java/lang/invoke/LambdaForm$MH+0x0000000100250400'
Event: 6.110 Thread 0x0000017c7fbefcd0 Unloading class 0x0000000100250000 'java/lang/invoke/LambdaForm$MH+0x0000000100250000'
Event: 6.110 Thread 0x0000017c7fbefcd0 Unloading class 0x000000010024fc00 'java/lang/invoke/LambdaForm$MH+0x000000010024fc00'
Event: 6.110 Thread 0x0000017c7fbefcd0 Unloading class 0x000000010024f800 'java/lang/invoke/LambdaForm$MH+0x000000010024f800'
Event: 6.110 Thread 0x0000017c7fbefcd0 Unloading class 0x000000010024f400 'java/lang/invoke/LambdaForm$BMH+0x000000010024f400'
Event: 6.110 Thread 0x0000017c7fbefcd0 Unloading class 0x000000010024f000 'java/lang/invoke/LambdaForm$DMH+0x000000010024f000'
Event: 6.110 Thread 0x0000017c7fbefcd0 Unloading class 0x000000010024c400 'java/lang/invoke/LambdaForm$DMH+0x000000010024c400'

Classes redefined (0 events):
No events

Internal exceptions (20 events):
Event: 6.520 Thread 0x0000017c1ade1d80 Exception <a 'java/lang/NoSuchMethodError'{0x00000000ec0299b8}: 'int java.lang.invoke.DirectMethodHandle$Holder.invokeStaticInit(java.lang.Object, float, float)'> (0x00000000ec0299b8) 
thrown [s\src\hotspot\share\interpreter\linkResolver.cpp, line 759]
Event: 6.521 Thread 0x0000017c1ade1d80 Exception <a 'java/lang/NoSuchMethodError'{0x00000000ec048190}: 'int java.lang.invoke.DirectMethodHandle$Holder.invokeStaticInit(java.lang.Object, double, double)'> (0x00000000ec048190) 
thrown [s\src\hotspot\share\interpreter\linkResolver.cpp, line 759]
Event: 6.521 Thread 0x0000017c1ade1d80 Exception <a 'java/lang/NoSuchMethodError'{0x00000000ec053428}: 'int java.lang.invoke.DirectMethodHandle$Holder.invokeStatic(java.lang.Object, long)'> (0x00000000ec053428) 
thrown [s\src\hotspot\share\interpreter\linkResolver.cpp, line 759]
Event: 6.524 Thread 0x0000017c1ade27a0 Exception <a 'java/lang/NoSuchMethodError'{0x00000000ec089a28}: 'int java.lang.invoke.DirectMethodHandle$Holder.invokeSpecial(java.lang.Object, java.lang.Object, int, int)'> (0x00000000ec089a28) 
thrown [s\src\hotspot\share\interpreter\linkResolver.cpp, line 759]
Event: 6.525 Thread 0x0000017c1ade1d80 Exception <a 'java/lang/NoSuchMethodError'{0x00000000ec0cd358}: 'int java.lang.invoke.Invokers$Holder.linkToTargetMethod(java.lang.Object, java.lang.Object)'> (0x00000000ec0cd358) 
thrown [s\src\hotspot\share\interpreter\linkResolver.cpp, line 759]
Event: 6.525 Thread 0x0000017c1ade27a0 Exception <a 'java/lang/NoSuchMethodError'{0x00000000ec0d3280}: 'int java.lang.invoke.Invokers$Holder.linkToTargetMethod(java.lang.Object, java.lang.Object)'> (0x00000000ec0d3280) 
thrown [s\src\hotspot\share\interpreter\linkResolver.cpp, line 759]
Event: 6.526 Thread 0x0000017c1ade27a0 Exception <a 'java/lang/NoSuchMethodError'{0x00000000ec10c440}: 'int java.lang.invoke.DirectMethodHandle$Holder.invokeSpecial(java.lang.Object, java.lang.Object, java.lang.Object, java.lang.Object)'> (0x00000000ec10c440) 
thrown [s\src\hotspot\share\interpreter\linkResolver.cpp, line 759]
Event: 6.531 Thread 0x0000017c1ade27a0 Exception <a 'java/lang/NoSuchMethodError'{0x00000000ec192a08}: 'java.lang.Object java.lang.invoke.DirectMethodHandle$Holder.invokeStatic(java.lang.Object, int, java.lang.Object, java.lang.Object)'> (0x00000000ec192a08) 
thrown [s\src\hotspot\share\interpreter\linkResolver.cpp, line 759]
Event: 6.532 Thread 0x0000017c1ade27a0 Exception <a 'java/lang/NoSuchMethodError'{0x00000000ec196720}: 'java.lang.Object java.lang.invoke.DelegatingMethodHandle$Holder.delegate(java.lang.Object, int, java.lang.Object, java.lang.Object)'> (0x00000000ec196720) 
thrown [s\src\hotspot\share\interpreter\linkResolver.cpp, line 759]
Event: 6.534 Thread 0x0000017c1ade27a0 Exception <a 'java/lang/NoSuchMethodError'{0x00000000ec1d5e98}: 'int java.lang.invoke.Invokers$Holder.linkToTargetMethod(java.lang.Object, java.lang.Object, java.lang.Object)'> (0x00000000ec1d5e98) 
thrown [s\src\hotspot\share\interpreter\linkResolver.cpp, line 759]
Event: 6.572 Thread 0x0000017c1ade1d80 Exception <a 'java/lang/NoSuchMethodError'{0x00000000eae03118}: 'java.lang.Object java.lang.invoke.DirectMethodHandle$Holder.invokeSpecialIFC(java.lang.Object, java.lang.Object, java.lang.Object, java.lang.Object)'> (0x00000000eae03118) 
thrown [s\src\hotspot\share\interpreter\linkResolver.cpp, line 759]
Event: 6.622 Thread 0x0000017c7d9ed6e0 Exception <a 'java/lang/NoSuchMethodError'{0x00000000eb59ea78}: 'void java.lang.invoke.DirectMethodHandle$Holder.invokeSpecial(java.lang.Object, java.lang.Object, java.lang.Object, java.lang.Object, java.lang.Object, java.lang.Object)'> (0x00000000eb59ea78) 
thrown [s\src\hotspot\share\interpreter\linkResolver.cpp, line 759]
Event: 6.623 Thread 0x0000017c7d9ed6e0 Exception <a 'java/lang/IncompatibleClassChangeError'{0x00000000eb5a81f8}: Found class java.lang.Object, but interface was expected> (0x00000000eb5a81f8) 
thrown [s\src\hotspot\share\interpreter\linkResolver.cpp, line 826]
Event: 6.730 Thread 0x0000017c1ade1d80 Exception <a 'java/lang/NoSuchMethodError'{0x00000000ec0e1470}: 'int java.lang.invoke.DirectMethodHandle$Holder.invokeStatic(java.lang.Object, java.lang.Object, java.lang.Object, java.lang.Object, java.lang.Object)'> (0x00000000ec0e1470) 
thrown [s\src\hotspot\share\interpreter\linkResolver.cpp, line 759]
Event: 6.852 Thread 0x0000017c1ade1d80 Exception <a 'java/lang/NoClassDefFoundError'{0x00000000eb6e4a08}: javax/enterprise/inject/Typed> (0x00000000eb6e4a08) 
thrown [s\src\hotspot\share\classfile\systemDictionary.cpp, line 245]
Event: 7.495 Thread 0x0000017c1ade1d80 Exception <a 'java/lang/NoSuchMethodError'{0x00000000ebe09c08}: 'void java.lang.invoke.DirectMethodHandle$Holder.invokeStaticInit(java.lang.Object, java.lang.Object, java.lang.Object)'> (0x00000000ebe09c08) 
thrown [s\src\hotspot\share\interpreter\linkResolver.cpp, line 759]
Event: 7.499 Thread 0x0000017c1ade1d80 Exception <a 'java/lang/ExceptionInInitializerError'{0x00000000ebe41958}> (0x00000000ebe41958) 
thrown [s\src\hotspot\share\oops\instanceKlass.cpp, line 1218]
Event: 7.526 Thread 0x0000017c1ade1d80 Implicit null exception at 0x0000017c0a7cefaf to 0x0000017c0a7cf13c
Event: 7.526 Thread 0x0000017c1ade1d80 Implicit null exception at 0x0000017c0a746409 to 0x0000017c0a747808
Event: 7.529 Thread 0x0000017c1ade1d80 Exception <a 'java/lang/NoSuchMethodError'{0x00000000ebfd0128}: 'java.lang.Object java.lang.invoke.Invokers$Holder.invokeExact_MT(java.lang.Object, int, java.lang.Object)'> (0x00000000ebfd0128) 
thrown [s\src\hotspot\share\interpreter\linkResolver.cpp, line 759]

VM Operations (20 events):
Event: 6.968 Executing VM operation: ParallelGCFailedAllocation
Event: 6.971 Executing VM operation: ParallelGCFailedAllocation done
Event: 7.177 Executing VM operation: HandshakeAllThreads
Event: 7.177 Executing VM operation: HandshakeAllThreads done
Event: 7.221 Executing VM operation: ParallelGCFailedAllocation
Event: 7.224 Executing VM operation: ParallelGCFailedAllocation done
Event: 7.359 Executing VM operation: HandshakeAllThreads
Event: 7.360 Executing VM operation: HandshakeAllThreads done
Event: 7.374 Executing VM operation: HandshakeAllThreads
Event: 7.374 Executing VM operation: HandshakeAllThreads done
Event: 7.386 Executing VM operation: HandshakeAllThreads
Event: 7.386 Executing VM operation: HandshakeAllThreads done
Event: 7.401 Executing VM operation: HandshakeAllThreads
Event: 7.401 Executing VM operation: HandshakeAllThreads done
Event: 7.433 Executing VM operation: HandshakeAllThreads
Event: 7.433 Executing VM operation: HandshakeAllThreads done
Event: 7.541 Executing VM operation: ParallelGCFailedAllocation
Event: 7.543 Executing VM operation: ParallelGCFailedAllocation done
Event: 7.570 Executing VM operation: HandshakeAllThreads
Event: 7.570 Executing VM operation: HandshakeAllThreads done

Events (20 events):
Event: 7.440 Thread 0x0000017c18fbb7f0 flushing nmethod 0x0000017c034f0590
Event: 7.440 Thread 0x0000017c18fbb7f0 flushing nmethod 0x0000017c034f0a10
Event: 7.440 Thread 0x0000017c18fbb7f0 flushing nmethod 0x0000017c034f7290
Event: 7.440 Thread 0x0000017c18fbb7f0 flushing nmethod 0x0000017c034f8890
Event: 7.440 Thread 0x0000017c18fbb7f0 flushing nmethod 0x0000017c034f8e10
Event: 7.440 Thread 0x0000017c18fbb7f0 flushing nmethod 0x0000017c034f9690
Event: 7.440 Thread 0x0000017c18fbb7f0 flushing nmethod 0x0000017c034f9c10
Event: 7.440 Thread 0x0000017c18fbb7f0 flushing nmethod 0x0000017c03500b10
Event: 7.440 Thread 0x0000017c18fbb7f0 flushing nmethod 0x0000017c03500e90
Event: 7.440 Thread 0x0000017c18fbb7f0 flushing nmethod 0x0000017c03501590
Event: 7.440 Thread 0x0000017c18fbb7f0 flushing nmethod 0x0000017c03503490
Event: 7.440 Thread 0x0000017c18fbb7f0 flushing nmethod 0x0000017c0354d110
Event: 7.440 Thread 0x0000017c18fbb7f0 flushing nmethod 0x0000017c03551a10
Event: 7.440 Thread 0x0000017c18fbb7f0 flushing nmethod 0x0000017c03552710
Event: 7.440 Thread 0x0000017c18fbb7f0 flushing nmethod 0x0000017c03554590
Event: 7.440 Thread 0x0000017c18fbb7f0 flushing nmethod 0x0000017c03565290
Event: 7.440 Thread 0x0000017c18fbb7f0 flushing nmethod 0x0000017c0357b790
Event: 7.440 Thread 0x0000017c18fbb7f0 flushing nmethod 0x0000017c03584610
Event: 7.440 Thread 0x0000017c18fbb7f0 flushing nmethod 0x0000017c03587f90
Event: 7.440 Thread 0x0000017c18fbb7f0 flushing nmethod 0x0000017c0359df90


Dynamic libraries:
0x00007ff7a7ab0000 - 0x00007ff7a7abe000 	c:\Users\Admin\.vscode\extensions\redhat.java-1.35.1-win32-x64\jre\17.0.12-win32-x86_64\bin\java.exe
0x00007ffe21370000 - 0x00007ffe21568000 	C:\Windows\SYSTEM32\ntdll.dll
0x00007ffe20380000 - 0x00007ffe20441000 	C:\Windows\System32\KERNEL32.DLL
0x00007ffe1ea20000 - 0x00007ffe1ed1d000 	C:\Windows\System32\KERNELBASE.dll
0x00007ffe1ee40000 - 0x00007ffe1ef40000 	C:\Windows\System32\ucrtbase.dll
0x00007ffe0db00000 - 0x00007ffe0db17000 	c:\Users\Admin\.vscode\extensions\redhat.java-1.35.1-win32-x64\jre\17.0.12-win32-x86_64\bin\jli.dll
0x00007ffe1f580000 - 0x00007ffe1f71d000 	C:\Windows\System32\USER32.dll
0x00007ffe1f340000 - 0x00007ffe1f362000 	C:\Windows\System32\win32u.dll
0x00007ffe1f720000 - 0x00007ffe1f74b000 	C:\Windows\System32\GDI32.dll
0x00007ffe1ef40000 - 0x00007ffe1f057000 	C:\Windows\System32\gdi32full.dll
0x00007ffe1f1c0000 - 0x00007ffe1f25d000 	C:\Windows\System32\msvcp_win.dll
0x00007ffe0cf10000 - 0x00007ffe0cf2b000 	c:\Users\Admin\.vscode\extensions\redhat.java-1.35.1-win32-x64\jre\17.0.12-win32-x86_64\bin\VCRUNTIME140.dll
0x00007ffe06250000 - 0x00007ffe064ea000 	C:\Windows\WinSxS\amd64_microsoft.windows.common-controls_6595b64144ccf1df_6.0.19041.4355_none_60b8b9eb71f62e16\COMCTL32.dll
0x00007ffe1fab0000 - 0x00007ffe1fb4e000 	C:\Windows\System32\msvcrt.dll
0x00007ffe1f550000 - 0x00007ffe1f57f000 	C:\Windows\System32\IMM32.DLL
0x00007ffe130c0000 - 0x00007ffe130cc000 	c:\Users\Admin\.vscode\extensions\redhat.java-1.35.1-win32-x64\jre\17.0.12-win32-x86_64\bin\vcruntime140_1.dll
0x00007ffe06690000 - 0x00007ffe0671d000 	c:\Users\Admin\.vscode\extensions\redhat.java-1.35.1-win32-x64\jre\17.0.12-win32-x86_64\bin\msvcp140.dll
0x00007ffdf5430000 - 0x00007ffdf609a000 	c:\Users\Admin\.vscode\extensions\redhat.java-1.35.1-win32-x64\jre\17.0.12-win32-x86_64\bin\server\jvm.dll
0x00007ffe21220000 - 0x00007ffe212d0000 	C:\Windows\System32\ADVAPI32.dll
0x00007ffe205f0000 - 0x00007ffe20690000 	C:\Windows\System32\sechost.dll
0x00007ffe20910000 - 0x00007ffe20a33000 	C:\Windows\System32\RPCRT4.dll
0x00007ffe1f370000 - 0x00007ffe1f397000 	C:\Windows\System32\bcrypt.dll
0x00007ffe20580000 - 0x00007ffe205eb000 	C:\Windows\System32\WS2_32.dll
0x00007ffe1df20000 - 0x00007ffe1df6b000 	C:\Windows\SYSTEM32\POWRPROF.dll
0x00007ffe10230000 - 0x00007ffe10257000 	C:\Windows\SYSTEM32\WINMM.dll
0x00007ffe14f90000 - 0x00007ffe14f9a000 	C:\Windows\SYSTEM32\VERSION.dll
0x00007ffe1dde0000 - 0x00007ffe1ddf2000 	C:\Windows\SYSTEM32\UMPDC.dll
0x00007ffe1d250000 - 0x00007ffe1d262000 	C:\Windows\SYSTEM32\kernel.appcore.dll
0x00007ffe13030000 - 0x00007ffe1303a000 	c:\Users\Admin\.vscode\extensions\redhat.java-1.35.1-win32-x64\jre\17.0.12-win32-x86_64\bin\jimage.dll
0x00007ffe1c750000 - 0x00007ffe1c934000 	C:\Windows\SYSTEM32\DBGHELP.DLL
0x00007ffe0d320000 - 0x00007ffe0d354000 	C:\Windows\SYSTEM32\dbgcore.DLL
0x00007ffe1f260000 - 0x00007ffe1f2e2000 	C:\Windows\System32\bcryptPrimitives.dll
0x00007ffe0c9c0000 - 0x00007ffe0c9ce000 	c:\Users\Admin\.vscode\extensions\redhat.java-1.35.1-win32-x64\jre\17.0.12-win32-x86_64\bin\instrument.dll
0x00007ffe0c820000 - 0x00007ffe0c845000 	c:\Users\Admin\.vscode\extensions\redhat.java-1.35.1-win32-x64\jre\17.0.12-win32-x86_64\bin\java.dll
0x00007ffe0cdc0000 - 0x00007ffe0cdd8000 	c:\Users\Admin\.vscode\extensions\redhat.java-1.35.1-win32-x64\jre\17.0.12-win32-x86_64\bin\zip.dll
0x00007ffe1fb50000 - 0x00007ffe202bf000 	C:\Windows\System32\SHELL32.dll
0x00007ffe1ca40000 - 0x00007ffe1d1e3000 	C:\Windows\SYSTEM32\windows.storage.dll
0x00007ffe1f750000 - 0x00007ffe1faa3000 	C:\Windows\System32\combase.dll
0x00007ffe1e370000 - 0x00007ffe1e39e000 	C:\Windows\SYSTEM32\Wldp.dll
0x00007ffe20840000 - 0x00007ffe2090d000 	C:\Windows\System32\OLEAUT32.dll
0x00007ffe202c0000 - 0x00007ffe2036d000 	C:\Windows\System32\SHCORE.dll
0x00007ffe212d0000 - 0x00007ffe21325000 	C:\Windows\System32\shlwapi.dll
0x00007ffe1e950000 - 0x00007ffe1e974000 	C:\Windows\SYSTEM32\profapi.dll
0x00007ffe0c940000 - 0x00007ffe0c959000 	C:\Users\Admin\.vscode\extensions\redhat.java-1.35.1-win32-x64\jre\17.0.12-win32-x86_64\bin\net.dll
0x00007ffe183f0000 - 0x00007ffe184fd000 	C:\Windows\SYSTEM32\WINHTTP.dll
0x00007ffe1e150000 - 0x00007ffe1e1ba000 	C:\Windows\system32\mswsock.dll
0x00007ffe0c8b0000 - 0x00007ffe0c8c6000 	C:\Users\Admin\.vscode\extensions\redhat.java-1.35.1-win32-x64\jre\17.0.12-win32-x86_64\bin\nio.dll
0x00007ffe101f0000 - 0x00007ffe10200000 	c:\Users\Admin\.vscode\extensions\redhat.java-1.35.1-win32-x64\jre\17.0.12-win32-x86_64\bin\verify.dll
0x00007ffdfb1b0000 - 0x00007ffdfb1f5000 	C:\Users\Admin\AppData\Roaming\Code\User\globalStorage\redhat.java\1.35.1\config_win\org.eclipse.equinox.launcher\org.eclipse.equinox.launcher.win32.win32.x86_64_1.2.1100.v20240722-2106\eclipse_11904.dll
0x00007ffe20710000 - 0x00007ffe2083b000 	C:\Windows\System32\ole32.dll
0x00007ffe1e3b0000 - 0x00007ffe1e3c8000 	C:\Windows\SYSTEM32\CRYPTSP.dll
0x00007ffe1da20000 - 0x00007ffe1da54000 	C:\Windows\system32\rsaenh.dll
0x00007ffe1e910000 - 0x00007ffe1e93e000 	C:\Windows\SYSTEM32\USERENV.dll
0x00007ffe1e2e0000 - 0x00007ffe1e2ec000 	C:\Windows\SYSTEM32\CRYPTBASE.dll
0x00007ffe1de00000 - 0x00007ffe1de3b000 	C:\Windows\SYSTEM32\IPHLPAPI.DLL
0x00007ffe20450000 - 0x00007ffe20458000 	C:\Windows\System32\NSI.dll
0x00007ffe17c50000 - 0x00007ffe17c67000 	C:\Windows\SYSTEM32\dhcpcsvc6.DLL
0x00007ffe17aa0000 - 0x00007ffe17abd000 	C:\Windows\SYSTEM32\dhcpcsvc.DLL
0x00007ffe1de40000 - 0x00007ffe1df0a000 	C:\Windows\SYSTEM32\DNSAPI.dll
0x00007ffdf68c0000 - 0x00007ffdf6909000 	C:\Users\Admin\AppData\Local\Temp\jna-63116079\jna8435596511391968892.dll
0x00007ffe20cc0000 - 0x00007ffe20cc8000 	C:\Windows\System32\PSAPI.DLL

dbghelp: loaded successfully - version: 4.0.5 - missing functions: none
symbol engine: initialized successfully - sym options: 0x614 - pdb path: .;c:\Users\Admin\.vscode\extensions\redhat.java-1.35.1-win32-x64\jre\17.0.12-win32-x86_64\bin;C:\Windows\SYSTEM32;C:\Windows\WinSxS\amd64_microsoft.windows.common-controls_6595b64144ccf1df_6.0.19041.4355_none_60b8b9eb71f62e16;c:\Users\Admin\.vscode\extensions\redhat.java-1.35.1-win32-x64\jre\17.0.12-win32-x86_64\bin\server;C:\Users\Admin\AppData\Roaming\Code\User\globalStorage\redhat.java\1.35.1\config_win\org.eclipse.equinox.launcher\org.eclipse.equinox.launcher.win32.win32.x86_64_1.2.1100.v20240722-2106;C:\Users\Admin\AppData\Local\Temp\jna-63116079

VM Arguments:
jvm_args: --add-modules=ALL-SYSTEM --add-opens=java.base/java.util=ALL-UNNAMED --add-opens=java.base/java.lang=ALL-UNNAMED --add-opens=java.base/sun.nio.fs=ALL-UNNAMED -Declipse.application=org.eclipse.jdt.ls.core.id1 -Dosgi.bundles.defaultStartLevel=4 -Declipse.product=org.eclipse.jdt.ls.core.product -Djava.import.generatesMetadataFilesAtProjectRoot=false -DDetectVMInstallationsJob.disabled=true -Dfile.encoding=utf8 -XX:+UseParallelGC -XX:GCTimeRatio=4 -XX:AdaptiveSizePolicyWeight=90 -Dsun.zip.disableMemoryMapping=true -Xmx1G -Xms100m -Xlog:disable -javaagent:c:\Users\Admin\.vscode\extensions\redhat.java-1.35.1-win32-x64\lombok\lombok-1.18.33.jar -XX:+HeapDumpOnOutOfMemoryError -XX:HeapDumpPath=c:\Users\Admin\AppData\Roaming\Code\User\workspaceStorage\374db62d7145672f06f6dc5f6e6bb613\redhat.java -Daether.dependencyCollector.impl=bf 
java_command: c:\Users\Admin\.vscode\extensions\redhat.java-1.35.1-win32-x64\server\plugins\org.eclipse.equinox.launcher_1.6.900.v20240613-2009.jar -configuration c:\Users\Admin\AppData\Roaming\Code\User\globalStorage\redhat.java\1.35.1\config_win -data c:\Users\Admin\AppData\Roaming\Code\User\workspaceStorage\374db62d7145672f06f6dc5f6e6bb613\redhat.java\jdt_ws --pipe=\\.\pipe\lsp-8f5cdbdbbfb1b29653f9d7cd2aa9f340-sock
java_class_path (initial): c:\Users\Admin\.vscode\extensions\redhat.java-1.35.1-win32-x64\server\plugins\org.eclipse.equinox.launcher_1.6.900.v20240613-2009.jar
Launcher Type: SUN_STANDARD

[Global flags]
    uintx AdaptiveSizePolicyWeight                 = 90                                        {product} {command line}
     intx CICompilerCount                          = 4                                         {product} {ergonomic}
    uintx GCTimeRatio                              = 4                                         {product} {command line}
     bool HeapDumpOnOutOfMemoryError               = true                                   {manageable} {command line}
    ccstr HeapDumpPath                             = c:\Users\Admin\AppData\Roaming\Code\User\workspaceStorage\374db62d7145672f06f6dc5f6e6bb613\redhat.java         {manageable} {command line}
   size_t InitialHeapSize                          = 104857600                                 {product} {command line}
   size_t MaxHeapSize                              = 1073741824                                {product} {command line}
   size_t MaxNewSize                               = 357564416                                 {product} {ergonomic}
   size_t MinHeapDeltaBytes                        = 524288                                    {product} {ergonomic}
   size_t MinHeapSize                              = 104857600                                 {product} {command line}
   size_t NewSize                                  = 34603008                                  {product} {ergonomic}
    uintx NonNMethodCodeHeapSize                   = 5839372                                {pd product} {ergonomic}
    uintx NonProfiledCodeHeapSize                  = 122909434                              {pd product} {ergonomic}
   size_t OldSize                                  = 70254592                                  {product} {ergonomic}
    uintx ProfiledCodeHeapSize                     = 122909434                              {pd product} {ergonomic}
    uintx ReservedCodeCacheSize                    = 251658240                              {pd product} {ergonomic}
     bool SegmentedCodeCache                       = true                                      {product} {ergonomic}
   size_t SoftMaxHeapSize                          = 1073741824                             {manageable} {ergonomic}
     bool UseCompressedClassPointers               = true                           {product lp64_product} {ergonomic}
     bool UseCompressedOops                        = true                           {product lp64_product} {ergonomic}
     bool UseLargePagesIndividualAllocation        = false                                  {pd product} {ergonomic}
     bool UseParallelGC                            = true                                      {product} {command line}

Logging:
Log output configuration:
 #0: stdout all=off uptime,level,tags
 #1: stderr all=off uptime,level,tags

Environment Variables:
JAVA_HOME=C:\Program Files\Microsoft\jdk-17.0.10.7-hotspot\
PATH=C:\Program Files\Microsoft\jdk-17.0.10.7-hotspot\bin;C:\Windows\system32;C:\Windows;C:\Windows\System32\Wbem;C:\Windows\System32\WindowsPowerShell\v1.0\;C:\Windows\System32\OpenSSH\;C:\Program Files\OpenVPN\bin;C:\Program Files\nodejs\;C:\ProgramData\chocolatey\bin;C:\Program Files\Git\cmd;C:\php-8.3.7;C:\xampp\php;;C:\Program Files\Docker\Docker\resources\bin;C:\Users\Admin\Flutter\bin;C:\Users\Admin\AppData\Local\Programs\Python\Python310\Scripts\;C:\Users\Admin\AppData\Local\Programs\Python\Python310\;C:\Users\Admin\AppData\Local\Programs\Python\Python312\Scripts\;C:\Users\Admin\AppData\Local\Programs\Python\Python312\;C:\Users\Admin\AppData\Local\Programs\Python\Launcher\;C:\Users\Admin\AppData\Local\flutter\bin;C:\Users\Admin\AppData\Local\Microsoft\WindowsApps;C:\Users\Admin\AppData\Local\Programs\Microsoft VS Code\bin;C:\Users\Admin\AppData\Roaming\npm;C:\Users\Admin\AppData\Local\Android\Sdk\platform-tools;C:\msys64\ucrt64\bin;C:\php-8.3.7;C:\xampp\php;
USERNAME=Admin
OS=Windows_NT
PROCESSOR_IDENTIFIER=Intel64 Family 6 Model 140 Stepping 1, GenuineIntel
TMP=C:\Users\Admin\AppData\Local\Temp
TEMP=C:\Users\Admin\AppData\Local\Temp



Periodic native trim disabled


---------------  S Y S T E M  ---------------

OS:
 Windows 10 , 64 bit Build 19041 (10.0.19041.4842)
OS uptime: 0 days 0:41 hours
Hyper-V role detected

CPU: total 8 (initial active 8) (4 cores per cpu, 2 threads per core) family 6 model 140 stepping 1 microcode 0x86, cx8, cmov, fxsr, ht, mmx, 3dnowpref, sse, sse2, sse3, ssse3, sse4.1, sse4.2, popcnt, lzcnt, tsc, tscinvbit, avx, avx2, aes, erms, clmul, bmi1, bmi2, adx, avx512f, avx512dq, avx512cd, avx512bw, avx512vl, sha, fma, vzeroupper, avx512_vpopcntdq, avx512_vpclmulqdq, avx512_vaes, avx512_vnni, clflush, clflushopt, clwb, avx512_vbmi2, avx512_vbmi, hv
Processor Information for all 8 processors :
  Max Mhz: 2803, Current Mhz: 2803, Mhz Limit: 2803

Memory: 4k page, system-wide physical 16082M (3759M free)
TotalPageFile size 16082M (AvailPageFile size 66M)
current process WorkingSet (physical memory assigned to process): 210M, peak: 223M
current process commit charge ("private bytes"): 306M, peak: 318M

vm_info: OpenJDK 64-Bit Server VM (17.0.12+7) for windows-amd64 JRE (17.0.12+7), built on Jul 16 2024 22:08:24 by "admin" with MS VC++ 16.10 / 16.11 (VS2019)

END.
