#
# There is insufficient memory for the Java Runtime Environment to continue.
# Native memory allocation (malloc) failed to allocate 1471456 bytes. Error detail: Chunk::new
# Possible reasons:
#   The system is out of physical RAM or swap space
#   This process is running with CompressedOops enabled, and the Java Heap may be blocking the growth of the native heap
# Possible solutions:
#   Reduce memory load on the system
#   Increase physical memory or swap space
#   Check if swap backing store is full
#   Decrease Java heap size (-Xmx/-Xms)
#   Decrease number of Java threads
#   Decrease Java thread stack sizes (-Xss)
#   Set larger code cache with -XX:ReservedCodeCacheSize=
#   JVM is running with Unscaled Compressed Oops mode in which the Java heap is
#     placed in the first 4GB address space. The Java Heap base address is the
#     maximum limit for the native heap growth. Please use -XX:HeapBaseMinAddress
#     to set the Java Heap base and to place the Java Heap above 4GB virtual address.
# This output file may be truncated or incomplete.
#
#  Out of Memory Error (arena.cpp:191), pid=1400, tid=12032
#
# JRE version: OpenJDK Runtime Environment Temurin-17.0.12+7 (17.0.12+7) (build 17.0.12+7)
# Java VM: OpenJDK 64-Bit Server VM Temurin-17.0.12+7 (17.0.12+7, mixed mode, tiered, compressed oops, compressed class ptrs, parallel gc, windows-amd64)
# No core dump will be written. Minidumps are not enabled by default on client versions of Windows
#

---------------  S U M M A R Y ------------

Command Line: --add-modules=ALL-SYSTEM --add-opens=java.base/java.util=ALL-UNNAMED --add-opens=java.base/java.lang=ALL-UNNAMED --add-opens=java.base/sun.nio.fs=ALL-UNNAMED -Declipse.application=org.eclipse.jdt.ls.core.id1 -Dosgi.bundles.defaultStartLevel=4 -Declipse.product=org.eclipse.jdt.ls.core.product -Djava.import.generatesMetadataFilesAtProjectRoot=false -DDetectVMInstallationsJob.disabled=true -Dfile.encoding=utf8 -XX:+UseParallelGC -XX:GCTimeRatio=4 -XX:AdaptiveSizePolicyWeight=90 -Dsun.zip.disableMemoryMapping=true -Xmx1G -Xms100m -Xlog:disable -javaagent:c:\Users\Admin\.vscode\extensions\redhat.java-1.35.1-win32-x64\lombok\lombok-1.18.33.jar -XX:+HeapDumpOnOutOfMemoryError -XX:HeapDumpPath=c:\Users\Admin\AppData\Roaming\Code\User\workspaceStorage\374db62d7145672f06f6dc5f6e6bb613\redhat.java -Daether.dependencyCollector.impl=bf c:\Users\Admin\.vscode\extensions\redhat.java-1.35.1-win32-x64\server\plugins\org.eclipse.equinox.launcher_1.6.900.v20240613-2009.jar -configuration c:\Users\Admin\AppData\Roaming\Code\User\globalStorage\redhat.java\1.35.1\config_win -data c:\Users\Admin\AppData\Roaming\Code\User\workspaceStorage\374db62d7145672f06f6dc5f6e6bb613\redhat.java\jdt_ws --pipe=\\.\pipe\lsp-199b004d3de7e1135798b4c4d3a2e69a-sock

Host: 11th Gen Intel(R) Core(TM) i7-1165G7 @ 2.80GHz, 8 cores, 15G,  Windows 10 , 64 bit Build 19041 (10.0.19041.4842)
Time: Fri Oct 18 01:32:53 2024 Malay Peninsula Standard Time elapsed time: 7.621469 seconds (0d 0h 0m 7s)

---------------  T H R E A D  ---------------

Current thread (0x000001d41708fa30):  JavaThread "C2 CompilerThread2" daemon [_thread_in_native, id=12032, stack(0x000000aade500000,0x000000aade600000)]


Current CompileTask:
C2:   7621 7491   !   4       org.eclipse.jdt.internal.compiler.classfmt.ClassFileReader::<init> (2151 bytes)

Stack: [0x000000aade500000,0x000000aade600000]
Native frames: (J=compiled Java code, j=interpreted, Vv=VM code, C=native code)
V  [jvm.dll+0x67f929]
V  [jvm.dll+0x8371ba]
V  [jvm.dll+0x838c7e]
V  [jvm.dll+0x8392e3]
V  [jvm.dll+0x24834f]
V  [jvm.dll+0xac9d4]
V  [jvm.dll+0xad01c]
V  [jvm.dll+0x2af96f]
V  [jvm.dll+0x5868d7]
V  [jvm.dll+0x2231c2]
V  [jvm.dll+0x2235bf]
V  [jvm.dll+0x21c6e0]
V  [jvm.dll+0x219be1]
V  [jvm.dll+0x1a58bd]
V  [jvm.dll+0x229a2d]
V  [jvm.dll+0x227bdc]
V  [jvm.dll+0x7ec1f7]
V  [jvm.dll+0x7e65dc]
V  [jvm.dll+0x67e7f7]
C  [ucrtbase.dll+0x21bb2]
C  [KERNEL32.DLL+0x17374]
C  [ntdll.dll+0x4cc91]


---------------  P R O C E S S  ---------------

Threads class SMR info:
_java_thread_list=0x000001d417d5c220, length=45, elements={
0x000001d47b9153b0, 0x000001d47b9ce4f0, 0x000001d47f9f4ee0, 0x000001d47e7ac170,
0x000001d47e7acc40, 0x000001d47e7ad800, 0x000001d47e7ae2c0, 0x000001d47fa214e0,
0x000001d47fa86a00, 0x000001d47fa8b030, 0x000001d47b975810, 0x000001d47fd30d20,
0x000001d416340e20, 0x000001d415f58770, 0x000001d415f59680, 0x000001d416105720,
0x000001d416d2ce60, 0x000001d416ca7680, 0x000001d416cbb660, 0x000001d416cbac40,
0x000001d416cb92f0, 0x000001d416cb9800, 0x000001d416cbb150, 0x000001d416a91d60,
0x000001d41708fa30, 0x000001d416cb9d10, 0x000001d416cb7eb0, 0x000001d416cba220,
0x000001d416cb83c0, 0x000001d416cba730, 0x000001d416cb8de0, 0x000001d418b3ee60,
0x000001d418b3e440, 0x000001d418b3c5e0, 0x000001d418b3f370, 0x000001d418b43f60,
0x000001d418b3caf0, 0x000001d418b416e0, 0x000001d418b3d000, 0x000001d418b3f880,
0x000001d418b3d510, 0x000001d418b42100, 0x000001d418b43a50, 0x000001d418b402a0,
0x000001d418b407b0
}

Java Threads: ( => current thread )
  0x000001d47b9153b0 
[error occurred during error reporting (printing all threads), id 0xc0000005, EXCEPTION_ACCESS_VIOLATION (0xc0000005) at pc=0x00007ffbb45f4690]

VM state: at safepoint (normal execution)

VM Mutex/Monitor currently owned by a thread:  ([mutex/lock_event])
[0x000001d47b90f1a0] Threads_lock - owner thread: 0x000001d47f9e0c20
[0x000001d47b90e300] Heap_lock - owner thread: 0x000001d416cb9d10

Heap address: 0x00000000c0000000, size: 1024 MB, Compressed Oops mode: 32-bit

CDS archive(s) not mapped
Compressed class space mapped at: 0x0000000100000000-0x0000000140000000, reserved size: 1073741824
Narrow klass base: 0x0000000000000000, Narrow klass shift: 3, Narrow klass range: 0x140000000

GC Precious Log:
 CPUs: 8 total, 8 available
 Memory: 16082M
 Large Page Support: Disabled
 NUMA Support: Disabled
 Compressed Oops: Enabled (32-bit)
 Alignments: Space 512K, Generation 512K, Heap 2M
 Heap Min Capacity: 100M
 Heap Initial Capacity: 100M
 Heap Max Capacity: 1G
 Pre-touch: Disabled
 Parallel Workers: 8

Heap:
 PSYoungGen      total 5120K, used 4096K [0x00000000eab00000, 0x00000000eb180000, 0x0000000100000000)
  eden space 4096K, 100% used [0x00000000eab00000,0x00000000eaf00000,0x00000000eaf00000)
  from space 1024K, 0% used [0x00000000eb000000,0x00000000eb000000,0x00000000eb100000)
  to   space 1024K, 0% used [0x00000000eaf00000,0x00000000eaf00000,0x00000000eb000000)
 ParOldGen       total 133632K, used 133494K [0x00000000c0000000, 0x00000000c8280000, 0x00000000eab00000)
  object space 133632K, 99% used [0x00000000c0000000,0x00000000c825db90,0x00000000c8280000)
 Metaspace       used 64775K, committed 65920K, reserved 1114112K
  class space    used 7408K, committed 7872K, reserved 1048576K

Card table byte_map: [0x000001d47b2b0000,0x000001d47b4c0000] _byte_map_base: 0x000001d47acb0000

Marking Bits: (ParMarkBitMap*) 0x00007ffbb50758b0
 Begin Bits: [0x000001d40f000000, 0x000001d410000000)
 End Bits:   [0x000001d410000000, 0x000001d411000000)

Polling page: 0x000001d479850000

Metaspace:

Usage:
  Non-class:     56.02 MB used.
      Class:      7.23 MB used.
       Both:     63.26 MB used.

Virtual space:
  Non-class space:       64.00 MB reserved,      56.69 MB ( 89%) committed,  1 nodes.
      Class space:        1.00 GB reserved,       7.69 MB ( <1%) committed,  1 nodes.
             Both:        1.06 GB reserved,      64.38 MB (  6%) committed. 

Chunk freelists:
   Non-Class:  6.44 MB
       Class:  8.28 MB
        Both:  14.71 MB

MaxMetaspaceSize: unlimited
CompressedClassSpaceSize: 1.00 GB
Initial GC threshold: 21.00 MB
Current GC threshold: 106.88 MB
CDS: off
MetaspaceReclaimPolicy: balanced
 - commit_granule_bytes: 65536.
 - commit_granule_words: 8192.
 - virtual_space_node_default_size: 8388608.
 - enlarge_chunks_in_place: 1.
 - new_chunks_are_fully_committed: 0.
 - uncommit_free_chunks: 1.
 - use_allocation_guard: 0.
 - handle_deallocations: 1.


Internal statistics:

num_allocs_failed_limit: 10.
num_arena_births: 648.
num_arena_deaths: 14.
num_vsnodes_births: 2.
num_vsnodes_deaths: 0.
num_space_committed: 1030.
num_space_uncommitted: 0.
num_chunks_returned_to_freelist: 24.
num_chunks_taken_from_freelist: 3210.
num_chunk_merges: 11.
num_chunk_splits: 2026.
num_chunks_enlarged: 1223.
num_inconsistent_stats: 0.

CodeHeap 'non-profiled nmethods': size=120000Kb used=4219Kb max_used=4219Kb free=115780Kb
 bounds [0x000001d407ad0000, 0x000001d407ef0000, 0x000001d40f000000]
CodeHeap 'profiled nmethods': size=120000Kb used=13329Kb max_used=13329Kb free=106670Kb
 bounds [0x000001d400000000, 0x000001d400d10000, 0x000001d407530000]
CodeHeap 'non-nmethods': size=5760Kb used=1344Kb max_used=1428Kb free=4415Kb
 bounds [0x000001d407530000, 0x000001d4077a0000, 0x000001d407ad0000]
 total_blobs=7360 nmethods=6686 adapters=586
 compilation: enabled
              stopped_count=0, restarted_count=0
 full_count=0

Compilation events (20 events):
Event: 7.445 Thread 0x000001d47fa86a00 7544       2       java.nio.channels.Channels$ReadableByteChannelImpl::<init> (28 bytes)
Event: 7.445 Thread 0x000001d47fa86a00 nmethod 7544 0x000001d400d01b10 code [0x000001d400d01ca0, 0x000001d400d01f38]
Event: 7.445 Thread 0x000001d47fa86a00 7545       2       jdk.internal.jrtfs.JrtFileSystem$1::<init> (25 bytes)
Event: 7.445 Thread 0x000001d47fa86a00 nmethod 7545 0x000001d400d02010 code [0x000001d400d021a0, 0x000001d400d022d8]
Event: 7.535 Thread 0x000001d47fa86a00 7549       2       java.util.concurrent.locks.LockSupport::setBlocker (12 bytes)
Event: 7.535 Thread 0x000001d47fa86a00 nmethod 7549 0x000001d400d02390 code [0x000001d400d02520, 0x000001d400d02648]
Event: 7.595 Thread 0x000001d47fa86a00 7551       2       java.lang.invoke.DelegatingMethodHandle::rebind (8 bytes)
Event: 7.596 Thread 0x000001d47fa86a00 nmethod 7551 0x000001d400d02710 code [0x000001d400d028c0, 0x000001d400d02a18]
Event: 7.598 Thread 0x000001d47fa86a00 7552       2       java.util.regex.Matcher::end (67 bytes)
Event: 7.599 Thread 0x000001d47fa86a00 nmethod 7552 0x000001d400d02b10 code [0x000001d400d02d20, 0x000001d400d03148]
Event: 7.599 Thread 0x000001d47fa86a00 7553       2       java.util.regex.Matcher::start (65 bytes)
Event: 7.599 Thread 0x000001d47fa86a00 nmethod 7553 0x000001d400d03410 code [0x000001d400d03620, 0x000001d400d03a48]
Event: 7.599 Thread 0x000001d47fa86a00 7554       1       java.util.AbstractList$ListItr::nextIndex (5 bytes)
Event: 7.599 Thread 0x000001d47fa86a00 nmethod 7554 0x000001d407eee510 code [0x000001d407eee6a0, 0x000001d407eee778]
Event: 7.601 Thread 0x000001d47fa86a00 7555       1       org.eclipse.core.internal.jobs.InternalJob::next (5 bytes)
Event: 7.601 Thread 0x000001d47fa86a00 nmethod 7555 0x000001d407eee810 code [0x000001d407eee9a0, 0x000001d407eeea78]
Event: 7.601 Thread 0x000001d47fa86a00 7556       2       org.eclipse.core.internal.resources.Resource::checkAccessible (7 bytes)
Event: 7.601 Thread 0x000001d47fa86a00 nmethod 7556 0x000001d400d03d10 code [0x000001d400d03ea0, 0x000001d400d03fc8]
Event: 7.601 Thread 0x000001d47fa86a00 7557       2       org.eclipse.core.internal.resources.Resource::checkExists (38 bytes)
Event: 7.602 Thread 0x000001d47fa86a00 nmethod 7557 0x000001d400d04090 code [0x000001d400d04260, 0x000001d400d044f8]

GC Heap History (20 events):
Event: 7.264 GC heap after
{Heap after GC invocations=129 (full 5):
 PSYoungGen      total 4096K, used 657K [0x00000000eab00000, 0x00000000eb100000, 0x0000000100000000)
  eden space 3072K, 0% used [0x00000000eab00000,0x00000000eab00000,0x00000000eae00000)
  from space 1024K, 64% used [0x00000000eae00000,0x00000000eaea4580,0x00000000eaf00000)
  to   space 1024K, 0% used [0x00000000eb000000,0x00000000eb000000,0x00000000eb100000)
 ParOldGen       total 133632K, used 133379K [0x00000000c0000000, 0x00000000c8280000, 0x00000000eab00000)
  object space 133632K, 99% used [0x00000000c0000000,0x00000000c8240c40,0x00000000c8280000)
 Metaspace       used 63959K, committed 65088K, reserved 1114112K
  class space    used 7325K, committed 7808K, reserved 1048576K
}
Event: 7.264 GC heap before
{Heap before GC invocations=130 (full 6):
 PSYoungGen      total 4096K, used 657K [0x00000000eab00000, 0x00000000eb100000, 0x0000000100000000)
  eden space 3072K, 0% used [0x00000000eab00000,0x00000000eab00000,0x00000000eae00000)
  from space 1024K, 64% used [0x00000000eae00000,0x00000000eaea4580,0x00000000eaf00000)
  to   space 1024K, 0% used [0x00000000eb000000,0x00000000eb000000,0x00000000eb100000)
 ParOldGen       total 133632K, used 133379K [0x00000000c0000000, 0x00000000c8280000, 0x00000000eab00000)
  object space 133632K, 99% used [0x00000000c0000000,0x00000000c8240c40,0x00000000c8280000)
 Metaspace       used 63959K, committed 65088K, reserved 1114112K
  class space    used 7325K, committed 7808K, reserved 1048576K
}
Event: 7.314 GC heap after
{Heap after GC invocations=130 (full 6):
 PSYoungGen      total 5120K, used 0K [0x00000000eab00000, 0x00000000eb100000, 0x0000000100000000)
  eden space 4096K, 0% used [0x00000000eab00000,0x00000000eab00000,0x00000000eaf00000)
  from space 1024K, 0% used [0x00000000eb000000,0x00000000eb000000,0x00000000eb100000)
  to   space 1024K, 0% used [0x00000000eaf00000,0x00000000eaf00000,0x00000000eb000000)
 ParOldGen       total 133632K, used 130283K [0x00000000c0000000, 0x00000000c8280000, 0x00000000eab00000)
  object space 133632K, 97% used [0x00000000c0000000,0x00000000c7f3adf0,0x00000000c8280000)
 Metaspace       used 63959K, committed 65088K, reserved 1114112K
  class space    used 7325K, committed 7808K, reserved 1048576K
}
Event: 7.326 GC heap before
{Heap before GC invocations=131 (full 6):
 PSYoungGen      total 5120K, used 4096K [0x00000000eab00000, 0x00000000eb100000, 0x0000000100000000)
  eden space 4096K, 100% used [0x00000000eab00000,0x00000000eaf00000,0x00000000eaf00000)
  from space 1024K, 0% used [0x00000000eb000000,0x00000000eb000000,0x00000000eb100000)
  to   space 1024K, 0% used [0x00000000eaf00000,0x00000000eaf00000,0x00000000eb000000)
 ParOldGen       total 133632K, used 130283K [0x00000000c0000000, 0x00000000c8280000, 0x00000000eab00000)
  object space 133632K, 97% used [0x00000000c0000000,0x00000000c7f3adf0,0x00000000c8280000)
 Metaspace       used 64016K, committed 65088K, reserved 1114112K
  class space    used 7333K, committed 7808K, reserved 1048576K
}
Event: 7.327 GC heap after
{Heap after GC invocations=131 (full 6):
 PSYoungGen      total 5120K, used 1006K [0x00000000eab00000, 0x00000000eb200000, 0x0000000100000000)
  eden space 4096K, 0% used [0x00000000eab00000,0x00000000eab00000,0x00000000eaf00000)
  from space 1024K, 98% used [0x00000000eaf00000,0x00000000eaffb998,0x00000000eb000000)
  to   space 1536K, 0% used [0x00000000eb080000,0x00000000eb080000,0x00000000eb200000)
 ParOldGen       total 133632K, used 130299K [0x00000000c0000000, 0x00000000c8280000, 0x00000000eab00000)
  object space 133632K, 97% used [0x00000000c0000000,0x00000000c7f3edf0,0x00000000c8280000)
 Metaspace       used 64016K, committed 65088K, reserved 1114112K
  class space    used 7333K, committed 7808K, reserved 1048576K
}
Event: 7.338 GC heap before
{Heap before GC invocations=132 (full 6):
 PSYoungGen      total 5120K, used 5102K [0x00000000eab00000, 0x00000000eb200000, 0x0000000100000000)
  eden space 4096K, 100% used [0x00000000eab00000,0x00000000eaf00000,0x00000000eaf00000)
  from space 1024K, 98% used [0x00000000eaf00000,0x00000000eaffb998,0x00000000eb000000)
  to   space 1536K, 0% used [0x00000000eb080000,0x00000000eb080000,0x00000000eb200000)
 ParOldGen       total 133632K, used 130299K [0x00000000c0000000, 0x00000000c8280000, 0x00000000eab00000)
  object space 133632K, 97% used [0x00000000c0000000,0x00000000c7f3edf0,0x00000000c8280000)
 Metaspace       used 64131K, committed 65216K, reserved 1114112K
  class space    used 7342K, committed 7808K, reserved 1048576K
}
Event: 7.340 GC heap after
{Heap after GC invocations=132 (full 6):
 PSYoungGen      total 5120K, used 999K [0x00000000eab00000, 0x00000000eb180000, 0x0000000100000000)
  eden space 4096K, 0% used [0x00000000eab00000,0x00000000eab00000,0x00000000eaf00000)
  from space 1024K, 97% used [0x00000000eb080000,0x00000000eb179f60,0x00000000eb180000)
  to   space 1024K, 0% used [0x00000000eaf00000,0x00000000eaf00000,0x00000000eb000000)
 ParOldGen       total 133632K, used 131140K [0x00000000c0000000, 0x00000000c8280000, 0x00000000eab00000)
  object space 133632K, 98% used [0x00000000c0000000,0x00000000c80113e0,0x00000000c8280000)
 Metaspace       used 64131K, committed 65216K, reserved 1114112K
  class space    used 7342K, committed 7808K, reserved 1048576K
}
Event: 7.351 GC heap before
{Heap before GC invocations=133 (full 6):
 PSYoungGen      total 5120K, used 5095K [0x00000000eab00000, 0x00000000eb180000, 0x0000000100000000)
  eden space 4096K, 100% used [0x00000000eab00000,0x00000000eaf00000,0x00000000eaf00000)
  from space 1024K, 97% used [0x00000000eb080000,0x00000000eb179f60,0x00000000eb180000)
  to   space 1024K, 0% used [0x00000000eaf00000,0x00000000eaf00000,0x00000000eb000000)
 ParOldGen       total 133632K, used 131140K [0x00000000c0000000, 0x00000000c8280000, 0x00000000eab00000)
  object space 133632K, 98% used [0x00000000c0000000,0x00000000c80113e0,0x00000000c8280000)
 Metaspace       used 64270K, committed 65344K, reserved 1114112K
  class space    used 7359K, committed 7808K, reserved 1048576K
}
Event: 7.352 GC heap after
{Heap after GC invocations=133 (full 6):
 PSYoungGen      total 5120K, used 893K [0x00000000eab00000, 0x00000000eb100000, 0x0000000100000000)
  eden space 4096K, 0% used [0x00000000eab00000,0x00000000eab00000,0x00000000eaf00000)
  from space 1024K, 87% used [0x00000000eaf00000,0x00000000eafdf478,0x00000000eb000000)
  to   space 1024K, 0% used [0x00000000eb000000,0x00000000eb000000,0x00000000eb100000)
 ParOldGen       total 133632K, used 131948K [0x00000000c0000000, 0x00000000c8280000, 0x00000000eab00000)
  object space 133632K, 98% used [0x00000000c0000000,0x00000000c80db060,0x00000000c8280000)
 Metaspace       used 64270K, committed 65344K, reserved 1114112K
  class space    used 7359K, committed 7808K, reserved 1048576K
}
Event: 7.364 GC heap before
{Heap before GC invocations=134 (full 6):
 PSYoungGen      total 5120K, used 4989K [0x00000000eab00000, 0x00000000eb100000, 0x0000000100000000)
  eden space 4096K, 100% used [0x00000000eab00000,0x00000000eaf00000,0x00000000eaf00000)
  from space 1024K, 87% used [0x00000000eaf00000,0x00000000eafdf478,0x00000000eb000000)
  to   space 1024K, 0% used [0x00000000eb000000,0x00000000eb000000,0x00000000eb100000)
 ParOldGen       total 133632K, used 131948K [0x00000000c0000000, 0x00000000c8280000, 0x00000000eab00000)
  object space 133632K, 98% used [0x00000000c0000000,0x00000000c80db060,0x00000000c8280000)
 Metaspace       used 64446K, committed 65536K, reserved 1114112K
  class space    used 7369K, committed 7872K, reserved 1048576K
}
Event: 7.365 GC heap after
{Heap after GC invocations=134 (full 6):
 PSYoungGen      total 5120K, used 996K [0x00000000eab00000, 0x00000000eb100000, 0x0000000100000000)
  eden space 4096K, 0% used [0x00000000eab00000,0x00000000eab00000,0x00000000eaf00000)
  from space 1024K, 97% used [0x00000000eb000000,0x00000000eb0f9120,0x00000000eb100000)
  to   space 1024K, 0% used [0x00000000eaf00000,0x00000000eaf00000,0x00000000eb000000)
 ParOldGen       total 133632K, used 132719K [0x00000000c0000000, 0x00000000c8280000, 0x00000000eab00000)
  object space 133632K, 99% used [0x00000000c0000000,0x00000000c819bda0,0x00000000c8280000)
 Metaspace       used 64446K, committed 65536K, reserved 1114112K
  class space    used 7369K, committed 7872K, reserved 1048576K
}
Event: 7.375 GC heap before
{Heap before GC invocations=135 (full 6):
 PSYoungGen      total 5120K, used 5092K [0x00000000eab00000, 0x00000000eb100000, 0x0000000100000000)
  eden space 4096K, 100% used [0x00000000eab00000,0x00000000eaf00000,0x00000000eaf00000)
  from space 1024K, 97% used [0x00000000eb000000,0x00000000eb0f9120,0x00000000eb100000)
  to   space 1024K, 0% used [0x00000000eaf00000,0x00000000eaf00000,0x00000000eb000000)
 ParOldGen       total 133632K, used 132719K [0x00000000c0000000, 0x00000000c8280000, 0x00000000eab00000)
  object space 133632K, 99% used [0x00000000c0000000,0x00000000c819bda0,0x00000000c8280000)
 Metaspace       used 64586K, committed 65664K, reserved 1114112K
  class space    used 7386K, committed 7872K, reserved 1048576K
}
Event: 7.376 GC heap after
{Heap after GC invocations=135 (full 6):
 PSYoungGen      total 5120K, used 913K [0x00000000eab00000, 0x00000000eb100000, 0x0000000100000000)
  eden space 4096K, 0% used [0x00000000eab00000,0x00000000eab00000,0x00000000eaf00000)
  from space 1024K, 89% used [0x00000000eaf00000,0x00000000eafe4628,0x00000000eb000000)
  to   space 1024K, 0% used [0x00000000eb000000,0x00000000eb000000,0x00000000eb100000)
 ParOldGen       total 133632K, used 133482K [0x00000000c0000000, 0x00000000c8280000, 0x00000000eab00000)
  object space 133632K, 99% used [0x00000000c0000000,0x00000000c825a8e8,0x00000000c8280000)
 Metaspace       used 64586K, committed 65664K, reserved 1114112K
  class space    used 7386K, committed 7872K, reserved 1048576K
}
Event: 7.376 GC heap before
{Heap before GC invocations=136 (full 7):
 PSYoungGen      total 5120K, used 913K [0x00000000eab00000, 0x00000000eb100000, 0x0000000100000000)
  eden space 4096K, 0% used [0x00000000eab00000,0x00000000eab00000,0x00000000eaf00000)
  from space 1024K, 89% used [0x00000000eaf00000,0x00000000eafe4628,0x00000000eb000000)
  to   space 1024K, 0% used [0x00000000eb000000,0x00000000eb000000,0x00000000eb100000)
 ParOldGen       total 133632K, used 133482K [0x00000000c0000000, 0x00000000c8280000, 0x00000000eab00000)
  object space 133632K, 99% used [0x00000000c0000000,0x00000000c825a8e8,0x00000000c8280000)
 Metaspace       used 64586K, committed 65664K, reserved 1114112K
  class space    used 7386K, committed 7872K, reserved 1048576K
}
Event: 7.433 GC heap after
{Heap after GC invocations=136 (full 7):
 PSYoungGen      total 5120K, used 0K [0x00000000eab00000, 0x00000000eb180000, 0x0000000100000000)
  eden space 4096K, 0% used [0x00000000eab00000,0x00000000eab00000,0x00000000eaf00000)
  from space 1024K, 0% used [0x00000000eb000000,0x00000000eb000000,0x00000000eb100000)
  to   space 1024K, 0% used [0x00000000eaf00000,0x00000000eaf00000,0x00000000eb000000)
 ParOldGen       total 133632K, used 133449K [0x00000000c0000000, 0x00000000c8280000, 0x00000000eab00000)
  object space 133632K, 99% used [0x00000000c0000000,0x00000000c82525d0,0x00000000c8280000)
 Metaspace       used 64586K, committed 65664K, reserved 1114112K
  class space    used 7386K, committed 7872K, reserved 1048576K
}
Event: 7.445 GC heap before
{Heap before GC invocations=137 (full 8):
 PSYoungGen      total 5120K, used 4096K [0x00000000eab00000, 0x00000000eb180000, 0x0000000100000000)
  eden space 4096K, 100% used [0x00000000eab00000,0x00000000eaf00000,0x00000000eaf00000)
  from space 1024K, 0% used [0x00000000eb000000,0x00000000eb000000,0x00000000eb100000)
  to   space 1024K, 0% used [0x00000000eaf00000,0x00000000eaf00000,0x00000000eb000000)
 ParOldGen       total 133632K, used 133449K [0x00000000c0000000, 0x00000000c8280000, 0x00000000eab00000)
  object space 133632K, 99% used [0x00000000c0000000,0x00000000c82525d0,0x00000000c8280000)
 Metaspace       used 64607K, committed 65664K, reserved 1114112K
  class space    used 7391K, committed 7872K, reserved 1048576K
}
Event: 7.534 GC heap after
{Heap after GC invocations=137 (full 8):
 PSYoungGen      total 5120K, used 722K [0x00000000eab00000, 0x00000000eb180000, 0x0000000100000000)
  eden space 4096K, 17% used [0x00000000eab00000,0x00000000eabb4818,0x00000000eaf00000)
  from space 1024K, 0% used [0x00000000eaf00000,0x00000000eaf00000,0x00000000eb000000)
  to   space 1024K, 0% used [0x00000000eb000000,0x00000000eb000000,0x00000000eb100000)
 ParOldGen       total 133632K, used 133542K [0x00000000c0000000, 0x00000000c8280000, 0x00000000eab00000)
  object space 133632K, 99% used [0x00000000c0000000,0x00000000c8269a68,0x00000000c8280000)
 Metaspace       used 64607K, committed 65664K, reserved 1114112K
  class space    used 7391K, committed 7872K, reserved 1048576K
}
Event: 7.541 GC heap before
{Heap before GC invocations=138 (full 9):
 PSYoungGen      total 5120K, used 4096K [0x00000000eab00000, 0x00000000eb180000, 0x0000000100000000)
  eden space 4096K, 100% used [0x00000000eab00000,0x00000000eaf00000,0x00000000eaf00000)
  from space 1024K, 0% used [0x00000000eaf00000,0x00000000eaf00000,0x00000000eb000000)
  to   space 1024K, 0% used [0x00000000eb000000,0x00000000eb000000,0x00000000eb100000)
 ParOldGen       total 133632K, used 133542K [0x00000000c0000000, 0x00000000c8280000, 0x00000000eab00000)
  object space 133632K, 99% used [0x00000000c0000000,0x00000000c8269a68,0x00000000c8280000)
 Metaspace       used 64729K, committed 65792K, reserved 1114112K
  class space    used 7399K, committed 7872K, reserved 1048576K
}
Event: 7.592 GC heap after
{Heap after GC invocations=138 (full 9):
 PSYoungGen      total 5120K, used 1323K [0x00000000eab00000, 0x00000000eb180000, 0x0000000100000000)
  eden space 4096K, 32% used [0x00000000eab00000,0x00000000eac4ac70,0x00000000eaf00000)
  from space 1024K, 0% used [0x00000000eb000000,0x00000000eb000000,0x00000000eb100000)
  to   space 1024K, 0% used [0x00000000eaf00000,0x00000000eaf00000,0x00000000eb000000)
 ParOldGen       total 133632K, used 133494K [0x00000000c0000000, 0x00000000c8280000, 0x00000000eab00000)
  object space 133632K, 99% used [0x00000000c0000000,0x00000000c825db90,0x00000000c8280000)
 Metaspace       used 64729K, committed 65792K, reserved 1114112K
  class space    used 7399K, committed 7872K, reserved 1048576K
}
Event: 7.602 GC heap before
{Heap before GC invocations=139 (full 10):
 PSYoungGen      total 5120K, used 4096K [0x00000000eab00000, 0x00000000eb180000, 0x0000000100000000)
  eden space 4096K, 100% used [0x00000000eab00000,0x00000000eaf00000,0x00000000eaf00000)
  from space 1024K, 0% used [0x00000000eb000000,0x00000000eb000000,0x00000000eb100000)
  to   space 1024K, 0% used [0x00000000eaf00000,0x00000000eaf00000,0x00000000eb000000)
 ParOldGen       total 133632K, used 133494K [0x00000000c0000000, 0x00000000c8280000, 0x00000000eab00000)
  object space 133632K, 99% used [0x00000000c0000000,0x00000000c825db90,0x00000000c8280000)
 Metaspace       used 64775K, committed 65920K, reserved 1114112K
  class space    used 7408K, committed 7872K, reserved 1048576K
}

Dll operation events (13 events):
Event: 0.006 Loaded shared library c:\Users\Admin\.vscode\extensions\redhat.java-1.35.1-win32-x64\jre\17.0.12-win32-x86_64\bin\java.dll
Event: 0.171 Loaded shared library c:\Users\Admin\.vscode\extensions\redhat.java-1.35.1-win32-x64\jre\17.0.12-win32-x86_64\bin\zip.dll
Event: 0.173 Loaded shared library C:\Users\Admin\.vscode\extensions\redhat.java-1.35.1-win32-x64\jre\17.0.12-win32-x86_64\bin\instrument.dll
Event: 0.183 Loaded shared library C:\Users\Admin\.vscode\extensions\redhat.java-1.35.1-win32-x64\jre\17.0.12-win32-x86_64\bin\net.dll
Event: 0.184 Loaded shared library C:\Users\Admin\.vscode\extensions\redhat.java-1.35.1-win32-x64\jre\17.0.12-win32-x86_64\bin\nio.dll
Event: 0.189 Loaded shared library C:\Users\Admin\.vscode\extensions\redhat.java-1.35.1-win32-x64\jre\17.0.12-win32-x86_64\bin\zip.dll
Event: 0.206 Loaded shared library C:\Users\Admin\.vscode\extensions\redhat.java-1.35.1-win32-x64\jre\17.0.12-win32-x86_64\bin\jimage.dll
Event: 0.261 Loaded shared library c:\Users\Admin\.vscode\extensions\redhat.java-1.35.1-win32-x64\jre\17.0.12-win32-x86_64\bin\verify.dll
Event: 1.343 Loaded shared library C:\Users\Admin\AppData\Roaming\Code\User\globalStorage\redhat.java\1.35.1\config_win\org.eclipse.equinox.launcher\org.eclipse.equinox.launcher.win32.win32.x86_64_1.2.1100.v20240722-2106\eclipse_11904.dll
Event: 2.727 Loaded shared library C:\Users\Admin\AppData\Local\Temp\jna-63116079\jna6059421388958048297.dll
Event: 6.503 Loaded shared library C:\Users\Admin\.gradle\native\68d5fa5c4cc2d200863cafc0d521ce42e7d3e7ee720ec0a83991735586a16f82\windows-amd64\native-platform.dll
Event: 7.073 Loaded shared library C:\Users\Admin\.vscode\extensions\redhat.java-1.35.1-win32-x64\jre\17.0.12-win32-x86_64\bin\management.dll
Event: 7.077 Loaded shared library C:\Users\Admin\.vscode\extensions\redhat.java-1.35.1-win32-x64\jre\17.0.12-win32-x86_64\bin\management_ext.dll

Deoptimization events (20 events):
Event: 7.357 Thread 0x000001d416cb9d10 Uncommon trap: trap_request=0xffffff45 fr.pc=0x000001d407decb6c relative=0x000000000000238c
Event: 7.357 Thread 0x000001d416cb9d10 Uncommon trap: reason=unstable_if action=reinterpret pc=0x000001d407decb6c method=org.eclipse.jdt.internal.compiler.classfmt.MethodInfo.decodeLocalVariableAttribute(II)V @ 14 c2
Event: 7.357 Thread 0x000001d416cb9d10 DEOPT PACKING pc=0x000001d407decb6c sp=0x000000aade6fe860
Event: 7.357 Thread 0x000001d416cb9d10 DEOPT UNPACKING pc=0x000001d407589ea3 sp=0x000000aade6fe790 mode 2
Event: 7.362 Thread 0x000001d416cb9d10 DEOPT PACKING pc=0x000001d400c4b9a5 sp=0x000000aade6fe7e0
Event: 7.362 Thread 0x000001d416cb9d10 DEOPT UNPACKING pc=0x000001d40758a9e3 sp=0x000000aade6fdd70 mode 0
Event: 7.371 Thread 0x000001d416cb9d10 DEOPT PACKING pc=0x000001d400c4b9a5 sp=0x000000aade6fe7e0
Event: 7.371 Thread 0x000001d416cb9d10 DEOPT UNPACKING pc=0x000001d40758a9e3 sp=0x000000aade6fdd70 mode 0
Event: 7.434 Thread 0x000001d416cb9d10 DEOPT PACKING pc=0x000001d400c4b9a5 sp=0x000000aade6fe7e0
Event: 7.434 Thread 0x000001d416cb9d10 DEOPT UNPACKING pc=0x000001d40758a9e3 sp=0x000000aade6fdd70 mode 0
Event: 7.441 Thread 0x000001d416cb9d10 DEOPT PACKING pc=0x000001d400c4b9a5 sp=0x000000aade6fe7e0
Event: 7.441 Thread 0x000001d416cb9d10 DEOPT UNPACKING pc=0x000001d40758a9e3 sp=0x000000aade6fdd70 mode 0
Event: 7.536 Thread 0x000001d416cb9d10 DEOPT PACKING pc=0x000001d400c4b9a5 sp=0x000000aade6fe7e0
Event: 7.536 Thread 0x000001d416cb9d10 DEOPT UNPACKING pc=0x000001d40758a9e3 sp=0x000000aade6fdd70 mode 0
Event: 7.538 Thread 0x000001d416cb9d10 DEOPT PACKING pc=0x000001d400c4b9a5 sp=0x000000aade6fe7e0
Event: 7.538 Thread 0x000001d416cb9d10 DEOPT UNPACKING pc=0x000001d40758a9e3 sp=0x000000aade6fdd70 mode 0
Event: 7.594 Thread 0x000001d416cb9d10 DEOPT PACKING pc=0x000001d400c4b9a5 sp=0x000000aade6fe7e0
Event: 7.594 Thread 0x000001d416cb9d10 DEOPT UNPACKING pc=0x000001d40758a9e3 sp=0x000000aade6fdd70 mode 0
Event: 7.602 Thread 0x000001d416cb9d10 DEOPT PACKING pc=0x000001d400c4bf51 sp=0x000000aade6fe7e0
Event: 7.602 Thread 0x000001d416cb9d10 DEOPT UNPACKING pc=0x000001d40758a9e3 sp=0x000000aade6fdd70 mode 0

Classes loaded (20 events):
Event: 7.141 Loading class java/util/concurrent/ConcurrentSkipListMap$EntryIterator
Event: 7.141 Loading class java/util/concurrent/ConcurrentSkipListMap$Iter
Event: 7.141 Loading class java/util/concurrent/ConcurrentSkipListMap$Iter done
Event: 7.141 Loading class java/util/concurrent/ConcurrentSkipListMap$EntryIterator done
Event: 7.372 Loading class java/lang/ProcessBuilder
Event: 7.373 Loading class java/lang/ProcessBuilder done
Event: 7.374 Loading class java/lang/ProcessImpl
Event: 7.375 Loading class java/lang/ProcessImpl done
Event: 7.437 Loading class java/lang/ProcessImpl$2
Event: 7.438 Loading class java/lang/ProcessImpl$2 done
Event: 7.438 Loading class java/lang/Process$PipeInputStream
Event: 7.438 Loading class java/lang/Process$PipeInputStream done
Event: 7.439 Loading class jdk/internal/event/ProcessStartEvent
Event: 7.439 Loading class jdk/internal/event/ProcessStartEvent done
Event: 7.536 Loading class java/util/zip/CheckedInputStream
Event: 7.537 Loading class java/util/zip/CheckedInputStream done
Event: 7.595 Loading class java/nio/file/attribute/DosFileAttributeView
Event: 7.596 Loading class java/nio/file/attribute/DosFileAttributeView done
Event: 7.596 Loading class sun/nio/fs/WindowsFileAttributeViews$Dos
Event: 7.596 Loading class sun/nio/fs/WindowsFileAttributeViews$Dos done

Classes unloaded (7 events):
Event: 3.830 Thread 0x000001d47f9e0c20 Unloading class 0x0000000100256000 'java/lang/invoke/LambdaForm$MH+0x0000000100256000'
Event: 3.830 Thread 0x000001d47f9e0c20 Unloading class 0x0000000100255c00 'java/lang/invoke/LambdaForm$MH+0x0000000100255c00'
Event: 3.830 Thread 0x000001d47f9e0c20 Unloading class 0x0000000100255800 'java/lang/invoke/LambdaForm$MH+0x0000000100255800'
Event: 3.830 Thread 0x000001d47f9e0c20 Unloading class 0x0000000100255400 'java/lang/invoke/LambdaForm$MH+0x0000000100255400'
Event: 3.830 Thread 0x000001d47f9e0c20 Unloading class 0x0000000100255000 'java/lang/invoke/LambdaForm$BMH+0x0000000100255000'
Event: 3.830 Thread 0x000001d47f9e0c20 Unloading class 0x0000000100254c00 'java/lang/invoke/LambdaForm$DMH+0x0000000100254c00'
Event: 3.830 Thread 0x000001d47f9e0c20 Unloading class 0x0000000100252000 'java/lang/invoke/LambdaForm$DMH+0x0000000100252000'

Classes redefined (0 events):
No events

Internal exceptions (20 events):
Event: 6.145 Thread 0x000001d416cb9800 Exception <a 'sun/nio/fs/WindowsException'{0x00000000eaf86e78}> (0x00000000eaf86e78) 
thrown [s\src\hotspot\share\prims\jni.cpp, line 516]
Event: 6.145 Thread 0x000001d416cb9800 Exception <a 'sun/nio/fs/WindowsException'{0x00000000eaf874f0}> (0x00000000eaf874f0) 
thrown [s\src\hotspot\share\prims\jni.cpp, line 516]
Event: 6.145 Thread 0x000001d416cb9800 Exception <a 'sun/nio/fs/WindowsException'{0x00000000eaf8bff0}> (0x00000000eaf8bff0) 
thrown [s\src\hotspot\share\prims\jni.cpp, line 516]
Event: 6.145 Thread 0x000001d416cb9800 Exception <a 'sun/nio/fs/WindowsException'{0x00000000eafb2ba8}> (0x00000000eafb2ba8) 
thrown [s\src\hotspot\share\prims\jni.cpp, line 516]
Event: 6.145 Thread 0x000001d416cb9800 Exception <a 'sun/nio/fs/WindowsException'{0x00000000eafb3270}> (0x00000000eafb3270) 
thrown [s\src\hotspot\share\prims\jni.cpp, line 516]
Event: 6.145 Thread 0x000001d416cb9800 Exception <a 'sun/nio/fs/WindowsException'{0x00000000eafb3958}> (0x00000000eafb3958) 
thrown [s\src\hotspot\share\prims\jni.cpp, line 516]
Event: 6.146 Thread 0x000001d416cb9800 Exception <a 'sun/nio/fs/WindowsException'{0x00000000eafb9790}> (0x00000000eafb9790) 
thrown [s\src\hotspot\share\prims\jni.cpp, line 516]
Event: 6.146 Thread 0x000001d416cb9800 Exception <a 'sun/nio/fs/WindowsException'{0x00000000eafb9db8}> (0x00000000eafb9db8) 
thrown [s\src\hotspot\share\prims\jni.cpp, line 516]
Event: 6.146 Thread 0x000001d416cb9800 Exception <a 'sun/nio/fs/WindowsException'{0x00000000eafba3e0}> (0x00000000eafba3e0) 
thrown [s\src\hotspot\share\prims\jni.cpp, line 516]
Event: 6.146 Thread 0x000001d416cb9800 Exception <a 'sun/nio/fs/WindowsException'{0x00000000eafbaa20}> (0x00000000eafbaa20) 
thrown [s\src\hotspot\share\prims\jni.cpp, line 516]
Event: 6.146 Thread 0x000001d416cb9800 Exception <a 'sun/nio/fs/WindowsException'{0x00000000eafe5bd0}> (0x00000000eafe5bd0) 
thrown [s\src\hotspot\share\prims\jni.cpp, line 516]
Event: 6.146 Thread 0x000001d416cb9800 Exception <a 'sun/nio/fs/WindowsException'{0x00000000eafe6228}> (0x00000000eafe6228) 
thrown [s\src\hotspot\share\prims\jni.cpp, line 516]
Event: 6.146 Thread 0x000001d416cb9800 Exception <a 'sun/nio/fs/WindowsException'{0x00000000eafe6880}> (0x00000000eafe6880) 
thrown [s\src\hotspot\share\prims\jni.cpp, line 516]
Event: 6.146 Thread 0x000001d416cb9800 Exception <a 'sun/nio/fs/WindowsException'{0x00000000eafe6ef0}> (0x00000000eafe6ef0) 
thrown [s\src\hotspot\share\prims\jni.cpp, line 516]
Event: 6.487 Thread 0x000001d418b3da20 Exception <a 'java/lang/NoSuchMethodError'{0x00000000eac62660}: 'java.lang.Object java.lang.invoke.DirectMethodHandle$Holder.invokeVirtual(java.lang.Object, java.lang.Object, java.lang.Object, java.lang.Object, java.lang.Object, java.lang.Object, java.lang.Object)'> (0x00000000eac62660) 
thrown [s\src\hotspot\share\interpreter\linkResolver.cpp, line 759]
Event: 6.488 Thread 0x000001d418b3da20 Exception <a 'java/lang/NoSuchMethodError'{0x00000000eacf5358}: 'java.lang.Object java.lang.invoke.Invokers$Holder.invoker(java.lang.Object, java.lang.Object, java.lang.Object)'> (0x00000000eacf5358) 
thrown [s\src\hotspot\share\interpreter\linkResolver.cpp, line 759]
Event: 7.020 Thread 0x000001d418b3da20 Exception <a 'java/lang/NoClassDefFoundError'{0x00000000eab88bf0}: org/slf4j/impl/StaticMarkerBinder> (0x00000000eab88bf0) 
thrown [s\src\hotspot\share\classfile\systemDictionary.cpp, line 245]
Event: 7.340 Thread 0x000001d416cb9d10 Implicit null exception at 0x000001d407ed43bc to 0x000001d407ed9430
Event: 7.437 Thread 0x000001d418b43a50 Exception <a 'java/lang/NoSuchMethodError'{0x00000000eab14810}: 'void java.lang.invoke.DirectMethodHandle$Holder.invokeStatic(java.lang.Object, long)'> (0x00000000eab14810) 
thrown [s\src\hotspot\share\interpreter\linkResolver.cpp, line 759]
Event: 7.437 Thread 0x000001d418b43a50 Exception <a 'java/lang/NoSuchMethodError'{0x00000000eac4c280}: 'java.lang.Object java.lang.invoke.DirectMethodHandle$Holder.newInvokeSpecial(java.lang.Object, long)'> (0x00000000eac4c280) 
thrown [s\src\hotspot\share\interpreter\linkResolver.cpp, line 759]

VM Operations (20 events):
Event: 7.314 Executing VM operation: ParallelGCFailedAllocation done
Event: 7.326 Executing VM operation: ParallelGCFailedAllocation
Event: 7.328 Executing VM operation: ParallelGCFailedAllocation done
Event: 7.338 Executing VM operation: ParallelGCFailedAllocation
Event: 7.340 Executing VM operation: ParallelGCFailedAllocation done
Event: 7.351 Executing VM operation: ParallelGCFailedAllocation
Event: 7.352 Executing VM operation: ParallelGCFailedAllocation done
Event: 7.363 Executing VM operation: ParallelGCFailedAllocation
Event: 7.365 Executing VM operation: ParallelGCFailedAllocation done
Event: 7.375 Executing VM operation: ParallelGCFailedAllocation
Event: 7.433 Executing VM operation: ParallelGCFailedAllocation done
Event: 7.438 Executing VM operation: HandshakeAllThreads
Event: 7.439 Executing VM operation: HandshakeAllThreads done
Event: 7.445 Executing VM operation: ParallelGCFailedAllocation
Event: 7.534 Executing VM operation: ParallelGCFailedAllocation done
Event: 7.541 Executing VM operation: ParallelGCFailedAllocation
Event: 7.592 Executing VM operation: ParallelGCFailedAllocation done
Event: 7.597 Executing VM operation: HandshakeAllThreads
Event: 7.597 Executing VM operation: HandshakeAllThreads done
Event: 7.602 Executing VM operation: ParallelGCFailedAllocation

Events (20 events):
Event: 4.571 Thread 0x000001d47fa8b030 flushing nmethod 0x000001d400a00b90
Event: 4.571 Thread 0x000001d47fa8b030 flushing nmethod 0x000001d400a00f10
Event: 4.571 Thread 0x000001d47fa8b030 flushing nmethod 0x000001d400a4b990
Event: 4.571 Thread 0x000001d47fa8b030 flushing nmethod 0x000001d400a4cc90
Event: 4.571 Thread 0x000001d47fa8b030 flushing nmethod 0x000001d400a4d710
Event: 4.571 Thread 0x000001d47fa8b030 flushing nmethod 0x000001d400a4e090
Event: 4.571 Thread 0x000001d47fa8b030 flushing nmethod 0x000001d400a4e510
Event: 4.571 Thread 0x000001d47fa8b030 flushing nmethod 0x000001d400a4ec10
Event: 4.571 Thread 0x000001d47fa8b030 flushing nmethod 0x000001d400a5e010
Event: 4.571 Thread 0x000001d47fa8b030 flushing nmethod 0x000001d400a5ef10
Event: 4.571 Thread 0x000001d47fa8b030 flushing nmethod 0x000001d400a62510
Event: 4.571 Thread 0x000001d47fa8b030 flushing nmethod 0x000001d400a63190
Event: 4.571 Thread 0x000001d47fa8b030 flushing nmethod 0x000001d400a65b90
Event: 5.845 Thread 0x000001d47fa8b030 flushing nmethod 0x000001d400a7b090
Event: 6.174 Thread 0x000001d418b42100 Thread added: 0x000001d418b42100
Event: 6.236 Thread 0x000001d418b3da20 Thread added: 0x000001d418b3da20
Event: 7.372 Thread 0x000001d418b43a50 Thread added: 0x000001d418b43a50
Event: 7.440 Thread 0x000001d418b402a0 Thread added: 0x000001d418b402a0
Event: 7.440 Thread 0x000001d418b407b0 Thread added: 0x000001d418b407b0
Event: 7.600 Thread 0x000001d418b3da20 Thread exited: 0x000001d418b3da20


Dynamic libraries:
0x00007ff6b5f90000 - 0x00007ff6b5f9e000 	c:\Users\Admin\.vscode\extensions\redhat.java-1.35.1-win32-x64\jre\17.0.12-win32-x86_64\bin\java.exe
0x00007ffbe0610000 - 0x00007ffbe0808000 	C:\Windows\SYSTEM32\ntdll.dll
0x00007ffbdf7c0000 - 0x00007ffbdf881000 	C:\Windows\System32\KERNEL32.DLL
0x00007ffbdde60000 - 0x00007ffbde15d000 	C:\Windows\System32\KERNELBASE.dll
0x00007ffbde540000 - 0x00007ffbde640000 	C:\Windows\System32\ucrtbase.dll
0x00007ffbb7110000 - 0x00007ffbb7127000 	c:\Users\Admin\.vscode\extensions\redhat.java-1.35.1-win32-x64\jre\17.0.12-win32-x86_64\bin\jli.dll
0x00007ffbdfcc0000 - 0x00007ffbdfe5d000 	C:\Windows\System32\USER32.dll
0x00007ffbde460000 - 0x00007ffbde482000 	C:\Windows\System32\win32u.dll
0x00007ffbdf2f0000 - 0x00007ffbdf31b000 	C:\Windows\System32\GDI32.dll
0x00007ffbddcf0000 - 0x00007ffbdde07000 	C:\Windows\System32\gdi32full.dll
0x00007ffbde1d0000 - 0x00007ffbde26d000 	C:\Windows\System32\msvcp_win.dll
0x00007ffbb70f0000 - 0x00007ffbb710b000 	c:\Users\Admin\.vscode\extensions\redhat.java-1.35.1-win32-x64\jre\17.0.12-win32-x86_64\bin\VCRUNTIME140.dll
0x00007ffbc5670000 - 0x00007ffbc590a000 	C:\Windows\WinSxS\amd64_microsoft.windows.common-controls_6595b64144ccf1df_6.0.19041.4355_none_60b8b9eb71f62e16\COMCTL32.dll
0x00007ffbdf9c0000 - 0x00007ffbdfa5e000 	C:\Windows\System32\msvcrt.dll
0x00007ffbdf100000 - 0x00007ffbdf12f000 	C:\Windows\System32\IMM32.DLL
0x00007ffbc5b60000 - 0x00007ffbc5b6c000 	c:\Users\Admin\.vscode\extensions\redhat.java-1.35.1-win32-x64\jre\17.0.12-win32-x86_64\bin\vcruntime140_1.dll
0x00007ffbb5140000 - 0x00007ffbb51cd000 	c:\Users\Admin\.vscode\extensions\redhat.java-1.35.1-win32-x64\jre\17.0.12-win32-x86_64\bin\msvcp140.dll
0x00007ffbb44d0000 - 0x00007ffbb513a000 	c:\Users\Admin\.vscode\extensions\redhat.java-1.35.1-win32-x64\jre\17.0.12-win32-x86_64\bin\server\jvm.dll
0x00007ffbdf1d0000 - 0x00007ffbdf280000 	C:\Windows\System32\ADVAPI32.dll
0x00007ffbdf130000 - 0x00007ffbdf1d0000 	C:\Windows\System32\sechost.dll
0x00007ffbdf320000 - 0x00007ffbdf443000 	C:\Windows\System32\RPCRT4.dll
0x00007ffbddcc0000 - 0x00007ffbddce7000 	C:\Windows\System32\bcrypt.dll
0x00007ffbdf280000 - 0x00007ffbdf2eb000 	C:\Windows\System32\WS2_32.dll
0x00007ffbdd5c0000 - 0x00007ffbdd60b000 	C:\Windows\SYSTEM32\POWRPROF.dll
0x00007ffbcdce0000 - 0x00007ffbcdd07000 	C:\Windows\SYSTEM32\WINMM.dll
0x00007ffbd4420000 - 0x00007ffbd442a000 	C:\Windows\SYSTEM32\VERSION.dll
0x00007ffbdd550000 - 0x00007ffbdd562000 	C:\Windows\SYSTEM32\UMPDC.dll
0x00007ffbdc4a0000 - 0x00007ffbdc4b2000 	C:\Windows\SYSTEM32\kernel.appcore.dll
0x00007ffbc4db0000 - 0x00007ffbc4dba000 	c:\Users\Admin\.vscode\extensions\redhat.java-1.35.1-win32-x64\jre\17.0.12-win32-x86_64\bin\jimage.dll
0x00007ffbdb8a0000 - 0x00007ffbdba84000 	C:\Windows\SYSTEM32\DBGHELP.DLL
0x00007ffbc8bf0000 - 0x00007ffbc8c24000 	C:\Windows\SYSTEM32\dbgcore.DLL
0x00007ffbde270000 - 0x00007ffbde2f2000 	C:\Windows\System32\bcryptPrimitives.dll
0x00007ffbc47a0000 - 0x00007ffbc47ae000 	c:\Users\Admin\.vscode\extensions\redhat.java-1.35.1-win32-x64\jre\17.0.12-win32-x86_64\bin\instrument.dll
0x00007ffbb6eb0000 - 0x00007ffbb6ed5000 	c:\Users\Admin\.vscode\extensions\redhat.java-1.35.1-win32-x64\jre\17.0.12-win32-x86_64\bin\java.dll
0x00007ffbb44b0000 - 0x00007ffbb44c8000 	c:\Users\Admin\.vscode\extensions\redhat.java-1.35.1-win32-x64\jre\17.0.12-win32-x86_64\bin\zip.dll
0x00007ffbdfe60000 - 0x00007ffbe05cf000 	C:\Windows\System32\SHELL32.dll
0x00007ffbdbce0000 - 0x00007ffbdc483000 	C:\Windows\SYSTEM32\windows.storage.dll
0x00007ffbdf460000 - 0x00007ffbdf7b3000 	C:\Windows\System32\combase.dll
0x00007ffbdd610000 - 0x00007ffbdd63e000 	C:\Windows\SYSTEM32\Wldp.dll
0x00007ffbdf030000 - 0x00007ffbdf0fd000 	C:\Windows\System32\OLEAUT32.dll
0x00007ffbde640000 - 0x00007ffbde6ed000 	C:\Windows\System32\SHCORE.dll
0x00007ffbdfa60000 - 0x00007ffbdfab5000 	C:\Windows\System32\shlwapi.dll
0x00007ffbddbf0000 - 0x00007ffbddc14000 	C:\Windows\SYSTEM32\profapi.dll
0x00007ffbb4490000 - 0x00007ffbb44a9000 	C:\Users\Admin\.vscode\extensions\redhat.java-1.35.1-win32-x64\jre\17.0.12-win32-x86_64\bin\net.dll
0x00007ffbd7800000 - 0x00007ffbd790d000 	C:\Windows\SYSTEM32\WINHTTP.dll
0x00007ffbdd380000 - 0x00007ffbdd3ea000 	C:\Windows\system32\mswsock.dll
0x00007ffbb4470000 - 0x00007ffbb4486000 	C:\Users\Admin\.vscode\extensions\redhat.java-1.35.1-win32-x64\jre\17.0.12-win32-x86_64\bin\nio.dll
0x00007ffbc2c40000 - 0x00007ffbc2c50000 	c:\Users\Admin\.vscode\extensions\redhat.java-1.35.1-win32-x64\jre\17.0.12-win32-x86_64\bin\verify.dll
0x00007ffbb7130000 - 0x00007ffbb7175000 	C:\Users\Admin\AppData\Roaming\Code\User\globalStorage\redhat.java\1.35.1\config_win\org.eclipse.equinox.launcher\org.eclipse.equinox.launcher.win32.win32.x86_64_1.2.1100.v20240722-2106\eclipse_11904.dll
0x00007ffbdf890000 - 0x00007ffbdf9bb000 	C:\Windows\System32\ole32.dll
0x00007ffbdd650000 - 0x00007ffbdd668000 	C:\Windows\SYSTEM32\CRYPTSP.dll
0x00007ffbdcc60000 - 0x00007ffbdcc94000 	C:\Windows\system32\rsaenh.dll
0x00007ffbddbb0000 - 0x00007ffbddbde000 	C:\Windows\SYSTEM32\USERENV.dll
0x00007ffbdd510000 - 0x00007ffbdd51c000 	C:\Windows\SYSTEM32\CRYPTBASE.dll
0x00007ffbdd080000 - 0x00007ffbdd0bb000 	C:\Windows\SYSTEM32\IPHLPAPI.DLL
0x00007ffbde6f0000 - 0x00007ffbde6f8000 	C:\Windows\System32\NSI.dll
0x00007ffbd6ba0000 - 0x00007ffbd6bb7000 	C:\Windows\SYSTEM32\dhcpcsvc6.DLL
0x00007ffbd6b80000 - 0x00007ffbd6b9d000 	C:\Windows\SYSTEM32\dhcpcsvc.DLL
0x00007ffbdd0c0000 - 0x00007ffbdd18a000 	C:\Windows\SYSTEM32\DNSAPI.dll
0x00007ffbb3d90000 - 0x00007ffbb3dd9000 	C:\Users\Admin\AppData\Local\Temp\jna-63116079\jna6059421388958048297.dll
0x00007ffbdf450000 - 0x00007ffbdf458000 	C:\Windows\System32\PSAPI.DLL
0x00007ffbd1350000 - 0x00007ffbd1377000 	C:\Users\Admin\.gradle\native\68d5fa5c4cc2d200863cafc0d521ce42e7d3e7ee720ec0a83991735586a16f82\windows-amd64\native-platform.dll
0x00007ffbc2050000 - 0x00007ffbc2059000 	C:\Users\Admin\.vscode\extensions\redhat.java-1.35.1-win32-x64\jre\17.0.12-win32-x86_64\bin\management.dll
0x00007ffbc2030000 - 0x00007ffbc203b000 	C:\Users\Admin\.vscode\extensions\redhat.java-1.35.1-win32-x64\jre\17.0.12-win32-x86_64\bin\management_ext.dll

dbghelp: loaded successfully - version: 4.0.5 - missing functions: none
symbol engine: initialized successfully - sym options: 0x614 - pdb path: .;c:\Users\Admin\.vscode\extensions\redhat.java-1.35.1-win32-x64\jre\17.0.12-win32-x86_64\bin;C:\Windows\SYSTEM32;C:\Windows\WinSxS\amd64_microsoft.windows.common-controls_6595b64144ccf1df_6.0.19041.4355_none_60b8b9eb71f62e16;c:\Users\Admin\.vscode\extensions\redhat.java-1.35.1-win32-x64\jre\17.0.12-win32-x86_64\bin\server;C:\Users\Admin\AppData\Roaming\Code\User\globalStorage\redhat.java\1.35.1\config_win\org.eclipse.equinox.launcher\org.eclipse.equinox.launcher.win32.win32.x86_64_1.2.1100.v20240722-2106;C:\Users\Admin\AppData\Local\Temp\jna-63116079;C:\Users\Admin\.gradle\native\68d5fa5c4cc2d200863cafc0d521ce42e7d3e7ee720ec0a83991735586a16f82\windows-amd64

VM Arguments:
jvm_args: --add-modules=ALL-SYSTEM --add-opens=java.base/java.util=ALL-UNNAMED --add-opens=java.base/java.lang=ALL-UNNAMED --add-opens=java.base/sun.nio.fs=ALL-UNNAMED -Declipse.application=org.eclipse.jdt.ls.core.id1 -Dosgi.bundles.defaultStartLevel=4 -Declipse.product=org.eclipse.jdt.ls.core.product -Djava.import.generatesMetadataFilesAtProjectRoot=false -DDetectVMInstallationsJob.disabled=true -Dfile.encoding=utf8 -XX:+UseParallelGC -XX:GCTimeRatio=4 -XX:AdaptiveSizePolicyWeight=90 -Dsun.zip.disableMemoryMapping=true -Xmx1G -Xms100m -Xlog:disable -javaagent:c:\Users\Admin\.vscode\extensions\redhat.java-1.35.1-win32-x64\lombok\lombok-1.18.33.jar -XX:+HeapDumpOnOutOfMemoryError -XX:HeapDumpPath=c:\Users\Admin\AppData\Roaming\Code\User\workspaceStorage\374db62d7145672f06f6dc5f6e6bb613\redhat.java -Daether.dependencyCollector.impl=bf 
java_command: c:\Users\Admin\.vscode\extensions\redhat.java-1.35.1-win32-x64\server\plugins\org.eclipse.equinox.launcher_1.6.900.v20240613-2009.jar -configuration c:\Users\Admin\AppData\Roaming\Code\User\globalStorage\redhat.java\1.35.1\config_win -data c:\Users\Admin\AppData\Roaming\Code\User\workspaceStorage\374db62d7145672f06f6dc5f6e6bb613\redhat.java\jdt_ws --pipe=\\.\pipe\lsp-199b004d3de7e1135798b4c4d3a2e69a-sock
java_class_path (initial): c:\Users\Admin\.vscode\extensions\redhat.java-1.35.1-win32-x64\server\plugins\org.eclipse.equinox.launcher_1.6.900.v20240613-2009.jar
Launcher Type: SUN_STANDARD

[Global flags]
    uintx AdaptiveSizePolicyWeight                 = 90                                        {product} {command line}
     intx CICompilerCount                          = 4                                         {product} {ergonomic}
    uintx GCTimeRatio                              = 4                                         {product} {command line}
     bool HeapDumpOnOutOfMemoryError               = true                                   {manageable} {command line}
    ccstr HeapDumpPath                             = c:\Users\Admin\AppData\Roaming\Code\User\workspaceStorage\374db62d7145672f06f6dc5f6e6bb613\redhat.java         {manageable} {command line}
   size_t InitialHeapSize                          = 104857600                                 {product} {command line}
   size_t MaxHeapSize                              = 1073741824                                {product} {command line}
   size_t MaxNewSize                               = 357564416                                 {product} {ergonomic}
   size_t MinHeapDeltaBytes                        = 524288                                    {product} {ergonomic}
   size_t MinHeapSize                              = 104857600                                 {product} {command line}
   size_t NewSize                                  = 34603008                                  {product} {ergonomic}
    uintx NonNMethodCodeHeapSize                   = 5839372                                {pd product} {ergonomic}
    uintx NonProfiledCodeHeapSize                  = 122909434                              {pd product} {ergonomic}
   size_t OldSize                                  = 70254592                                  {product} {ergonomic}
    uintx ProfiledCodeHeapSize                     = 122909434                              {pd product} {ergonomic}
    uintx ReservedCodeCacheSize                    = 251658240                              {pd product} {ergonomic}
     bool SegmentedCodeCache                       = true                                      {product} {ergonomic}
   size_t SoftMaxHeapSize                          = 1073741824                             {manageable} {ergonomic}
     bool UseCompressedClassPointers               = true                           {product lp64_product} {ergonomic}
     bool UseCompressedOops                        = true                           {product lp64_product} {ergonomic}
     bool UseLargePagesIndividualAllocation        = false                                  {pd product} {ergonomic}
     bool UseParallelGC                            = true                                      {product} {command line}

Logging:
Log output configuration:
 #0: stdout all=off uptime,level,tags
 #1: stderr all=off uptime,level,tags

Environment Variables:
JAVA_HOME=C:\Program Files\Microsoft\jdk-17.0.10.7-hotspot\
PATH=C:\Program Files\Microsoft\jdk-17.0.10.7-hotspot\bin;C:\Windows\system32;C:\Windows;C:\Windows\System32\Wbem;C:\Windows\System32\WindowsPowerShell\v1.0\;C:\Windows\System32\OpenSSH\;C:\Program Files\OpenVPN\bin;C:\Program Files\nodejs\;C:\ProgramData\chocolatey\bin;C:\Program Files\Git\cmd;C:\php-8.3.7;C:\xampp\php;;C:\Program Files\Docker\Docker\resources\bin;C:\Users\Admin\Flutter\bin;C:\Users\Admin\AppData\Local\Programs\Python\Python310\Scripts\;C:\Users\Admin\AppData\Local\Programs\Python\Python310\;C:\Users\Admin\AppData\Local\Programs\Python\Python312\Scripts\;C:\Users\Admin\AppData\Local\Programs\Python\Python312\;C:\Users\Admin\AppData\Local\Programs\Python\Launcher\;C:\Users\Admin\AppData\Local\flutter\bin;C:\Users\Admin\AppData\Local\Microsoft\WindowsApps;C:\Users\Admin\AppData\Local\Programs\Microsoft VS Code\bin;C:\Users\Admin\AppData\Roaming\npm;C:\Users\Admin\AppData\Local\Android\Sdk\platform-tools;C:\msys64\ucrt64\bin;C:\php-8.3.7;C:\xampp\php;
USERNAME=Admin
OS=Windows_NT
PROCESSOR_IDENTIFIER=Intel64 Family 6 Model 140 Stepping 1, GenuineIntel
TMP=C:\Users\Admin\AppData\Local\Temp
TEMP=C:\Users\Admin\AppData\Local\Temp



Periodic native trim disabled


---------------  S Y S T E M  ---------------

OS:
 Windows 10 , 64 bit Build 19041 (10.0.19041.4842)
OS uptime: 0 days 1:47 hours
Hyper-V role detected

CPU: total 8 (initial active 8) (4 cores per cpu, 2 threads per core) family 6 model 140 stepping 1 microcode 0x86, cx8, cmov, fxsr, ht, mmx, 3dnowpref, sse, sse2, sse3, ssse3, sse4.1, sse4.2, popcnt, lzcnt, tsc, tscinvbit, avx, avx2, aes, erms, clmul, bmi1, bmi2, adx, avx512f, avx512dq, avx512cd, avx512bw, avx512vl, sha, fma, vzeroupper, avx512_vpopcntdq, avx512_vpclmulqdq, avx512_vaes, avx512_vnni, clflush, clflushopt, clwb, avx512_vbmi2, avx512_vbmi, hv
Processor Information for all 8 processors :
  Max Mhz: 2803, Current Mhz: 2803, Mhz Limit: 2803

Memory: 4k page, system-wide physical 16082M (4584M free)
TotalPageFile size 16082M (AvailPageFile size 1M)
current process WorkingSet (physical memory assigned to process): 404M, peak: 405M
current process commit charge ("private bytes"): 402M, peak: 954M

vm_info: OpenJDK 64-Bit Server VM (17.0.12+7) for windows-amd64 JRE (17.0.12+7), built on Jul 16 2024 22:08:24 by "admin" with MS VC++ 16.10 / 16.11 (VS2019)

END.
