#
# There is insufficient memory for the Java Runtime Environment to continue.
# Native memory allocation (malloc) failed to allocate 1352176 bytes. Error detail: Chunk::new
# Possible reasons:
#   The system is out of physical RAM or swap space
#   This process is running with CompressedOops enabled, and the Java Heap may be blocking the growth of the native heap
# Possible solutions:
#   Reduce memory load on the system
#   Increase physical memory or swap space
#   Check if swap backing store is full
#   Decrease Java heap size (-Xmx/-Xms)
#   Decrease number of Java threads
#   Decrease Java thread stack sizes (-Xss)
#   Set larger code cache with -XX:ReservedCodeCacheSize=
#   JVM is running with Unscaled Compressed Oops mode in which the Java heap is
#     placed in the first 4GB address space. The Java Heap base address is the
#     maximum limit for the native heap growth. Please use -XX:HeapBaseMinAddress
#     to set the Java Heap base and to place the Java Heap above 4GB virtual address.
# This output file may be truncated or incomplete.
#
#  Out of Memory Error (arena.cpp:191), pid=14452, tid=4220
#
# JRE version: OpenJDK Runtime Environment Temurin-17.0.12+7 (17.0.12+7) (build 17.0.12+7)
# Java VM: OpenJDK 64-Bit Server VM Temurin-17.0.12+7 (17.0.12+7, mixed mode, tiered, compressed oops, compressed class ptrs, parallel gc, windows-amd64)
# No core dump will be written. Minidumps are not enabled by default on client versions of Windows
#

---------------  S U M M A R Y ------------

Command Line: --add-modules=ALL-SYSTEM --add-opens=java.base/java.util=ALL-UNNAMED --add-opens=java.base/java.lang=ALL-UNNAMED --add-opens=java.base/sun.nio.fs=ALL-UNNAMED -Declipse.application=org.eclipse.jdt.ls.core.id1 -Dosgi.bundles.defaultStartLevel=4 -Declipse.product=org.eclipse.jdt.ls.core.product -Djava.import.generatesMetadataFilesAtProjectRoot=false -DDetectVMInstallationsJob.disabled=true -Dfile.encoding=utf8 -XX:+UseParallelGC -XX:GCTimeRatio=4 -XX:AdaptiveSizePolicyWeight=90 -Dsun.zip.disableMemoryMapping=true -Xmx1G -Xms100m -Xlog:disable -javaagent:c:\Users\Admin\.vscode\extensions\redhat.java-1.35.1-win32-x64\lombok\lombok-1.18.33.jar -XX:+HeapDumpOnOutOfMemoryError -XX:HeapDumpPath=c:\Users\Admin\AppData\Roaming\Code\User\workspaceStorage\374db62d7145672f06f6dc5f6e6bb613\redhat.java -Daether.dependencyCollector.impl=bf c:\Users\Admin\.vscode\extensions\redhat.java-1.35.1-win32-x64\server\plugins\org.eclipse.equinox.launcher_1.6.900.v20240613-2009.jar -configuration c:\Users\Admin\AppData\Roaming\Code\User\globalStorage\redhat.java\1.35.1\config_win -data c:\Users\Admin\AppData\Roaming\Code\User\workspaceStorage\374db62d7145672f06f6dc5f6e6bb613\redhat.java\jdt_ws --pipe=\\.\pipe\lsp-ed66d30c3b4a97b2824a358926fd3fe4-sock

Host: 11th Gen Intel(R) Core(TM) i7-1165G7 @ 2.80GHz, 8 cores, 15G,  Windows 10 , 64 bit Build 19041 (10.0.19041.4842)
Time: Wed Oct 16 16:11:00 2024 Malay Peninsula Standard Time elapsed time: 12.012371 seconds (0d 0h 0m 12s)

---------------  T H R E A D  ---------------

Current thread (0x000001642ec11220):  JavaThread "C2 CompilerThread0" daemon [_thread_in_native, id=4220, stack(0x00000033c7600000,0x00000033c7700000)]


Current CompileTask:
C2:  12012 6819   !   4       java.nio.file.FileTreeWalker::visit (204 bytes)

Stack: [0x00000033c7600000,0x00000033c7700000]
Native frames: (J=compiled Java code, j=interpreted, Vv=VM code, C=native code)
V  [jvm.dll+0x67f929]
V  [jvm.dll+0x8371ba]
V  [jvm.dll+0x838c7e]
V  [jvm.dll+0x8392e3]
V  [jvm.dll+0x24834f]
V  [jvm.dll+0xac9d4]
V  [jvm.dll+0xad01c]
V  [jvm.dll+0x367452]
V  [jvm.dll+0x33197a]
V  [jvm.dll+0x330e1a]
V  [jvm.dll+0x21a8b1]
V  [jvm.dll+0x219cf1]
V  [jvm.dll+0x1a58bd]
V  [jvm.dll+0x229a2d]
V  [jvm.dll+0x227bdc]
V  [jvm.dll+0x7ec1f7]
V  [jvm.dll+0x7e65dc]
V  [jvm.dll+0x67e7f7]
C  [ucrtbase.dll+0x21bb2]
C  [KERNEL32.DLL+0x17374]
C  [ntdll.dll+0x4cc91]


---------------  P R O C E S S  ---------------

Threads class SMR info:
_java_thread_list=0x0000016432db4f60, length=47, elements={
0x0000016413ae3d50, 0x0000016413b93c20, 0x000001642ebf4140, 0x00000164298d8070,
0x00000164298d8c30, 0x00000164298d97f0, 0x00000164298dc2c0, 0x000001642ec11220,
0x000001642ec6c220, 0x000001642ec8bf10, 0x0000016413b438e0, 0x000001642efa6860,
0x000001642ff97920, 0x000001643015a4e0, 0x000001643015a9c0, 0x00000164303d5410,
0x00000164303d2680, 0x00000164303d2b90, 0x00000164303d3ac0, 0x00000164303d49f0,
0x00000164303d30a0, 0x00000164303d35b0, 0x00000164303d3fd0, 0x00000164303d4f00,
0x000001642ffe4070, 0x000001642ffe6e00, 0x000001642ffe2c30, 0x000001642ffe7310,
0x000001642ffe63e0, 0x000001642ffe3650, 0x000001642ffe4580, 0x000001642ffe7820,
0x000001642ffe3140, 0x000001642ffe08c0, 0x000001642ffe68f0, 0x000001642ffe59c0,
0x000001642ffe4fa0, 0x000001642ffe54b0, 0x000001642ffe2210, 0x000001642ffe2720,
0x00000164306fb880, 0x000001642ffe5ed0, 0x00000164323af4d0, 0x000001642ffe12e0,
0x00000164303d44e0, 0x00000164303d5920, 0x00000164330c3850
}

Java Threads: ( => current thread )
  0x0000016413ae3d50 JavaThread "main" [_thread_blocked, id=14492, stack(0x00000033c6d00000,0x00000033c6e00000)]
  0x0000016413b93c20 JavaThread "Reference Handler" daemon [_thread_blocked, id=7192, stack(0x00000033c7000000,0x00000033c7100000)]
  0x000001642ebf4140 JavaThread "Finalizer" daemon [_thread_blocked, id=928, stack(0x00000033c7100000,0x00000033c7200000)]
  0x00000164298d8070 JavaThread "Signal Dispatcher" daemon [_thread_blocked, id=11228, stack(0x00000033c7200000,0x00000033c7300000)]
  0x00000164298d8c30 JavaThread "Attach Listener" daemon [_thread_blocked, id=10132, stack(0x00000033c7300000,0x00000033c7400000)]
  0x00000164298d97f0 JavaThread "Service Thread" daemon [_thread_blocked, id=14616, stack(0x00000033c7400000,0x00000033c7500000)]
  0x00000164298dc2c0 JavaThread "Monitor Deflation Thread" daemon [_thread_blocked, id=7084, stack(0x00000033c7500000,0x00000033c7600000)]
=>0x000001642ec11220 JavaThread "C2 CompilerThread0" daemon [_thread_in_native, id=4220, stack(0x00000033c7600000,0x00000033c7700000)]
  0x000001642ec6c220 JavaThread "C1 CompilerThread0" daemon [_thread_in_native, id=6364, stack(0x00000033c7700000,0x00000033c7800000)]
  0x000001642ec8bf10 JavaThread "Sweeper thread" daemon [_thread_blocked, id=9948, stack(0x00000033c7800000,0x00000033c7900000)]
  0x0000016413b438e0 JavaThread "Common-Cleaner" daemon [_thread_blocked, id=4304, stack(0x00000033c7900000,0x00000033c7a00000)]
  0x000001642efa6860 JavaThread "Notification Thread" daemon [_thread_blocked, id=14016, stack(0x00000033c7b00000,0x00000033c7c00000)]
  0x000001642ff97920 JavaThread "Active Thread: Equinox Container: 9b74e4ad-2ba9-434b-b119-3c9d69633a17" [_thread_blocked, id=10868, stack(0x00000033c8400000,0x00000033c8500000)]
  0x000001643015a4e0 JavaThread "Framework Event Dispatcher: Equinox Container: 9b74e4ad-2ba9-434b-b119-3c9d69633a17" daemon [_thread_blocked, id=5920, stack(0x00000033c8500000,0x00000033c8600000)]
  0x000001643015a9c0 JavaThread "Start Level: Equinox Container: 9b74e4ad-2ba9-434b-b119-3c9d69633a17" daemon [_thread_blocked, id=15560, stack(0x00000033c8600000,0x00000033c8700000)]
  0x00000164303d5410 JavaThread "Bundle File Closer" daemon [_thread_blocked, id=4444, stack(0x00000033c7d00000,0x00000033c7e00000)]
  0x00000164303d2680 JavaThread "SCR Component Actor" daemon [_thread_blocked, id=1804, stack(0x00000033c8800000,0x00000033c8900000)]
  0x00000164303d2b90 JavaThread "Worker-JM" [_thread_blocked, id=14836, stack(0x00000033c8900000,0x00000033c8a00000)]
  0x00000164303d3ac0 JavaThread "JNA Cleaner" daemon [_thread_blocked, id=14932, stack(0x00000033c8a00000,0x00000033c8b00000)]
  0x00000164303d49f0 JavaThread "Worker-0: Initialize workspace" [_thread_in_Java, id=9936, stack(0x00000033c8b00000,0x00000033c8c00000)]
  0x00000164303d30a0 JavaThread "Worker-1" [_thread_blocked, id=1812, stack(0x00000033c8c00000,0x00000033c8d00000)]
  0x00000164303d35b0 JavaThread "Java indexing" daemon [_thread_blocked, id=15592, stack(0x00000033c8f00000,0x00000033c9000000)]
  0x00000164303d3fd0 JavaThread "Worker-2" [_thread_blocked, id=14504, stack(0x00000033c9000000,0x00000033c9100000)]
  0x00000164303d4f00 JavaThread "Worker-3" [_thread_blocked, id=7156, stack(0x00000033c9100000,0x00000033c9200000)]
  0x000001642ffe4070 JavaThread "Thread-2" daemon [_thread_in_native, id=15436, stack(0x00000033c9400000,0x00000033c9500000)]
  0x000001642ffe6e00 JavaThread "Thread-3" daemon [_thread_in_native, id=10376, stack(0x00000033c9500000,0x00000033c9600000)]
  0x000001642ffe2c30 JavaThread "Thread-4" daemon [_thread_in_native, id=4684, stack(0x00000033c9600000,0x00000033c9700000)]
  0x000001642ffe7310 JavaThread "Thread-5" daemon [_thread_in_native, id=9836, stack(0x00000033c9700000,0x00000033c9800000)]
  0x000001642ffe63e0 JavaThread "Thread-6" daemon [_thread_in_native, id=12160, stack(0x00000033c9800000,0x00000033c9900000)]
  0x000001642ffe3650 JavaThread "Thread-7" daemon [_thread_in_native, id=11600, stack(0x00000033c9900000,0x00000033c9a00000)]
  0x000001642ffe4580 JavaThread "Thread-8" daemon [_thread_in_native, id=2384, stack(0x00000033c9a00000,0x00000033c9b00000)]
  0x000001642ffe7820 JavaThread "Thread-9" daemon [_thread_in_native, id=12140, stack(0x00000033c9b00000,0x00000033c9c00000)]
  0x000001642ffe3140 JavaThread "Thread-10" daemon [_thread_in_native, id=14500, stack(0x00000033c9c00000,0x00000033c9d00000)]
  0x000001642ffe08c0 JavaThread "pool-2-thread-1" [_thread_blocked, id=1248, stack(0x00000033c9d00000,0x00000033c9e00000)]
  0x000001642ffe68f0 JavaThread "WorkspaceEventsHandler" [_thread_blocked, id=10828, stack(0x00000033c9e00000,0x00000033c9f00000)]
  0x000001642ffe59c0 JavaThread "pool-1-thread-1" [_thread_blocked, id=8988, stack(0x00000033c9f00000,0x00000033ca000000)]
  0x000001642ffe4fa0 JavaThread "Timer-0" [_thread_blocked, id=15972, stack(0x00000033ca000000,0x00000033ca100000)]
  0x000001642ffe54b0 JavaThread "Exec process" [_thread_blocked, id=11328, stack(0x00000033c7a00000,0x00000033c7b00000)]
  0x000001642ffe2210 JavaThread "Exec process Thread 2" [_thread_blocked, id=960, stack(0x00000033c8e00000,0x00000033c8f00000)]
  0x000001642ffe2720 JavaThread "Exec process Thread 3" [_thread_blocked, id=9496, stack(0x00000033ca200000,0x00000033ca300000)]
  0x00000164306fb880 JavaThread "C2 CompilerThread1" daemon [_thread_in_native, id=16092, stack(0x00000033c8d00000,0x00000033c8e00000)]
  0x000001642ffe5ed0 JavaThread "Timer-1" [_thread_blocked, id=3320, stack(0x00000033ca100000,0x00000033ca200000)]
  0x00000164323af4d0 JavaThread "C2 CompilerThread2" daemon [_thread_in_native, id=2520, stack(0x00000033ca400000,0x00000033ca500000)]
  0x000001642ffe12e0 JavaThread "ForkJoinPool.commonPool-worker-1" daemon [_thread_blocked, id=15284, stack(0x00000033ca300000,0x00000033ca400000)]
  0x00000164303d44e0 JavaThread "ForkJoinPool.commonPool-worker-2" daemon [_thread_blocked, id=8700, stack(0x00000033ca500000,0x00000033ca600000)]
  0x00000164303d5920 JavaThread "ForkJoinPool.commonPool-worker-3" daemon [_thread_blocked, id=14100, stack(0x00000033ca600000,0x00000033ca700000)]
  0x00000164330c3850 JavaThread "ForkJoinPool.commonPool-worker-4" daemon [_thread_blocked, id=4212, stack(0x00000033ca700000,0x00000033ca800000)]

Other Threads:
  0x000001642ebe0c20 VMThread "VM Thread" [stack: 0x00000033c6f00000,0x00000033c7000000] [id=12660]
  0x000001642fb716e0 WatcherThread [stack: 0x00000033c7c00000,0x00000033c7d00000] [id=7968]
  0x0000016413af8480 GCTaskThread "GC Thread#0" [stack: 0x00000033c6e00000,0x00000033c6f00000] [id=3396]
  0x000001642fc07080 GCTaskThread "GC Thread#1" [stack: 0x00000033c7e00000,0x00000033c7f00000] [id=13080]
  0x0000016430092c80 GCTaskThread "GC Thread#2" [stack: 0x00000033c7f00000,0x00000033c8000000] [id=4904]
  0x000001642fc0b4e0 GCTaskThread "GC Thread#3" [stack: 0x00000033c8000000,0x00000033c8100000] [id=9676]
  0x000001642fc0b7a0 GCTaskThread "GC Thread#4" [stack: 0x00000033c8100000,0x00000033c8200000] [id=5948]
  0x000001642fc0ba60 GCTaskThread "GC Thread#5" [stack: 0x00000033c8200000,0x00000033c8300000] [id=15548]
  0x000001642fc0bd20 GCTaskThread "GC Thread#6" [stack: 0x00000033c8300000,0x00000033c8400000] [id=15680]
  0x00000164307b6a70 GCTaskThread "GC Thread#7" [stack: 0x00000033c8700000,0x00000033c8800000] [id=14372]

Threads with active compile tasks:
C2 CompilerThread0    12031 6819   !   4       java.nio.file.FileTreeWalker::visit (204 bytes)
C2 CompilerThread1    12031 6778   !   4       java.nio.file.FileTreeWalker::next (144 bytes)
C2 CompilerThread2    12031 6892       4       jdk.internal.jrtfs.JrtPath::initOffsets (146 bytes)

VM state: not at safepoint (normal execution)

VM Mutex/Monitor currently owned by a thread:  ([mutex/lock_event])
[0x0000016413adc5c0] MethodCompileQueue_lock - owner thread: 0x0000000000000000

Heap address: 0x00000000c0000000, size: 1024 MB, Compressed Oops mode: 32-bit

CDS archive(s) not mapped
Compressed class space mapped at: 0x0000000100000000-0x0000000140000000, reserved size: 1073741824
Narrow klass base: 0x0000000000000000, Narrow klass shift: 3, Narrow klass range: 0x140000000

GC Precious Log:
 CPUs: 8 total, 8 available
 Memory: 16082M
 Large Page Support: Disabled
 NUMA Support: Disabled
 Compressed Oops: Enabled (32-bit)
 Alignments: Space 512K, Generation 512K, Heap 2M
 Heap Min Capacity: 100M
 Heap Initial Capacity: 100M
 Heap Max Capacity: 1G
 Pre-touch: Disabled
 Parallel Workers: 8

Heap:
 PSYoungGen      total 22528K, used 2252K [0x00000000eab00000, 0x00000000ec780000, 0x0000000100000000)
  eden space 22016K, 8% used [0x00000000eab00000,0x00000000eacbb0a0,0x00000000ec080000)
  from space 512K, 93% used [0x00000000ec700000,0x00000000ec778020,0x00000000ec780000)
  to   space 3072K, 0% used [0x00000000ec180000,0x00000000ec180000,0x00000000ec480000)
 ParOldGen       total 68608K, used 36983K [0x00000000c0000000, 0x00000000c4300000, 0x00000000eab00000)
  object space 68608K, 53% used [0x00000000c0000000,0x00000000c241ddf8,0x00000000c4300000)
 Metaspace       used 62380K, committed 63424K, reserved 1114112K
  class space    used 7191K, committed 7616K, reserved 1048576K

Card table byte_map: [0x0000016427170000,0x0000016427380000] _byte_map_base: 0x0000016426b70000

Marking Bits: (ParMarkBitMap*) 0x00007ffdf5ce58b0
 Begin Bits: [0x00000164274e0000, 0x00000164284e0000)
 End Bits:   [0x00000164284e0000, 0x00000164294e0000)

Polling page: 0x0000016413ba0000

Metaspace:

Usage:
  Non-class:     53.90 MB used.
      Class:      7.02 MB used.
       Both:     60.92 MB used.

Virtual space:
  Non-class space:       64.00 MB reserved,      54.50 MB ( 85%) committed,  1 nodes.
      Class space:        1.00 GB reserved,       7.44 MB ( <1%) committed,  1 nodes.
             Both:        1.06 GB reserved,      61.94 MB (  6%) committed. 

Chunk freelists:
   Non-Class:  9.40 MB
       Class:  8.51 MB
        Both:  17.91 MB

MaxMetaspaceSize: unlimited
CompressedClassSpaceSize: 1.00 GB
Initial GC threshold: 21.00 MB
Current GC threshold: 97.31 MB
CDS: off
MetaspaceReclaimPolicy: balanced
 - commit_granule_bytes: 65536.
 - commit_granule_words: 8192.
 - virtual_space_node_default_size: 8388608.
 - enlarge_chunks_in_place: 1.
 - new_chunks_are_fully_committed: 0.
 - uncommit_free_chunks: 1.
 - use_allocation_guard: 0.
 - handle_deallocations: 1.


Internal statistics:

num_allocs_failed_limit: 9.
num_arena_births: 646.
num_arena_deaths: 36.
num_vsnodes_births: 2.
num_vsnodes_deaths: 0.
num_space_committed: 991.
num_space_uncommitted: 0.
num_chunks_returned_to_freelist: 50.
num_chunks_taken_from_freelist: 3002.
num_chunk_merges: 16.
num_chunk_splits: 1965.
num_chunks_enlarged: 1284.
num_inconsistent_stats: 0.

CodeHeap 'non-profiled nmethods': size=120000Kb used=3893Kb max_used=3893Kb free=116106Kb
 bounds [0x000001641fa60000, 0x000001641fe30000, 0x0000016426f90000]
CodeHeap 'profiled nmethods': size=120000Kb used=12487Kb max_used=12487Kb free=107512Kb
 bounds [0x0000016417f90000, 0x0000016418bd0000, 0x000001641f4c0000]
CodeHeap 'non-nmethods': size=5760Kb used=1328Kb max_used=1364Kb free=4432Kb
 bounds [0x000001641f4c0000, 0x000001641f730000, 0x000001641fa60000]
 total_blobs=6821 nmethods=6167 adapters=566
 compilation: enabled
              stopped_count=0, restarted_count=0
 full_count=0

Compilation events (20 events):
Event: 11.992 Thread 0x000001642ec6c220 6918       3       org.eclipse.jdt.internal.core.JarPackageFragmentRoot$$Lambda$490/0x0000000100737960::compare (18 bytes)
Event: 11.992 Thread 0x000001642ec6c220 nmethod 6918 0x0000016418bb8610 code [0x0000016418bb87c0, 0x0000016418bb8ac8]
Event: 11.992 Thread 0x000001642ec6c220 6920       1       org.eclipse.jdt.internal.core.JavaElement::getJavaProject (5 bytes)
Event: 11.992 Thread 0x000001642ec6c220 nmethod 6920 0x000001641fe21710 code [0x000001641fe218a0, 0x000001641fe21978]
Event: 11.992 Thread 0x000001642ec6c220 6921       1       org.eclipse.jdt.internal.core.JarPackageFragment::internalIsValidPackageName (2 bytes)
Event: 11.992 Thread 0x000001642ec6c220 nmethod 6921 0x000001641fe21a10 code [0x000001641fe21ba0, 0x000001641fe21c78]
Event: 11.993 Thread 0x000001642ec6c220 6922       3       org.eclipse.jdt.internal.compiler.classfmt.ClassFileStruct::u1At (16 bytes)
Event: 11.993 Thread 0x000001642ec6c220 nmethod 6922 0x0000016418bb8b90 code [0x0000016418bb8d20, 0x0000016418bb8e58]
Event: 11.995 Thread 0x000001642ec6c220 6925       1       org.eclipse.jdt.internal.core.JavaElement::getParent (5 bytes)
Event: 11.995 Thread 0x000001642ec6c220 nmethod 6925 0x000001641fe21d10 code [0x000001641fe21ea0, 0x000001641fe21f78]
Event: 11.995 Thread 0x000001642ec6c220 6926       1       org.eclipse.jdt.internal.core.PackageFragmentRoot::getElementType (2 bytes)
Event: 11.995 Thread 0x000001642ec6c220 nmethod 6926 0x000001641fe22010 code [0x000001641fe221a0, 0x000001641fe22278]
Event: 11.995 Thread 0x000001642ec6c220 6927       3       org.eclipse.jdt.internal.compiler.classfmt.ClassFileStruct::utf8At (171 bytes)
Event: 11.996 Thread 0x000001642ec6c220 nmethod 6927 0x0000016418bb8f10 code [0x0000016418bb90e0, 0x0000016418bb9668]
Event: 11.996 Thread 0x000001642ec6c220 6928       3       org.eclipse.jdt.internal.core.JavaModelManager::getJavaModelManager (4 bytes)
Event: 11.996 Thread 0x000001642ec6c220 nmethod 6928 0x00000164185c7c10 code [0x00000164185c7da0, 0x00000164185c7e98]
Event: 11.996 Thread 0x000001642ec6c220 6929       3       jdk.internal.jimage.ImageReader$SharedImageReader$$Lambda$483/0x000000010074d488::<init> (15 bytes)
Event: 11.996 Thread 0x000001642ec6c220 nmethod 6929 0x0000016418bb9890 code [0x0000016418bb9a20, 0x0000016418bb9bb8]
Event: 11.997 Thread 0x000001642ec6c220 6930       3       java.io.File::getName (42 bytes)
Event: 11.998 Thread 0x000001642ec6c220 nmethod 6930 0x0000016418bb9c90 code [0x0000016418bb9ee0, 0x0000016418bba718]

GC Heap History (20 events):
Event: 10.014 GC heap before
{Heap before GC invocations=21 (full 2):
 PSYoungGen      total 23552K, used 23376K [0x00000000eab00000, 0x00000000ec580000, 0x0000000100000000)
  eden space 22016K, 100% used [0x00000000eab00000,0x00000000ec080000,0x00000000ec080000)
  from space 1536K, 88% used [0x00000000ec400000,0x00000000ec554010,0x00000000ec580000)
  to   space 2048K, 0% used [0x00000000ec180000,0x00000000ec180000,0x00000000ec380000)
 ParOldGen       total 68608K, used 20451K [0x00000000c0000000, 0x00000000c4300000, 0x00000000eab00000)
  object space 68608K, 29% used [0x00000000c0000000,0x00000000c13f8d20,0x00000000c4300000)
 Metaspace       used 51802K, committed 52736K, reserved 1114112K
  class space    used 5586K, committed 5952K, reserved 1048576K
}
Event: 10.016 GC heap after
{Heap after GC invocations=21 (full 2):
 PSYoungGen      total 24064K, used 224K [0x00000000eab00000, 0x00000000ec480000, 0x0000000100000000)
  eden space 22016K, 0% used [0x00000000eab00000,0x00000000eab00000,0x00000000ec080000)
  from space 2048K, 10% used [0x00000000ec180000,0x00000000ec1b8000,0x00000000ec380000)
  to   space 1024K, 0% used [0x00000000ec380000,0x00000000ec380000,0x00000000ec480000)
 ParOldGen       total 68608K, used 21725K [0x00000000c0000000, 0x00000000c4300000, 0x00000000eab00000)
  object space 68608K, 31% used [0x00000000c0000000,0x00000000c15377b0,0x00000000c4300000)
 Metaspace       used 51802K, committed 52736K, reserved 1114112K
  class space    used 5586K, committed 5952K, reserved 1048576K
}
Event: 10.321 GC heap before
{Heap before GC invocations=22 (full 2):
 PSYoungGen      total 24064K, used 22240K [0x00000000eab00000, 0x00000000ec480000, 0x0000000100000000)
  eden space 22016K, 100% used [0x00000000eab00000,0x00000000ec080000,0x00000000ec080000)
  from space 2048K, 10% used [0x00000000ec180000,0x00000000ec1b8000,0x00000000ec380000)
  to   space 1024K, 0% used [0x00000000ec380000,0x00000000ec380000,0x00000000ec480000)
 ParOldGen       total 68608K, used 21725K [0x00000000c0000000, 0x00000000c4300000, 0x00000000eab00000)
  object space 68608K, 31% used [0x00000000c0000000,0x00000000c15377b0,0x00000000c4300000)
 Metaspace       used 53633K, committed 54592K, reserved 1114112K
  class space    used 5882K, committed 6272K, reserved 1048576K
}
Event: 10.322 GC heap after
{Heap after GC invocations=22 (full 2):
 PSYoungGen      total 23040K, used 576K [0x00000000eab00000, 0x00000000ec480000, 0x0000000100000000)
  eden space 22016K, 0% used [0x00000000eab00000,0x00000000eab00000,0x00000000ec080000)
  from space 1024K, 56% used [0x00000000ec380000,0x00000000ec410000,0x00000000ec480000)
  to   space 1024K, 0% used [0x00000000ec280000,0x00000000ec280000,0x00000000ec380000)
 ParOldGen       total 68608K, used 21781K [0x00000000c0000000, 0x00000000c4300000, 0x00000000eab00000)
  object space 68608K, 31% used [0x00000000c0000000,0x00000000c15457b0,0x00000000c4300000)
 Metaspace       used 53633K, committed 54592K, reserved 1114112K
  class space    used 5882K, committed 6272K, reserved 1048576K
}
Event: 10.517 GC heap before
{Heap before GC invocations=23 (full 2):
 PSYoungGen      total 23040K, used 22592K [0x00000000eab00000, 0x00000000ec480000, 0x0000000100000000)
  eden space 22016K, 100% used [0x00000000eab00000,0x00000000ec080000,0x00000000ec080000)
  from space 1024K, 56% used [0x00000000ec380000,0x00000000ec410000,0x00000000ec480000)
  to   space 1024K, 0% used [0x00000000ec280000,0x00000000ec280000,0x00000000ec380000)
 ParOldGen       total 68608K, used 21781K [0x00000000c0000000, 0x00000000c4300000, 0x00000000eab00000)
  object space 68608K, 31% used [0x00000000c0000000,0x00000000c15457b0,0x00000000c4300000)
 Metaspace       used 54881K, committed 55872K, reserved 1114112K
  class space    used 6102K, committed 6528K, reserved 1048576K
}
Event: 10.520 GC heap after
{Heap after GC invocations=23 (full 2):
 PSYoungGen      total 23040K, used 1002K [0x00000000eab00000, 0x00000000ed380000, 0x0000000100000000)
  eden space 22016K, 0% used [0x00000000eab00000,0x00000000eab00000,0x00000000ec080000)
  from space 1024K, 97% used [0x00000000ec280000,0x00000000ec37ab90,0x00000000ec380000)
  to   space 9728K, 0% used [0x00000000eca00000,0x00000000eca00000,0x00000000ed380000)
 ParOldGen       total 68608K, used 28926K [0x00000000c0000000, 0x00000000c4300000, 0x00000000eab00000)
  object space 68608K, 42% used [0x00000000c0000000,0x00000000c1c3f878,0x00000000c4300000)
 Metaspace       used 54881K, committed 55872K, reserved 1114112K
  class space    used 6102K, committed 6528K, reserved 1048576K
}
Event: 10.652 GC heap before
{Heap before GC invocations=24 (full 2):
 PSYoungGen      total 23040K, used 23018K [0x00000000eab00000, 0x00000000ed380000, 0x0000000100000000)
  eden space 22016K, 100% used [0x00000000eab00000,0x00000000ec080000,0x00000000ec080000)
  from space 1024K, 97% used [0x00000000ec280000,0x00000000ec37ab90,0x00000000ec380000)
  to   space 9728K, 0% used [0x00000000eca00000,0x00000000eca00000,0x00000000ed380000)
 ParOldGen       total 68608K, used 28926K [0x00000000c0000000, 0x00000000c4300000, 0x00000000eab00000)
  object space 68608K, 42% used [0x00000000c0000000,0x00000000c1c3f878,0x00000000c4300000)
 Metaspace       used 55707K, committed 56640K, reserved 1114112K
  class space    used 6229K, committed 6656K, reserved 1048576K
}
Event: 10.653 GC heap after
{Heap after GC invocations=24 (full 2):
 PSYoungGen      total 23040K, used 672K [0x00000000eab00000, 0x00000000ecb00000, 0x0000000100000000)
  eden space 22016K, 0% used [0x00000000eab00000,0x00000000eab00000,0x00000000ec080000)
  from space 1024K, 65% used [0x00000000eca00000,0x00000000ecaa8000,0x00000000ecb00000)
  to   space 3584K, 0% used [0x00000000ec400000,0x00000000ec400000,0x00000000ec780000)
 ParOldGen       total 68608K, used 29909K [0x00000000c0000000, 0x00000000c4300000, 0x00000000eab00000)
  object space 68608K, 43% used [0x00000000c0000000,0x00000000c1d35780,0x00000000c4300000)
 Metaspace       used 55707K, committed 56640K, reserved 1114112K
  class space    used 6229K, committed 6656K, reserved 1048576K
}
Event: 10.797 GC heap before
{Heap before GC invocations=25 (full 2):
 PSYoungGen      total 23040K, used 22688K [0x00000000eab00000, 0x00000000ecb00000, 0x0000000100000000)
  eden space 22016K, 100% used [0x00000000eab00000,0x00000000ec080000,0x00000000ec080000)
  from space 1024K, 65% used [0x00000000eca00000,0x00000000ecaa8000,0x00000000ecb00000)
  to   space 3584K, 0% used [0x00000000ec400000,0x00000000ec400000,0x00000000ec780000)
 ParOldGen       total 68608K, used 29909K [0x00000000c0000000, 0x00000000c4300000, 0x00000000eab00000)
  object space 68608K, 43% used [0x00000000c0000000,0x00000000c1d35780,0x00000000c4300000)
 Metaspace       used 55832K, committed 56832K, reserved 1114112K
  class space    used 6258K, committed 6720K, reserved 1048576K
}
Event: 10.799 GC heap after
{Heap after GC invocations=25 (full 2):
 PSYoungGen      total 25600K, used 3579K [0x00000000eab00000, 0x00000000ecb80000, 0x0000000100000000)
  eden space 22016K, 0% used [0x00000000eab00000,0x00000000eab00000,0x00000000ec080000)
  from space 3584K, 99% used [0x00000000ec400000,0x00000000ec77eec0,0x00000000ec780000)
  to   space 4096K, 0% used [0x00000000ec780000,0x00000000ec780000,0x00000000ecb80000)
 ParOldGen       total 68608K, used 30978K [0x00000000c0000000, 0x00000000c4300000, 0x00000000eab00000)
  object space 68608K, 45% used [0x00000000c0000000,0x00000000c1e40828,0x00000000c4300000)
 Metaspace       used 55832K, committed 56832K, reserved 1114112K
  class space    used 6258K, committed 6720K, reserved 1048576K
}
Event: 11.008 GC heap before
{Heap before GC invocations=26 (full 2):
 PSYoungGen      total 25600K, used 25595K [0x00000000eab00000, 0x00000000ecb80000, 0x0000000100000000)
  eden space 22016K, 100% used [0x00000000eab00000,0x00000000ec080000,0x00000000ec080000)
  from space 3584K, 99% used [0x00000000ec400000,0x00000000ec77eec0,0x00000000ec780000)
  to   space 4096K, 0% used [0x00000000ec780000,0x00000000ec780000,0x00000000ecb80000)
 ParOldGen       total 68608K, used 30978K [0x00000000c0000000, 0x00000000c4300000, 0x00000000eab00000)
  object space 68608K, 45% used [0x00000000c0000000,0x00000000c1e40828,0x00000000c4300000)
 Metaspace       used 57962K, committed 58880K, reserved 1114112K
  class space    used 6637K, committed 7040K, reserved 1048576K
}
Event: 11.010 GC heap after
{Heap after GC invocations=26 (full 2):
 PSYoungGen      total 23040K, used 816K [0x00000000eab00000, 0x00000000ec880000, 0x0000000100000000)
  eden space 22016K, 0% used [0x00000000eab00000,0x00000000eab00000,0x00000000ec080000)
  from space 1024K, 79% used [0x00000000ec780000,0x00000000ec84c010,0x00000000ec880000)
  to   space 2560K, 0% used [0x00000000ec380000,0x00000000ec380000,0x00000000ec600000)
 ParOldGen       total 68608K, used 34481K [0x00000000c0000000, 0x00000000c4300000, 0x00000000eab00000)
  object space 68608K, 50% used [0x00000000c0000000,0x00000000c21ac5e8,0x00000000c4300000)
 Metaspace       used 57962K, committed 58880K, reserved 1114112K
  class space    used 6637K, committed 7040K, reserved 1048576K
}
Event: 11.107 GC heap before
{Heap before GC invocations=27 (full 2):
 PSYoungGen      total 23040K, used 10252K [0x00000000eab00000, 0x00000000ec880000, 0x0000000100000000)
  eden space 22016K, 42% used [0x00000000eab00000,0x00000000eb4372c0,0x00000000ec080000)
  from space 1024K, 79% used [0x00000000ec780000,0x00000000ec84c010,0x00000000ec880000)
  to   space 2560K, 0% used [0x00000000ec380000,0x00000000ec380000,0x00000000ec600000)
 ParOldGen       total 68608K, used 34481K [0x00000000c0000000, 0x00000000c4300000, 0x00000000eab00000)
  object space 68608K, 50% used [0x00000000c0000000,0x00000000c21ac5e8,0x00000000c4300000)
 Metaspace       used 58848K, committed 59776K, reserved 1114112K
  class space    used 6799K, committed 7232K, reserved 1048576K
}
Event: 11.108 GC heap after
{Heap after GC invocations=27 (full 2):
 PSYoungGen      total 24576K, used 352K [0x00000000eab00000, 0x00000000ec800000, 0x0000000100000000)
  eden space 22016K, 0% used [0x00000000eab00000,0x00000000eab00000,0x00000000ec080000)
  from space 2560K, 13% used [0x00000000ec380000,0x00000000ec3d8000,0x00000000ec600000)
  to   space 1024K, 0% used [0x00000000ec700000,0x00000000ec700000,0x00000000ec800000)
 ParOldGen       total 68608K, used 35177K [0x00000000c0000000, 0x00000000c4300000, 0x00000000eab00000)
  object space 68608K, 51% used [0x00000000c0000000,0x00000000c225a648,0x00000000c4300000)
 Metaspace       used 58848K, committed 59776K, reserved 1114112K
  class space    used 6799K, committed 7232K, reserved 1048576K
}
Event: 11.108 GC heap before
{Heap before GC invocations=28 (full 3):
 PSYoungGen      total 24576K, used 352K [0x00000000eab00000, 0x00000000ec800000, 0x0000000100000000)
  eden space 22016K, 0% used [0x00000000eab00000,0x00000000eab00000,0x00000000ec080000)
  from space 2560K, 13% used [0x00000000ec380000,0x00000000ec3d8000,0x00000000ec600000)
  to   space 1024K, 0% used [0x00000000ec700000,0x00000000ec700000,0x00000000ec800000)
 ParOldGen       total 68608K, used 35177K [0x00000000c0000000, 0x00000000c4300000, 0x00000000eab00000)
  object space 68608K, 51% used [0x00000000c0000000,0x00000000c225a648,0x00000000c4300000)
 Metaspace       used 58848K, committed 59776K, reserved 1114112K
  class space    used 6799K, committed 7232K, reserved 1048576K
}
Event: 11.151 GC heap after
{Heap after GC invocations=28 (full 3):
 PSYoungGen      total 24576K, used 0K [0x00000000eab00000, 0x00000000ec800000, 0x0000000100000000)
  eden space 22016K, 0% used [0x00000000eab00000,0x00000000eab00000,0x00000000ec080000)
  from space 2560K, 0% used [0x00000000ec380000,0x00000000ec380000,0x00000000ec600000)
  to   space 1024K, 0% used [0x00000000ec700000,0x00000000ec700000,0x00000000ec800000)
 ParOldGen       total 68608K, used 33831K [0x00000000c0000000, 0x00000000c4300000, 0x00000000eab00000)
  object space 68608K, 49% used [0x00000000c0000000,0x00000000c2109c90,0x00000000c4300000)
 Metaspace       used 58848K, committed 59776K, reserved 1114112K
  class space    used 6799K, committed 7232K, reserved 1048576K
}
Event: 11.508 GC heap before
{Heap before GC invocations=29 (full 3):
 PSYoungGen      total 24576K, used 22016K [0x00000000eab00000, 0x00000000ec800000, 0x0000000100000000)
  eden space 22016K, 100% used [0x00000000eab00000,0x00000000ec080000,0x00000000ec080000)
  from space 2560K, 0% used [0x00000000ec380000,0x00000000ec380000,0x00000000ec600000)
  to   space 1024K, 0% used [0x00000000ec700000,0x00000000ec700000,0x00000000ec800000)
 ParOldGen       total 68608K, used 33831K [0x00000000c0000000, 0x00000000c4300000, 0x00000000eab00000)
  object space 68608K, 49% used [0x00000000c0000000,0x00000000c2109c90,0x00000000c4300000)
 Metaspace       used 59824K, committed 60736K, reserved 1114112K
  class space    used 6919K, committed 7296K, reserved 1048576K
}
Event: 11.509 GC heap after
{Heap after GC invocations=29 (full 3):
 PSYoungGen      total 22528K, used 352K [0x00000000eab00000, 0x00000000ec780000, 0x0000000100000000)
  eden space 22016K, 0% used [0x00000000eab00000,0x00000000eab00000,0x00000000ec080000)
  from space 512K, 68% used [0x00000000ec700000,0x00000000ec758000,0x00000000ec780000)
  to   space 512K, 0% used [0x00000000ec680000,0x00000000ec680000,0x00000000ec700000)
 ParOldGen       total 68608K, used 33839K [0x00000000c0000000, 0x00000000c4300000, 0x00000000eab00000)
  object space 68608K, 49% used [0x00000000c0000000,0x00000000c210bc90,0x00000000c4300000)
 Metaspace       used 59824K, committed 60736K, reserved 1114112K
  class space    used 6919K, committed 7296K, reserved 1048576K
}
Event: 11.864 GC heap before
{Heap before GC invocations=30 (full 3):
 PSYoungGen      total 22528K, used 22368K [0x00000000eab00000, 0x00000000ec780000, 0x0000000100000000)
  eden space 22016K, 100% used [0x00000000eab00000,0x00000000ec080000,0x00000000ec080000)
  from space 512K, 68% used [0x00000000ec700000,0x00000000ec758000,0x00000000ec780000)
  to   space 512K, 0% used [0x00000000ec680000,0x00000000ec680000,0x00000000ec700000)
 ParOldGen       total 68608K, used 33839K [0x00000000c0000000, 0x00000000c4300000, 0x00000000eab00000)
  object space 68608K, 49% used [0x00000000c0000000,0x00000000c210bc90,0x00000000c4300000)
 Metaspace       used 61929K, committed 62976K, reserved 1114112K
  class space    used 7130K, committed 7552K, reserved 1048576K
}
Event: 11.866 GC heap after
{Heap after GC invocations=30 (full 3):
 PSYoungGen      total 22528K, used 487K [0x00000000eab00000, 0x00000000ec780000, 0x0000000100000000)
  eden space 22016K, 0% used [0x00000000eab00000,0x00000000eab00000,0x00000000ec080000)
  from space 512K, 95% used [0x00000000ec680000,0x00000000ec6f9ff8,0x00000000ec700000)
  to   space 512K, 0% used [0x00000000ec700000,0x00000000ec700000,0x00000000ec780000)
 ParOldGen       total 68608K, used 34847K [0x00000000c0000000, 0x00000000c4300000, 0x00000000eab00000)
  object space 68608K, 50% used [0x00000000c0000000,0x00000000c2207cb0,0x00000000c4300000)
 Metaspace       used 61929K, committed 62976K, reserved 1114112K
  class space    used 7130K, committed 7552K, reserved 1048576K
}

Dll operation events (13 events):
Event: 0.009 Loaded shared library c:\Users\Admin\.vscode\extensions\redhat.java-1.35.1-win32-x64\jre\17.0.12-win32-x86_64\bin\java.dll
Event: 0.248 Loaded shared library c:\Users\Admin\.vscode\extensions\redhat.java-1.35.1-win32-x64\jre\17.0.12-win32-x86_64\bin\zip.dll
Event: 0.250 Loaded shared library C:\Users\Admin\.vscode\extensions\redhat.java-1.35.1-win32-x64\jre\17.0.12-win32-x86_64\bin\instrument.dll
Event: 0.273 Loaded shared library C:\Users\Admin\.vscode\extensions\redhat.java-1.35.1-win32-x64\jre\17.0.12-win32-x86_64\bin\net.dll
Event: 0.275 Loaded shared library C:\Users\Admin\.vscode\extensions\redhat.java-1.35.1-win32-x64\jre\17.0.12-win32-x86_64\bin\nio.dll
Event: 0.283 Loaded shared library C:\Users\Admin\.vscode\extensions\redhat.java-1.35.1-win32-x64\jre\17.0.12-win32-x86_64\bin\zip.dll
Event: 0.309 Loaded shared library C:\Users\Admin\.vscode\extensions\redhat.java-1.35.1-win32-x64\jre\17.0.12-win32-x86_64\bin\jimage.dll
Event: 0.387 Loaded shared library c:\Users\Admin\.vscode\extensions\redhat.java-1.35.1-win32-x64\jre\17.0.12-win32-x86_64\bin\verify.dll
Event: 1.773 Loaded shared library C:\Users\Admin\AppData\Roaming\Code\User\globalStorage\redhat.java\1.35.1\config_win\org.eclipse.equinox.launcher\org.eclipse.equinox.launcher.win32.win32.x86_64_1.2.1100.v20240722-2106\eclipse_11904.dll
Event: 4.267 Loaded shared library C:\Users\Admin\AppData\Local\Temp\jna-63116079\jna10316654337738001429.dll
Event: 10.503 Loaded shared library C:\Users\Admin\.gradle\native\68d5fa5c4cc2d200863cafc0d521ce42e7d3e7ee720ec0a83991735586a16f82\windows-amd64\native-platform.dll
Event: 10.960 Loaded shared library C:\Users\Admin\.vscode\extensions\redhat.java-1.35.1-win32-x64\jre\17.0.12-win32-x86_64\bin\management.dll
Event: 10.962 Loaded shared library C:\Users\Admin\.vscode\extensions\redhat.java-1.35.1-win32-x64\jre\17.0.12-win32-x86_64\bin\management_ext.dll

Deoptimization events (20 events):
Event: 11.853 Thread 0x00000164303d49f0 Uncommon trap: trap_request=0xffffff45 fr.pc=0x000001641fdee2d8 relative=0x00000000000014f8
Event: 11.853 Thread 0x00000164303d49f0 Uncommon trap: reason=unstable_if action=reinterpret pc=0x000001641fdee2d8 method=java.util.regex.Pattern.compile()V @ 406 c2
Event: 11.853 Thread 0x00000164303d49f0 DEOPT PACKING pc=0x000001641fdee2d8 sp=0x00000033c8bfc9b0
Event: 11.853 Thread 0x00000164303d49f0 DEOPT UNPACKING pc=0x000001641f519ea3 sp=0x00000033c8bfc978 mode 2
Event: 11.891 Thread 0x00000164303d49f0 Uncommon trap: trap_request=0xffffffde fr.pc=0x000001641fb4bb00 relative=0x0000000000000540
Event: 11.891 Thread 0x00000164303d49f0 Uncommon trap: reason=class_check action=maybe_recompile pc=0x000001641fb4bb00 method=java.util.ImmutableCollections$MapN.probe(Ljava/lang/Object;)I @ 1 c2
Event: 11.891 Thread 0x00000164303d49f0 DEOPT PACKING pc=0x000001641fb4bb00 sp=0x00000033c8bfdc10
Event: 11.891 Thread 0x00000164303d49f0 DEOPT UNPACKING pc=0x000001641f519ea3 sp=0x00000033c8bfdb50 mode 2
Event: 11.907 Thread 0x00000164303d49f0 Uncommon trap: trap_request=0xffffffde fr.pc=0x000001641fb4bb00 relative=0x0000000000000540
Event: 11.907 Thread 0x00000164303d49f0 Uncommon trap: reason=class_check action=maybe_recompile pc=0x000001641fb4bb00 method=java.util.ImmutableCollections$MapN.probe(Ljava/lang/Object;)I @ 1 c2
Event: 11.907 Thread 0x00000164303d49f0 DEOPT PACKING pc=0x000001641fb4bb00 sp=0x00000033c8bfdc10
Event: 11.907 Thread 0x00000164303d49f0 DEOPT UNPACKING pc=0x000001641f519ea3 sp=0x00000033c8bfdb50 mode 2
Event: 11.954 Thread 0x00000164303d49f0 Uncommon trap: trap_request=0xffffffde fr.pc=0x000001641fb4bb00 relative=0x0000000000000540
Event: 11.954 Thread 0x00000164303d49f0 Uncommon trap: reason=class_check action=maybe_recompile pc=0x000001641fb4bb00 method=java.util.ImmutableCollections$MapN.probe(Ljava/lang/Object;)I @ 1 c2
Event: 11.954 Thread 0x00000164303d49f0 DEOPT PACKING pc=0x000001641fb4bb00 sp=0x00000033c8bfdc10
Event: 11.954 Thread 0x00000164303d49f0 DEOPT UNPACKING pc=0x000001641f519ea3 sp=0x00000033c8bfdb50 mode 2
Event: 11.991 Thread 0x00000164303d49f0 Uncommon trap: trap_request=0xffffffde fr.pc=0x000001641fb4bb00 relative=0x0000000000000540
Event: 11.991 Thread 0x00000164303d49f0 Uncommon trap: reason=class_check action=maybe_recompile pc=0x000001641fb4bb00 method=java.util.ImmutableCollections$MapN.probe(Ljava/lang/Object;)I @ 1 c2
Event: 11.991 Thread 0x00000164303d49f0 DEOPT PACKING pc=0x000001641fb4bb00 sp=0x00000033c8bfdc10
Event: 11.991 Thread 0x00000164303d49f0 DEOPT UNPACKING pc=0x000001641f519ea3 sp=0x00000033c8bfdb50 mode 2

Classes loaded (20 events):
Event: 11.746 Loading class java/io/UTFDataFormatException
Event: 11.746 Loading class java/io/UTFDataFormatException done
Event: 11.752 Loading class java/nio/file/ClosedDirectoryStreamException
Event: 11.752 Loading class java/nio/file/ClosedDirectoryStreamException done
Event: 11.752 Loading class jdk/internal/jrtfs/JrtFileSystem
Event: 11.753 Loading class jdk/internal/jrtfs/JrtFileSystem done
Event: 11.753 Loading class jdk/internal/jrtfs/JrtPath
Event: 11.753 Loading class jdk/internal/jrtfs/JrtPath done
Event: 11.753 Loading class jdk/internal/jimage/ImageReader$Node
Event: 11.753 Loading class jdk/internal/jimage/ImageReader$Node done
Event: 11.758 Loading class java/nio/ByteBufferAsIntBufferL
Event: 11.758 Loading class java/nio/ByteBufferAsIntBufferL done
Event: 11.761 Loading class jdk/internal/jimage/ImageReader$Directory
Event: 11.762 Loading class jdk/internal/jimage/ImageReader$Directory done
Event: 11.853 Loading class java/util/regex/Pattern$BackRef
Event: 11.853 Loading class java/util/regex/Pattern$BackRef done
Event: 11.896 Loading class java/nio/channels/Channels$ReadableByteChannelImpl
Event: 11.896 Loading class java/nio/channels/Channels$ReadableByteChannelImpl done
Event: 11.896 Loading class java/nio/channels/NonWritableChannelException
Event: 11.896 Loading class java/nio/channels/NonWritableChannelException done

Classes unloaded (18 events):
Event: 6.401 Thread 0x000001642ebe0c20 Unloading class 0x0000000100397400 'java/lang/invoke/LambdaForm$MH+0x0000000100397400'
Event: 6.401 Thread 0x000001642ebe0c20 Unloading class 0x0000000100393400 'java/lang/invoke/LambdaForm$MH+0x0000000100393400'
Event: 6.401 Thread 0x000001642ebe0c20 Unloading class 0x0000000100392800 'java/lang/invoke/LambdaForm$MH+0x0000000100392800'
Event: 6.401 Thread 0x000001642ebe0c20 Unloading class 0x0000000100392000 'java/lang/invoke/LambdaForm$MH+0x0000000100392000'
Event: 6.401 Thread 0x000001642ebe0c20 Unloading class 0x0000000100391800 'java/lang/invoke/LambdaForm$MH+0x0000000100391800'
Event: 6.401 Thread 0x000001642ebe0c20 Unloading class 0x0000000100391000 'java/lang/invoke/LambdaForm$MH+0x0000000100391000'
Event: 6.401 Thread 0x000001642ebe0c20 Unloading class 0x0000000100390c00 'java/lang/invoke/LambdaForm$MH+0x0000000100390c00'
Event: 6.401 Thread 0x000001642ebe0c20 Unloading class 0x0000000100390400 'java/lang/invoke/LambdaForm$MH+0x0000000100390400'
Event: 6.401 Thread 0x000001642ebe0c20 Unloading class 0x0000000100390000 'java/lang/invoke/LambdaForm$DMH+0x0000000100390000'
Event: 6.401 Thread 0x000001642ebe0c20 Unloading class 0x000000010038b000 'java/lang/invoke/LambdaForm$MH+0x000000010038b000'
Event: 6.401 Thread 0x000001642ebe0c20 Unloading class 0x000000010038ac00 'java/lang/invoke/LambdaForm$DMH+0x000000010038ac00'
Event: 6.401 Thread 0x000001642ebe0c20 Unloading class 0x0000000100250400 'java/lang/invoke/LambdaForm$MH+0x0000000100250400'
Event: 6.401 Thread 0x000001642ebe0c20 Unloading class 0x0000000100250000 'java/lang/invoke/LambdaForm$MH+0x0000000100250000'
Event: 6.401 Thread 0x000001642ebe0c20 Unloading class 0x000000010024fc00 'java/lang/invoke/LambdaForm$MH+0x000000010024fc00'
Event: 6.401 Thread 0x000001642ebe0c20 Unloading class 0x000000010024f800 'java/lang/invoke/LambdaForm$MH+0x000000010024f800'
Event: 6.401 Thread 0x000001642ebe0c20 Unloading class 0x000000010024f400 'java/lang/invoke/LambdaForm$BMH+0x000000010024f400'
Event: 6.401 Thread 0x000001642ebe0c20 Unloading class 0x000000010024f000 'java/lang/invoke/LambdaForm$DMH+0x000000010024f000'
Event: 6.401 Thread 0x000001642ebe0c20 Unloading class 0x000000010024c400 'java/lang/invoke/LambdaForm$DMH+0x000000010024c400'

Classes redefined (0 events):
No events

Internal exceptions (20 events):
Event: 11.661 Thread 0x00000164303d49f0 Exception <a 'sun/nio/fs/WindowsException'{0x00000000eb387418}> (0x00000000eb387418) 
thrown [s\src\hotspot\share\prims\jni.cpp, line 516]
Event: 11.661 Thread 0x00000164303d49f0 Exception <a 'sun/nio/fs/WindowsException'{0x00000000eb387af8}> (0x00000000eb387af8) 
thrown [s\src\hotspot\share\prims\jni.cpp, line 516]
Event: 11.662 Thread 0x00000164303d49f0 Exception <a 'sun/nio/fs/WindowsException'{0x00000000eb3887d8}> (0x00000000eb3887d8) 
thrown [s\src\hotspot\share\prims\jni.cpp, line 516]
Event: 11.662 Thread 0x00000164303d49f0 Exception <a 'sun/nio/fs/WindowsException'{0x00000000eb388eb8}> (0x00000000eb388eb8) 
thrown [s\src\hotspot\share\prims\jni.cpp, line 516]
Event: 11.668 Thread 0x00000164303d49f0 Exception <a 'sun/nio/fs/WindowsException'{0x00000000eb3e0520}> (0x00000000eb3e0520) 
thrown [s\src\hotspot\share\prims\jni.cpp, line 516]
Event: 11.669 Thread 0x00000164303d49f0 Exception <a 'sun/nio/fs/WindowsException'{0x00000000eb3e0ea8}> (0x00000000eb3e0ea8) 
thrown [s\src\hotspot\share\prims\jni.cpp, line 516]
Event: 11.671 Thread 0x00000164303d49f0 Exception <a 'sun/nio/fs/WindowsException'{0x00000000eb421d78}> (0x00000000eb421d78) 
thrown [s\src\hotspot\share\prims\jni.cpp, line 516]
Event: 11.671 Thread 0x00000164303d49f0 Exception <a 'sun/nio/fs/WindowsException'{0x00000000eb422700}> (0x00000000eb422700) 
thrown [s\src\hotspot\share\prims\jni.cpp, line 516]
Event: 11.676 Thread 0x00000164303d49f0 Exception <a 'sun/nio/fs/WindowsException'{0x00000000eb4c8a58}> (0x00000000eb4c8a58) 
thrown [s\src\hotspot\share\prims\jni.cpp, line 516]
Event: 11.676 Thread 0x00000164303d49f0 Exception <a 'sun/nio/fs/WindowsException'{0x00000000eb4dbbf8}> (0x00000000eb4dbbf8) 
thrown [s\src\hotspot\share\prims\jni.cpp, line 516]
Event: 11.678 Thread 0x00000164303d49f0 Exception <a 'sun/nio/fs/WindowsException'{0x00000000eb4e66e8}> (0x00000000eb4e66e8) 
thrown [s\src\hotspot\share\prims\jni.cpp, line 516]
Event: 11.678 Thread 0x00000164303d49f0 Exception <a 'sun/nio/fs/WindowsException'{0x00000000eb4e7070}> (0x00000000eb4e7070) 
thrown [s\src\hotspot\share\prims\jni.cpp, line 516]
Event: 11.700 Thread 0x00000164303d44e0 Exception <a 'java/lang/NoSuchMethodError'{0x00000000eb7287f0}: 'java.lang.Object java.lang.invoke.DirectMethodHandle$Holder.invokeStaticInit(java.lang.Object, java.lang.Object, java.lang.Object)'> (0x00000000eb7287f0) 
thrown [s\src\hotspot\share\interpreter\linkResolver.cpp, line 759]
Event: 11.702 Thread 0x00000164303d44e0 Exception <a 'java/lang/NoSuchMethodError'{0x00000000eb7603e0}: 'java.lang.Object java.lang.invoke.DirectMethodHandle$Holder.invokeInterface(java.lang.Object, java.lang.Object, java.lang.Object)'> (0x00000000eb7603e0) 
thrown [s\src\hotspot\share\interpreter\linkResolver.cpp, line 759]
Event: 11.702 Thread 0x00000164303d5920 Exception <a 'java/lang/NoSuchMethodError'{0x00000000eb74b1b8}: 'java.lang.Object java.lang.invoke.DirectMethodHandle$Holder.invokeInterface(java.lang.Object, java.lang.Object, java.lang.Object)'> (0x00000000eb74b1b8) 
thrown [s\src\hotspot\share\interpreter\linkResolver.cpp, line 759]
Event: 11.727 Thread 0x00000164303d44e0 Exception <a 'java/io/FileNotFoundException'{0x00000000eb8ad1c0}> (0x00000000eb8ad1c0) 
thrown [s\src\hotspot\share\prims\jni.cpp, line 516]
Event: 11.728 Thread 0x00000164303d44e0 Exception <a 'java/io/FileNotFoundException'{0x00000000eb8ae6d0}> (0x00000000eb8ae6d0) 
thrown [s\src\hotspot\share\prims\jni.cpp, line 516]
Event: 11.744 Thread 0x00000164303d49f0 Exception <a 'java/lang/NoSuchMethodError'{0x00000000eb9cdb20}: 'java.lang.Object java.lang.invoke.Invokers$Holder.invoke_MT(java.lang.Object, java.lang.Object, java.lang.Object)'> (0x00000000eb9cdb20) 
thrown [s\src\hotspot\share\interpreter\linkResolver.cpp, line 759]
Event: 11.848 Thread 0x00000164303d49f0 Exception <a 'java/lang/NoSuchMethodError'{0x00000000ebf6f168}: 'java.lang.Object java.lang.invoke.DirectMethodHandle$Holder.invokeSpecial(java.lang.Object, java.lang.Object, java.lang.Object, java.lang.Object, java.lang.Object, java.lang.Object, java.lang.Object, java.lang.Object, java.lang.Object, java.lang.Object)'> (0x00000000ebf6f168) 
thrown [s\src\hotspot\share\interpreter\linkResolver.cpp, line 759]
Event: 11.848 Thread 0x00000164303d49f0 Exception <a 'java/lang/NoSuchMethodError'{0x00000000ebf73c40}: 'java.lang.Object java.lang.invoke.Invokers$Holder.invoke_MT(java.lang.Object, java.lang.Object, java.lang.Object, java.lang.Object, java.lang.Object, java.lang.Object, java.lang.Object, java.lang.Object, java.lang.Object, java.lang.Object)'> (0x00000000ebf73c40) 
thrown [s\src\hotspot\share\interpreter\linkResolver.cpp, line 759]

VM Operations (20 events):
Event: 11.597 Executing VM operation: HandshakeAllThreads
Event: 11.597 Executing VM operation: HandshakeAllThreads done
Event: 11.691 Executing VM operation: HandshakeAllThreads
Event: 11.696 Executing VM operation: HandshakeAllThreads done
Event: 11.720 Executing VM operation: HandshakeAllThreads
Event: 11.720 Executing VM operation: HandshakeAllThreads done
Event: 11.729 Executing VM operation: HandshakeAllThreads
Event: 11.729 Executing VM operation: HandshakeAllThreads done
Event: 11.731 Executing VM operation: HandshakeAllThreads
Event: 11.731 Executing VM operation: HandshakeAllThreads done
Event: 11.748 Executing VM operation: HandshakeAllThreads
Event: 11.748 Executing VM operation: HandshakeAllThreads done
Event: 11.759 Executing VM operation: HandshakeAllThreads
Event: 11.759 Executing VM operation: HandshakeAllThreads done
Event: 11.761 Executing VM operation: HandshakeAllThreads
Event: 11.761 Executing VM operation: HandshakeAllThreads done
Event: 11.793 Executing VM operation: HandshakeAllThreads
Event: 11.793 Executing VM operation: HandshakeAllThreads done
Event: 11.864 Executing VM operation: ParallelGCFailedAllocation
Event: 11.866 Executing VM operation: ParallelGCFailedAllocation done

Events (20 events):
Event: 10.211 Thread 0x000001642ffe4fa0 Thread added: 0x000001642ffe4fa0
Event: 10.277 Thread 0x000001642ffe12e0 Thread added: 0x000001642ffe12e0
Event: 10.343 Thread 0x00000164303d5920 Thread exited: 0x00000164303d5920
Event: 10.853 Thread 0x000001642ec8bf10 flushing nmethod 0x000001641819ed10
Event: 10.857 Thread 0x000001642ec8bf10 flushing nmethod 0x0000016418767310
Event: 11.048 Thread 0x0000016430e39600 Thread exited: 0x0000016430e39600
Event: 11.213 Thread 0x000001642ffe54b0 Thread added: 0x000001642ffe54b0
Event: 11.224 Thread 0x000001642ffe2210 Thread added: 0x000001642ffe2210
Event: 11.224 Thread 0x000001642ffe2720 Thread added: 0x000001642ffe2720
Event: 11.313 Thread 0x00000164306fb880 Thread exited: 0x00000164306fb880
Event: 11.316 Thread 0x000001642ffe12e0 Thread exited: 0x000001642ffe12e0
Event: 11.323 Thread 0x00000164306fb880 Thread added: 0x00000164306fb880
Event: 11.326 Thread 0x000001642ffe5ed0 Thread added: 0x000001642ffe5ed0
Event: 11.327 Thread 0x000001642ffe12e0 Thread added: 0x000001642ffe12e0
Event: 11.329 Thread 0x00000164323af4d0 Thread added: 0x00000164323af4d0
Event: 11.337 Thread 0x000001642ffe12e0 Thread exited: 0x000001642ffe12e0
Event: 11.671 Thread 0x000001642ffe12e0 Thread added: 0x000001642ffe12e0
Event: 11.673 Thread 0x00000164303d44e0 Thread added: 0x00000164303d44e0
Event: 11.685 Thread 0x00000164303d5920 Thread added: 0x00000164303d5920
Event: 11.691 Thread 0x00000164330c3850 Thread added: 0x00000164330c3850


Dynamic libraries:
0x00007ff7a7ab0000 - 0x00007ff7a7abe000 	c:\Users\Admin\.vscode\extensions\redhat.java-1.35.1-win32-x64\jre\17.0.12-win32-x86_64\bin\java.exe
0x00007ffe21370000 - 0x00007ffe21568000 	C:\Windows\SYSTEM32\ntdll.dll
0x00007ffe20380000 - 0x00007ffe20441000 	C:\Windows\System32\KERNEL32.DLL
0x00007ffe1ea20000 - 0x00007ffe1ed1d000 	C:\Windows\System32\KERNELBASE.dll
0x00007ffe1ee40000 - 0x00007ffe1ef40000 	C:\Windows\System32\ucrtbase.dll
0x00007ffe0cdc0000 - 0x00007ffe0cdd7000 	c:\Users\Admin\.vscode\extensions\redhat.java-1.35.1-win32-x64\jre\17.0.12-win32-x86_64\bin\jli.dll
0x00007ffe1f580000 - 0x00007ffe1f71d000 	C:\Windows\System32\USER32.dll
0x00007ffe1f340000 - 0x00007ffe1f362000 	C:\Windows\System32\win32u.dll
0x00007ffe1f720000 - 0x00007ffe1f74b000 	C:\Windows\System32\GDI32.dll
0x00007ffe1ef40000 - 0x00007ffe1f057000 	C:\Windows\System32\gdi32full.dll
0x00007ffe1f1c0000 - 0x00007ffe1f25d000 	C:\Windows\System32\msvcp_win.dll
0x00007ffe0c9b0000 - 0x00007ffe0c9cb000 	c:\Users\Admin\.vscode\extensions\redhat.java-1.35.1-win32-x64\jre\17.0.12-win32-x86_64\bin\VCRUNTIME140.dll
0x00007ffe06250000 - 0x00007ffe064ea000 	C:\Windows\WinSxS\amd64_microsoft.windows.common-controls_6595b64144ccf1df_6.0.19041.4355_none_60b8b9eb71f62e16\COMCTL32.dll
0x00007ffe1fab0000 - 0x00007ffe1fb4e000 	C:\Windows\System32\msvcrt.dll
0x00007ffe1f550000 - 0x00007ffe1f57f000 	C:\Windows\System32\IMM32.DLL
0x00007ffe130c0000 - 0x00007ffe130cc000 	c:\Users\Admin\.vscode\extensions\redhat.java-1.35.1-win32-x64\jre\17.0.12-win32-x86_64\bin\vcruntime140_1.dll
0x00007ffdf5db0000 - 0x00007ffdf5e3d000 	c:\Users\Admin\.vscode\extensions\redhat.java-1.35.1-win32-x64\jre\17.0.12-win32-x86_64\bin\msvcp140.dll
0x00007ffdf5140000 - 0x00007ffdf5daa000 	c:\Users\Admin\.vscode\extensions\redhat.java-1.35.1-win32-x64\jre\17.0.12-win32-x86_64\bin\server\jvm.dll
0x00007ffe21220000 - 0x00007ffe212d0000 	C:\Windows\System32\ADVAPI32.dll
0x00007ffe205f0000 - 0x00007ffe20690000 	C:\Windows\System32\sechost.dll
0x00007ffe20910000 - 0x00007ffe20a33000 	C:\Windows\System32\RPCRT4.dll
0x00007ffe1f370000 - 0x00007ffe1f397000 	C:\Windows\System32\bcrypt.dll
0x00007ffe20580000 - 0x00007ffe205eb000 	C:\Windows\System32\WS2_32.dll
0x00007ffe1df20000 - 0x00007ffe1df6b000 	C:\Windows\SYSTEM32\POWRPROF.dll
0x00007ffe10230000 - 0x00007ffe10257000 	C:\Windows\SYSTEM32\WINMM.dll
0x00007ffe14f90000 - 0x00007ffe14f9a000 	C:\Windows\SYSTEM32\VERSION.dll
0x00007ffe1dde0000 - 0x00007ffe1ddf2000 	C:\Windows\SYSTEM32\UMPDC.dll
0x00007ffe1d250000 - 0x00007ffe1d262000 	C:\Windows\SYSTEM32\kernel.appcore.dll
0x00007ffe101f0000 - 0x00007ffe101fa000 	c:\Users\Admin\.vscode\extensions\redhat.java-1.35.1-win32-x64\jre\17.0.12-win32-x86_64\bin\jimage.dll
0x00007ffe1c750000 - 0x00007ffe1c934000 	C:\Windows\SYSTEM32\DBGHELP.DLL
0x00007ffe0d320000 - 0x00007ffe0d354000 	C:\Windows\SYSTEM32\dbgcore.DLL
0x00007ffe1f260000 - 0x00007ffe1f2e2000 	C:\Windows\System32\bcryptPrimitives.dll
0x00007ffe0e390000 - 0x00007ffe0e39e000 	c:\Users\Admin\.vscode\extensions\redhat.java-1.35.1-win32-x64\jre\17.0.12-win32-x86_64\bin\instrument.dll
0x00007ffe0c530000 - 0x00007ffe0c555000 	c:\Users\Admin\.vscode\extensions\redhat.java-1.35.1-win32-x64\jre\17.0.12-win32-x86_64\bin\java.dll
0x00007ffe0c990000 - 0x00007ffe0c9a8000 	c:\Users\Admin\.vscode\extensions\redhat.java-1.35.1-win32-x64\jre\17.0.12-win32-x86_64\bin\zip.dll
0x00007ffe1fb50000 - 0x00007ffe202bf000 	C:\Windows\System32\SHELL32.dll
0x00007ffe1ca40000 - 0x00007ffe1d1e3000 	C:\Windows\SYSTEM32\windows.storage.dll
0x00007ffe1f750000 - 0x00007ffe1faa3000 	C:\Windows\System32\combase.dll
0x00007ffe1e370000 - 0x00007ffe1e39e000 	C:\Windows\SYSTEM32\Wldp.dll
0x00007ffe20840000 - 0x00007ffe2090d000 	C:\Windows\System32\OLEAUT32.dll
0x00007ffe202c0000 - 0x00007ffe2036d000 	C:\Windows\System32\SHCORE.dll
0x00007ffe212d0000 - 0x00007ffe21325000 	C:\Windows\System32\shlwapi.dll
0x00007ffe1e950000 - 0x00007ffe1e974000 	C:\Windows\SYSTEM32\profapi.dll
0x00007ffe0c940000 - 0x00007ffe0c959000 	C:\Users\Admin\.vscode\extensions\redhat.java-1.35.1-win32-x64\jre\17.0.12-win32-x86_64\bin\net.dll
0x00007ffe183f0000 - 0x00007ffe184fd000 	C:\Windows\SYSTEM32\WINHTTP.dll
0x00007ffe1e150000 - 0x00007ffe1e1ba000 	C:\Windows\system32\mswsock.dll
0x00007ffe0c8b0000 - 0x00007ffe0c8c6000 	C:\Users\Admin\.vscode\extensions\redhat.java-1.35.1-win32-x64\jre\17.0.12-win32-x86_64\bin\nio.dll
0x00007ffe0dbb0000 - 0x00007ffe0dbc0000 	c:\Users\Admin\.vscode\extensions\redhat.java-1.35.1-win32-x64\jre\17.0.12-win32-x86_64\bin\verify.dll
0x00007ffe06650000 - 0x00007ffe06695000 	C:\Users\Admin\AppData\Roaming\Code\User\globalStorage\redhat.java\1.35.1\config_win\org.eclipse.equinox.launcher\org.eclipse.equinox.launcher.win32.win32.x86_64_1.2.1100.v20240722-2106\eclipse_11904.dll
0x00007ffe20710000 - 0x00007ffe2083b000 	C:\Windows\System32\ole32.dll
0x00007ffe1e3b0000 - 0x00007ffe1e3c8000 	C:\Windows\SYSTEM32\CRYPTSP.dll
0x00007ffe1da20000 - 0x00007ffe1da54000 	C:\Windows\system32\rsaenh.dll
0x00007ffe1e910000 - 0x00007ffe1e93e000 	C:\Windows\SYSTEM32\USERENV.dll
0x00007ffe1e2e0000 - 0x00007ffe1e2ec000 	C:\Windows\SYSTEM32\CRYPTBASE.dll
0x00007ffe1de00000 - 0x00007ffe1de3b000 	C:\Windows\SYSTEM32\IPHLPAPI.DLL
0x00007ffe20450000 - 0x00007ffe20458000 	C:\Windows\System32\NSI.dll
0x00007ffe17c50000 - 0x00007ffe17c67000 	C:\Windows\SYSTEM32\dhcpcsvc6.DLL
0x00007ffe17aa0000 - 0x00007ffe17abd000 	C:\Windows\SYSTEM32\dhcpcsvc.DLL
0x00007ffe1de40000 - 0x00007ffe1df0a000 	C:\Windows\SYSTEM32\DNSAPI.dll
0x00007ffe06570000 - 0x00007ffe065b9000 	C:\Users\Admin\AppData\Local\Temp\jna-63116079\jna10316654337738001429.dll
0x00007ffe20cc0000 - 0x00007ffe20cc8000 	C:\Windows\System32\PSAPI.DLL
0x00007ffde50d0000 - 0x00007ffde50f7000 	C:\Users\Admin\.gradle\native\68d5fa5c4cc2d200863cafc0d521ce42e7d3e7ee720ec0a83991735586a16f82\windows-amd64\native-platform.dll
0x00007ffe0cda0000 - 0x00007ffe0cda9000 	C:\Users\Admin\.vscode\extensions\redhat.java-1.35.1-win32-x64\jre\17.0.12-win32-x86_64\bin\management.dll
0x00007ffe0ca10000 - 0x00007ffe0ca1b000 	C:\Users\Admin\.vscode\extensions\redhat.java-1.35.1-win32-x64\jre\17.0.12-win32-x86_64\bin\management_ext.dll

dbghelp: loaded successfully - version: 4.0.5 - missing functions: none
symbol engine: initialized successfully - sym options: 0x614 - pdb path: .;c:\Users\Admin\.vscode\extensions\redhat.java-1.35.1-win32-x64\jre\17.0.12-win32-x86_64\bin;C:\Windows\SYSTEM32;C:\Windows\WinSxS\amd64_microsoft.windows.common-controls_6595b64144ccf1df_6.0.19041.4355_none_60b8b9eb71f62e16;c:\Users\Admin\.vscode\extensions\redhat.java-1.35.1-win32-x64\jre\17.0.12-win32-x86_64\bin\server;C:\Users\Admin\AppData\Roaming\Code\User\globalStorage\redhat.java\1.35.1\config_win\org.eclipse.equinox.launcher\org.eclipse.equinox.launcher.win32.win32.x86_64_1.2.1100.v20240722-2106;C:\Users\Admin\AppData\Local\Temp\jna-63116079;C:\Users\Admin\.gradle\native\68d5fa5c4cc2d200863cafc0d521ce42e7d3e7ee720ec0a83991735586a16f82\windows-amd64

VM Arguments:
jvm_args: --add-modules=ALL-SYSTEM --add-opens=java.base/java.util=ALL-UNNAMED --add-opens=java.base/java.lang=ALL-UNNAMED --add-opens=java.base/sun.nio.fs=ALL-UNNAMED -Declipse.application=org.eclipse.jdt.ls.core.id1 -Dosgi.bundles.defaultStartLevel=4 -Declipse.product=org.eclipse.jdt.ls.core.product -Djava.import.generatesMetadataFilesAtProjectRoot=false -DDetectVMInstallationsJob.disabled=true -Dfile.encoding=utf8 -XX:+UseParallelGC -XX:GCTimeRatio=4 -XX:AdaptiveSizePolicyWeight=90 -Dsun.zip.disableMemoryMapping=true -Xmx1G -Xms100m -Xlog:disable -javaagent:c:\Users\Admin\.vscode\extensions\redhat.java-1.35.1-win32-x64\lombok\lombok-1.18.33.jar -XX:+HeapDumpOnOutOfMemoryError -XX:HeapDumpPath=c:\Users\Admin\AppData\Roaming\Code\User\workspaceStorage\374db62d7145672f06f6dc5f6e6bb613\redhat.java -Daether.dependencyCollector.impl=bf 
java_command: c:\Users\Admin\.vscode\extensions\redhat.java-1.35.1-win32-x64\server\plugins\org.eclipse.equinox.launcher_1.6.900.v20240613-2009.jar -configuration c:\Users\Admin\AppData\Roaming\Code\User\globalStorage\redhat.java\1.35.1\config_win -data c:\Users\Admin\AppData\Roaming\Code\User\workspaceStorage\374db62d7145672f06f6dc5f6e6bb613\redhat.java\jdt_ws --pipe=\\.\pipe\lsp-ed66d30c3b4a97b2824a358926fd3fe4-sock
java_class_path (initial): c:\Users\Admin\.vscode\extensions\redhat.java-1.35.1-win32-x64\server\plugins\org.eclipse.equinox.launcher_1.6.900.v20240613-2009.jar
Launcher Type: SUN_STANDARD

[Global flags]
    uintx AdaptiveSizePolicyWeight                 = 90                                        {product} {command line}
     intx CICompilerCount                          = 4                                         {product} {ergonomic}
    uintx GCTimeRatio                              = 4                                         {product} {command line}
     bool HeapDumpOnOutOfMemoryError               = true                                   {manageable} {command line}
    ccstr HeapDumpPath                             = c:\Users\Admin\AppData\Roaming\Code\User\workspaceStorage\374db62d7145672f06f6dc5f6e6bb613\redhat.java         {manageable} {command line}
   size_t InitialHeapSize                          = 104857600                                 {product} {command line}
   size_t MaxHeapSize                              = 1073741824                                {product} {command line}
   size_t MaxNewSize                               = 357564416                                 {product} {ergonomic}
   size_t MinHeapDeltaBytes                        = 524288                                    {product} {ergonomic}
   size_t MinHeapSize                              = 104857600                                 {product} {command line}
   size_t NewSize                                  = 34603008                                  {product} {ergonomic}
    uintx NonNMethodCodeHeapSize                   = 5839372                                {pd product} {ergonomic}
    uintx NonProfiledCodeHeapSize                  = 122909434                              {pd product} {ergonomic}
   size_t OldSize                                  = 70254592                                  {product} {ergonomic}
    uintx ProfiledCodeHeapSize                     = 122909434                              {pd product} {ergonomic}
    uintx ReservedCodeCacheSize                    = 251658240                              {pd product} {ergonomic}
     bool SegmentedCodeCache                       = true                                      {product} {ergonomic}
   size_t SoftMaxHeapSize                          = 1073741824                             {manageable} {ergonomic}
     bool UseCompressedClassPointers               = true                           {product lp64_product} {ergonomic}
     bool UseCompressedOops                        = true                           {product lp64_product} {ergonomic}
     bool UseLargePagesIndividualAllocation        = false                                  {pd product} {ergonomic}
     bool UseParallelGC                            = true                                      {product} {command line}

Logging:
Log output configuration:
 #0: stdout all=off uptime,level,tags
 #1: stderr all=off uptime,level,tags

Environment Variables:
JAVA_HOME=C:\Program Files\Microsoft\jdk-17.0.10.7-hotspot\
PATH=C:\Program Files\Microsoft\jdk-17.0.10.7-hotspot\bin;C:\Windows\system32;C:\Windows;C:\Windows\System32\Wbem;C:\Windows\System32\WindowsPowerShell\v1.0\;C:\Windows\System32\OpenSSH\;C:\Program Files\OpenVPN\bin;C:\Program Files\nodejs\;C:\ProgramData\chocolatey\bin;C:\Program Files\Git\cmd;C:\php-8.3.7;C:\xampp\php;;C:\Program Files\Docker\Docker\resources\bin;C:\Users\Admin\Flutter\bin;C:\Users\Admin\AppData\Local\Programs\Python\Python310\Scripts\;C:\Users\Admin\AppData\Local\Programs\Python\Python310\;C:\Users\Admin\AppData\Local\Programs\Python\Python312\Scripts\;C:\Users\Admin\AppData\Local\Programs\Python\Python312\;C:\Users\Admin\AppData\Local\Programs\Python\Launcher\;C:\Users\Admin\AppData\Local\flutter\bin;C:\Users\Admin\AppData\Local\Microsoft\WindowsApps;C:\Users\Admin\AppData\Local\Programs\Microsoft VS Code\bin;C:\Users\Admin\AppData\Roaming\npm;C:\Users\Admin\AppData\Local\Android\Sdk\platform-tools;C:\msys64\ucrt64\bin;C:\php-8.3.7;C:\xampp\php;
USERNAME=Admin
OS=Windows_NT
PROCESSOR_IDENTIFIER=Intel64 Family 6 Model 140 Stepping 1, GenuineIntel
TMP=C:\Users\Admin\AppData\Local\Temp
TEMP=C:\Users\Admin\AppData\Local\Temp



Periodic native trim disabled


---------------  S Y S T E M  ---------------

OS:
 Windows 10 , 64 bit Build 19041 (10.0.19041.4842)
OS uptime: 0 days 0:36 hours
Hyper-V role detected

CPU: total 8 (initial active 8) (4 cores per cpu, 2 threads per core) family 6 model 140 stepping 1 microcode 0x86, cx8, cmov, fxsr, ht, mmx, 3dnowpref, sse, sse2, sse3, ssse3, sse4.1, sse4.2, popcnt, lzcnt, tsc, tscinvbit, avx, avx2, aes, erms, clmul, bmi1, bmi2, adx, avx512f, avx512dq, avx512cd, avx512bw, avx512vl, sha, fma, vzeroupper, avx512_vpopcntdq, avx512_vpclmulqdq, avx512_vaes, avx512_vnni, clflush, clflushopt, clwb, avx512_vbmi2, avx512_vbmi, hv
Processor Information for all 8 processors :
  Max Mhz: 2803, Current Mhz: 2803, Mhz Limit: 2803

Memory: 4k page, system-wide physical 16082M (3661M free)
TotalPageFile size 16082M (AvailPageFile size 4M)
current process WorkingSet (physical memory assigned to process): 260M, peak: 260M
current process commit charge ("private bytes"): 337M, peak: 340M

vm_info: OpenJDK 64-Bit Server VM (17.0.12+7) for windows-amd64 JRE (17.0.12+7), built on Jul 16 2024 22:08:24 by "admin" with MS VC++ 16.10 / 16.11 (VS2019)

END.
